{"E:\\RuoYi-Vue-master\\ruoyi-ui\\src\\permission.js": {"path":"E:\\RuoYi-Vue-master\\ruoyi-ui\\src\\permission.js","statementMap":{"0":{"start":{"line":10,"column":0},"end":{"line":10,"column":43}},"1":{"start":{"line":12,"column":18},"end":{"line":12,"column":41}},"2":{"start":{"line":14,"column":20},"end":{"line":16,"column":1}},"3":{"start":{"line":15,"column":2},"end":{"line":15,"column":62}},"4":{"start":{"line":15,"column":35},"end":{"line":15,"column":61}},"5":{"start":{"line":18,"column":0},"end":{"line":59,"column":2}},"6":{"start":{"line":19,"column":2},"end":{"line":19,"column":19}},"7":{"start":{"line":20,"column":2},"end":{"line":58,"column":3}},"8":{"start":{"line":21,"column":4},"end":{"line":21,"column":71}},"9":{"start":{"line":23,"column":4},"end":{"line":48,"column":5}},"10":{"start":{"line":24,"column":6},"end":{"line":24,"column":25}},"11":{"start":{"line":25,"column":6},"end":{"line":25,"column":22}},"12":{"start":{"line":26,"column":11},"end":{"line":48,"column":5}},"13":{"start":{"line":27,"column":6},"end":{"line":27,"column":12}},"14":{"start":{"line":29,"column":6},"end":{"line":47,"column":7}},"15":{"start":{"line":30,"column":8},"end":{"line":30,"column":29}},"16":{"start":{"line":32,"column":8},"end":{"line":44,"column":12}},"17":{"start":{"line":33,"column":10},"end":{"line":33,"column":32}},"18":{"start":{"line":34,"column":10},"end":{"line":38,"column":12}},"19":{"start":{"line":36,"column":12},"end":{"line":36,"column":42}},"20":{"start":{"line":37,"column":12},"end":{"line":37,"column":42}},"21":{"start":{"line":40,"column":12},"end":{"line":43,"column":14}},"22":{"start":{"line":41,"column":14},"end":{"line":41,"column":32}},"23":{"start":{"line":42,"column":14},"end":{"line":42,"column":33}},"24":{"start":{"line":46,"column":8},"end":{"line":46,"column":14}},"25":{"start":{"line":51,"column":4},"end":{"line":57,"column":5}},"26":{"start":{"line":53,"column":6},"end":{"line":53,"column":12}},"27":{"start":{"line":55,"column":6},"end":{"line":55,"column":64}},"28":{"start":{"line":56,"column":6},"end":{"line":56,"column":22}},"29":{"start":{"line":61,"column":0},"end":{"line":63,"column":2}},"30":{"start":{"line":62,"column":2},"end":{"line":62,"column":18}}},"fnMap":{"0":{"name":"(anonymous_0)","decl":{"start":{"line":14,"column":20},"end":{"line":14,"column":21}},"loc":{"start":{"line":14,"column":30},"end":{"line":16,"column":1}},"line":14},"1":{"name":"(anonymous_1)","decl":{"start":{"line":15,"column":24},"end":{"line":15,"column":25}},"loc":{"start":{"line":15,"column":35},"end":{"line":15,"column":61}},"line":15},"2":{"name":"(anonymous_2)","decl":{"start":{"line":18,"column":18},"end":{"line":18,"column":19}},"loc":{"start":{"line":18,"column":38},"end":{"line":59,"column":1}},"line":18},"3":{"name":"(anonymous_3)","decl":{"start":{"line":32,"column":39},"end":{"line":32,"column":40}},"loc":{"start":{"line":32,"column":45},"end":{"line":39,"column":9}},"line":32},"4":{"name":"(anonymous_4)","decl":{"start":{"line":34,"column":48},"end":{"line":34,"column":49}},"loc":{"start":{"line":34,"column":64},"end":{"line":38,"column":11}},"line":34},"5":{"name":"(anonymous_5)","decl":{"start":{"line":39,"column":17},"end":{"line":39,"column":18}},"loc":{"start":{"line":39,"column":24},"end":{"line":44,"column":11}},"line":39},"6":{"name":"(anonymous_6)","decl":{"start":{"line":40,"column":42},"end":{"line":40,"column":43}},"loc":{"start":{"line":40,"column":48},"end":{"line":43,"column":13}},"line":40},"7":{"name":"(anonymous_7)","decl":{"start":{"line":61,"column":17},"end":{"line":61,"column":18}},"loc":{"start":{"line":61,"column":23},"end":{"line":63,"column":1}},"line":61}},"branchMap":{"0":{"loc":{"start":{"line":20,"column":2},"end":{"line":58,"column":3}},"type":"if","locations":[{"start":{"line":20,"column":2},"end":{"line":58,"column":3}},{"start":{"line":49,"column":9},"end":{"line":58,"column":3}}],"line":20},"1":{"loc":{"start":{"line":21,"column":4},"end":{"line":21,"column":71}},"type":"binary-expr","locations":[{"start":{"line":21,"column":4},"end":{"line":21,"column":17}},{"start":{"line":21,"column":21},"end":{"line":21,"column":71}}],"line":21},"2":{"loc":{"start":{"line":23,"column":4},"end":{"line":48,"column":5}},"type":"if","locations":[{"start":{"line":23,"column":4},"end":{"line":48,"column":5}},{"start":{"line":26,"column":11},"end":{"line":48,"column":5}}],"line":23},"3":{"loc":{"start":{"line":26,"column":11},"end":{"line":48,"column":5}},"type":"if","locations":[{"start":{"line":26,"column":11},"end":{"line":48,"column":5}},{"start":{"line":28,"column":11},"end":{"line":48,"column":5}}],"line":26},"4":{"loc":{"start":{"line":29,"column":6},"end":{"line":47,"column":7}},"type":"if","locations":[{"start":{"line":29,"column":6},"end":{"line":47,"column":7}},{"start":{"line":45,"column":13},"end":{"line":47,"column":7}}],"line":29},"5":{"loc":{"start":{"line":51,"column":4},"end":{"line":57,"column":5}},"type":"if","locations":[{"start":{"line":51,"column":4},"end":{"line":57,"column":5}},{"start":{"line":54,"column":11},"end":{"line":57,"column":5}}],"line":51}},"s":{"0":0,"1":0,"2":0,"3":0,"4":0,"5":0,"6":0,"7":0,"8":0,"9":0,"10":0,"11":0,"12":0,"13":0,"14":0,"15":0,"16":0,"17":0,"18":0,"19":0,"20":0,"21":0,"22":0,"23":0,"24":0,"25":0,"26":0,"27":0,"28":0,"29":0,"30":0},"f":{"0":0,"1":0,"2":0,"3":0,"4":0,"5":0,"6":0,"7":0},"b":{"0":[0,0],"1":[0,0],"2":[0,0],"3":[0,0],"4":[0,0],"5":[0,0]}}
,"E:\\RuoYi-Vue-master\\ruoyi-ui\\src\\settings.js": {"path":"E:\\RuoYi-Vue-master\\ruoyi-ui\\src\\settings.js","statementMap":{"0":{"start":{"line":1,"column":0},"end":{"line":56,"column":1}}},"fnMap":{},"branchMap":{},"s":{"0":0},"f":{},"b":{}}
,"E:\\RuoYi-Vue-master\\ruoyi-ui\\src\\api\\login.js": {"path":"E:\\RuoYi-Vue-master\\ruoyi-ui\\src\\api\\login.js","statementMap":{"0":{"start":{"line":5,"column":15},"end":{"line":10,"column":3}},"1":{"start":{"line":11,"column":2},"end":{"line":19,"column":4}},"2":{"start":{"line":24,"column":2},"end":{"line":31,"column":4}},"3":{"start":{"line":36,"column":2},"end":{"line":39,"column":4}},"4":{"start":{"line":44,"column":2},"end":{"line":47,"column":4}},"5":{"start":{"line":52,"column":2},"end":{"line":59,"column":4}}},"fnMap":{"0":{"name":"login","decl":{"start":{"line":4,"column":16},"end":{"line":4,"column":21}},"loc":{"start":{"line":4,"column":54},"end":{"line":20,"column":1}},"line":4},"1":{"name":"register","decl":{"start":{"line":23,"column":16},"end":{"line":23,"column":24}},"loc":{"start":{"line":23,"column":31},"end":{"line":32,"column":1}},"line":23},"2":{"name":"getInfo","decl":{"start":{"line":35,"column":16},"end":{"line":35,"column":23}},"loc":{"start":{"line":35,"column":26},"end":{"line":40,"column":1}},"line":35},"3":{"name":"logout","decl":{"start":{"line":43,"column":16},"end":{"line":43,"column":22}},"loc":{"start":{"line":43,"column":25},"end":{"line":48,"column":1}},"line":43},"4":{"name":"getCodeImg","decl":{"start":{"line":51,"column":16},"end":{"line":51,"column":26}},"loc":{"start":{"line":51,"column":29},"end":{"line":60,"column":1}},"line":51}},"branchMap":{},"s":{"0":0,"1":0,"2":0,"3":0,"4":0,"5":0},"f":{"0":0,"1":0,"2":0,"3":0,"4":0},"b":{}}
,"E:\\RuoYi-Vue-master\\ruoyi-ui\\src\\api\\menu.js": {"path":"E:\\RuoYi-Vue-master\\ruoyi-ui\\src\\api\\menu.js","statementMap":{"0":{"start":{"line":4,"column":26},"end":{"line":9,"column":1}},"1":{"start":{"line":5,"column":2},"end":{"line":8,"column":4}}},"fnMap":{"0":{"name":"(anonymous_0)","decl":{"start":{"line":4,"column":26},"end":{"line":4,"column":27}},"loc":{"start":{"line":4,"column":32},"end":{"line":9,"column":1}},"line":4}},"branchMap":{},"s":{"0":0,"1":0},"f":{"0":0},"b":{}}
,"E:\\RuoYi-Vue-master\\ruoyi-ui\\src\\api\\monitor\\cache.js": {"path":"E:\\RuoYi-Vue-master\\ruoyi-ui\\src\\api\\monitor\\cache.js","statementMap":{"0":{"start":{"line":5,"column":2},"end":{"line":8,"column":4}},"1":{"start":{"line":13,"column":2},"end":{"line":16,"column":4}},"2":{"start":{"line":21,"column":2},"end":{"line":24,"column":4}},"3":{"start":{"line":29,"column":2},"end":{"line":32,"column":4}},"4":{"start":{"line":37,"column":2},"end":{"line":40,"column":4}},"5":{"start":{"line":45,"column":2},"end":{"line":48,"column":4}},"6":{"start":{"line":53,"column":2},"end":{"line":56,"column":4}}},"fnMap":{"0":{"name":"getCache","decl":{"start":{"line":4,"column":16},"end":{"line":4,"column":24}},"loc":{"start":{"line":4,"column":27},"end":{"line":9,"column":1}},"line":4},"1":{"name":"listCacheName","decl":{"start":{"line":12,"column":16},"end":{"line":12,"column":29}},"loc":{"start":{"line":12,"column":32},"end":{"line":17,"column":1}},"line":12},"2":{"name":"listCacheKey","decl":{"start":{"line":20,"column":16},"end":{"line":20,"column":28}},"loc":{"start":{"line":20,"column":40},"end":{"line":25,"column":1}},"line":20},"3":{"name":"getCacheValue","decl":{"start":{"line":28,"column":16},"end":{"line":28,"column":29}},"loc":{"start":{"line":28,"column":51},"end":{"line":33,"column":1}},"line":28},"4":{"name":"clearCacheName","decl":{"start":{"line":36,"column":16},"end":{"line":36,"column":30}},"loc":{"start":{"line":36,"column":42},"end":{"line":41,"column":1}},"line":36},"5":{"name":"clearCacheKey","decl":{"start":{"line":44,"column":16},"end":{"line":44,"column":29}},"loc":{"start":{"line":44,"column":40},"end":{"line":49,"column":1}},"line":44},"6":{"name":"clearCacheAll","decl":{"start":{"line":52,"column":16},"end":{"line":52,"column":29}},"loc":{"start":{"line":52,"column":32},"end":{"line":57,"column":1}},"line":52}},"branchMap":{},"s":{"0":0,"1":0,"2":0,"3":0,"4":0,"5":0,"6":0},"f":{"0":0,"1":0,"2":0,"3":0,"4":0,"5":0,"6":0},"b":{}}
,"E:\\RuoYi-Vue-master\\ruoyi-ui\\src\\api\\monitor\\job.js": {"path":"E:\\RuoYi-Vue-master\\ruoyi-ui\\src\\api\\monitor\\job.js","statementMap":{"0":{"start":{"line":5,"column":2},"end":{"line":9,"column":4}},"1":{"start":{"line":14,"column":2},"end":{"line":17,"column":4}},"2":{"start":{"line":22,"column":2},"end":{"line":26,"column":4}},"3":{"start":{"line":31,"column":2},"end":{"line":35,"column":4}},"4":{"start":{"line":40,"column":2},"end":{"line":43,"column":4}},"5":{"start":{"line":48,"column":15},"end":{"line":51,"column":3}},"6":{"start":{"line":52,"column":2},"end":{"line":56,"column":4}},"7":{"start":{"line":62,"column":15},"end":{"line":65,"column":3}},"8":{"start":{"line":66,"column":2},"end":{"line":70,"column":4}}},"fnMap":{"0":{"name":"listJob","decl":{"start":{"line":4,"column":16},"end":{"line":4,"column":23}},"loc":{"start":{"line":4,"column":31},"end":{"line":10,"column":1}},"line":4},"1":{"name":"getJob","decl":{"start":{"line":13,"column":16},"end":{"line":13,"column":22}},"loc":{"start":{"line":13,"column":30},"end":{"line":18,"column":1}},"line":13},"2":{"name":"addJob","decl":{"start":{"line":21,"column":16},"end":{"line":21,"column":22}},"loc":{"start":{"line":21,"column":29},"end":{"line":27,"column":1}},"line":21},"3":{"name":"updateJob","decl":{"start":{"line":30,"column":16},"end":{"line":30,"column":25}},"loc":{"start":{"line":30,"column":32},"end":{"line":36,"column":1}},"line":30},"4":{"name":"delJob","decl":{"start":{"line":39,"column":16},"end":{"line":39,"column":22}},"loc":{"start":{"line":39,"column":30},"end":{"line":44,"column":1}},"line":39},"5":{"name":"changeJobStatus","decl":{"start":{"line":47,"column":16},"end":{"line":47,"column":31}},"loc":{"start":{"line":47,"column":47},"end":{"line":57,"column":1}},"line":47},"6":{"name":"runJob","decl":{"start":{"line":61,"column":16},"end":{"line":61,"column":22}},"loc":{"start":{"line":61,"column":40},"end":{"line":71,"column":1}},"line":61}},"branchMap":{},"s":{"0":0,"1":0,"2":0,"3":0,"4":0,"5":0,"6":0,"7":0,"8":0},"f":{"0":0,"1":0,"2":0,"3":0,"4":0,"5":0,"6":0},"b":{}}
,"E:\\RuoYi-Vue-master\\ruoyi-ui\\src\\api\\monitor\\jobLog.js": {"path":"E:\\RuoYi-Vue-master\\ruoyi-ui\\src\\api\\monitor\\jobLog.js","statementMap":{"0":{"start":{"line":5,"column":2},"end":{"line":9,"column":4}},"1":{"start":{"line":14,"column":2},"end":{"line":17,"column":4}},"2":{"start":{"line":22,"column":2},"end":{"line":25,"column":4}}},"fnMap":{"0":{"name":"listJobLog","decl":{"start":{"line":4,"column":16},"end":{"line":4,"column":26}},"loc":{"start":{"line":4,"column":34},"end":{"line":10,"column":1}},"line":4},"1":{"name":"delJobLog","decl":{"start":{"line":13,"column":16},"end":{"line":13,"column":25}},"loc":{"start":{"line":13,"column":36},"end":{"line":18,"column":1}},"line":13},"2":{"name":"cleanJobLog","decl":{"start":{"line":21,"column":16},"end":{"line":21,"column":27}},"loc":{"start":{"line":21,"column":30},"end":{"line":26,"column":1}},"line":21}},"branchMap":{},"s":{"0":0,"1":0,"2":0},"f":{"0":0,"1":0,"2":0},"b":{}}
,"E:\\RuoYi-Vue-master\\ruoyi-ui\\src\\api\\monitor\\logininfor.js": {"path":"E:\\RuoYi-Vue-master\\ruoyi-ui\\src\\api\\monitor\\logininfor.js","statementMap":{"0":{"start":{"line":5,"column":2},"end":{"line":9,"column":4}},"1":{"start":{"line":14,"column":2},"end":{"line":17,"column":4}},"2":{"start":{"line":22,"column":2},"end":{"line":25,"column":4}},"3":{"start":{"line":30,"column":2},"end":{"line":33,"column":4}}},"fnMap":{"0":{"name":"list","decl":{"start":{"line":4,"column":16},"end":{"line":4,"column":20}},"loc":{"start":{"line":4,"column":28},"end":{"line":10,"column":1}},"line":4},"1":{"name":"delLogininfor","decl":{"start":{"line":13,"column":16},"end":{"line":13,"column":29}},"loc":{"start":{"line":13,"column":38},"end":{"line":18,"column":1}},"line":13},"2":{"name":"unlockLogininfor","decl":{"start":{"line":21,"column":16},"end":{"line":21,"column":32}},"loc":{"start":{"line":21,"column":43},"end":{"line":26,"column":1}},"line":21},"3":{"name":"cleanLogininfor","decl":{"start":{"line":29,"column":16},"end":{"line":29,"column":31}},"loc":{"start":{"line":29,"column":34},"end":{"line":34,"column":1}},"line":29}},"branchMap":{},"s":{"0":0,"1":0,"2":0,"3":0},"f":{"0":0,"1":0,"2":0,"3":0},"b":{}}
,"E:\\RuoYi-Vue-master\\ruoyi-ui\\src\\api\\monitor\\online.js": {"path":"E:\\RuoYi-Vue-master\\ruoyi-ui\\src\\api\\monitor\\online.js","statementMap":{"0":{"start":{"line":5,"column":2},"end":{"line":9,"column":4}},"1":{"start":{"line":14,"column":2},"end":{"line":17,"column":4}}},"fnMap":{"0":{"name":"list","decl":{"start":{"line":4,"column":16},"end":{"line":4,"column":20}},"loc":{"start":{"line":4,"column":28},"end":{"line":10,"column":1}},"line":4},"1":{"name":"forceLogout","decl":{"start":{"line":13,"column":16},"end":{"line":13,"column":27}},"loc":{"start":{"line":13,"column":37},"end":{"line":18,"column":1}},"line":13}},"branchMap":{},"s":{"0":0,"1":0},"f":{"0":0,"1":0},"b":{}}
,"E:\\RuoYi-Vue-master\\ruoyi-ui\\src\\api\\monitor\\operlog.js": {"path":"E:\\RuoYi-Vue-master\\ruoyi-ui\\src\\api\\monitor\\operlog.js","statementMap":{"0":{"start":{"line":5,"column":2},"end":{"line":9,"column":4}},"1":{"start":{"line":14,"column":2},"end":{"line":17,"column":4}},"2":{"start":{"line":22,"column":2},"end":{"line":25,"column":4}}},"fnMap":{"0":{"name":"list","decl":{"start":{"line":4,"column":16},"end":{"line":4,"column":20}},"loc":{"start":{"line":4,"column":28},"end":{"line":10,"column":1}},"line":4},"1":{"name":"delOperlog","decl":{"start":{"line":13,"column":16},"end":{"line":13,"column":26}},"loc":{"start":{"line":13,"column":35},"end":{"line":18,"column":1}},"line":13},"2":{"name":"cleanOperlog","decl":{"start":{"line":21,"column":16},"end":{"line":21,"column":28}},"loc":{"start":{"line":21,"column":31},"end":{"line":26,"column":1}},"line":21}},"branchMap":{},"s":{"0":0,"1":0,"2":0},"f":{"0":0,"1":0,"2":0},"b":{}}
,"E:\\RuoYi-Vue-master\\ruoyi-ui\\src\\api\\monitor\\server.js": {"path":"E:\\RuoYi-Vue-master\\ruoyi-ui\\src\\api\\monitor\\server.js","statementMap":{"0":{"start":{"line":5,"column":2},"end":{"line":8,"column":4}}},"fnMap":{"0":{"name":"getServer","decl":{"start":{"line":4,"column":16},"end":{"line":4,"column":25}},"loc":{"start":{"line":4,"column":28},"end":{"line":9,"column":1}},"line":4}},"branchMap":{},"s":{"0":0},"f":{"0":0},"b":{}}
,"E:\\RuoYi-Vue-master\\ruoyi-ui\\src\\api\\system\\config.js": {"path":"E:\\RuoYi-Vue-master\\ruoyi-ui\\src\\api\\system\\config.js","statementMap":{"0":{"start":{"line":5,"column":2},"end":{"line":9,"column":4}},"1":{"start":{"line":14,"column":2},"end":{"line":17,"column":4}},"2":{"start":{"line":22,"column":2},"end":{"line":25,"column":4}},"3":{"start":{"line":30,"column":2},"end":{"line":34,"column":4}},"4":{"start":{"line":39,"column":2},"end":{"line":43,"column":4}},"5":{"start":{"line":48,"column":2},"end":{"line":51,"column":4}},"6":{"start":{"line":56,"column":2},"end":{"line":59,"column":4}}},"fnMap":{"0":{"name":"listConfig","decl":{"start":{"line":4,"column":16},"end":{"line":4,"column":26}},"loc":{"start":{"line":4,"column":34},"end":{"line":10,"column":1}},"line":4},"1":{"name":"getConfig","decl":{"start":{"line":13,"column":16},"end":{"line":13,"column":25}},"loc":{"start":{"line":13,"column":36},"end":{"line":18,"column":1}},"line":13},"2":{"name":"getConfigKey","decl":{"start":{"line":21,"column":16},"end":{"line":21,"column":28}},"loc":{"start":{"line":21,"column":40},"end":{"line":26,"column":1}},"line":21},"3":{"name":"addConfig","decl":{"start":{"line":29,"column":16},"end":{"line":29,"column":25}},"loc":{"start":{"line":29,"column":32},"end":{"line":35,"column":1}},"line":29},"4":{"name":"updateConfig","decl":{"start":{"line":38,"column":16},"end":{"line":38,"column":28}},"loc":{"start":{"line":38,"column":35},"end":{"line":44,"column":1}},"line":38},"5":{"name":"delConfig","decl":{"start":{"line":47,"column":16},"end":{"line":47,"column":25}},"loc":{"start":{"line":47,"column":36},"end":{"line":52,"column":1}},"line":47},"6":{"name":"refreshCache","decl":{"start":{"line":55,"column":16},"end":{"line":55,"column":28}},"loc":{"start":{"line":55,"column":31},"end":{"line":60,"column":1}},"line":55}},"branchMap":{},"s":{"0":0,"1":0,"2":0,"3":0,"4":0,"5":0,"6":0},"f":{"0":0,"1":0,"2":0,"3":0,"4":0,"5":0,"6":0},"b":{}}
,"E:\\RuoYi-Vue-master\\ruoyi-ui\\src\\api\\system\\dept.js": {"path":"E:\\RuoYi-Vue-master\\ruoyi-ui\\src\\api\\system\\dept.js","statementMap":{"0":{"start":{"line":5,"column":2},"end":{"line":9,"column":4}},"1":{"start":{"line":14,"column":2},"end":{"line":17,"column":4}},"2":{"start":{"line":22,"column":2},"end":{"line":25,"column":4}},"3":{"start":{"line":30,"column":2},"end":{"line":34,"column":4}},"4":{"start":{"line":39,"column":2},"end":{"line":43,"column":4}},"5":{"start":{"line":48,"column":2},"end":{"line":51,"column":4}}},"fnMap":{"0":{"name":"listDept","decl":{"start":{"line":4,"column":16},"end":{"line":4,"column":24}},"loc":{"start":{"line":4,"column":32},"end":{"line":10,"column":1}},"line":4},"1":{"name":"listDeptExcludeChild","decl":{"start":{"line":13,"column":16},"end":{"line":13,"column":36}},"loc":{"start":{"line":13,"column":45},"end":{"line":18,"column":1}},"line":13},"2":{"name":"getDept","decl":{"start":{"line":21,"column":16},"end":{"line":21,"column":23}},"loc":{"start":{"line":21,"column":32},"end":{"line":26,"column":1}},"line":21},"3":{"name":"addDept","decl":{"start":{"line":29,"column":16},"end":{"line":29,"column":23}},"loc":{"start":{"line":29,"column":30},"end":{"line":35,"column":1}},"line":29},"4":{"name":"updateDept","decl":{"start":{"line":38,"column":16},"end":{"line":38,"column":26}},"loc":{"start":{"line":38,"column":33},"end":{"line":44,"column":1}},"line":38},"5":{"name":"delDept","decl":{"start":{"line":47,"column":16},"end":{"line":47,"column":23}},"loc":{"start":{"line":47,"column":32},"end":{"line":52,"column":1}},"line":47}},"branchMap":{},"s":{"0":0,"1":0,"2":0,"3":0,"4":0,"5":0},"f":{"0":0,"1":0,"2":0,"3":0,"4":0,"5":0},"b":{}}
,"E:\\RuoYi-Vue-master\\ruoyi-ui\\src\\api\\system\\menu.js": {"path":"E:\\RuoYi-Vue-master\\ruoyi-ui\\src\\api\\system\\menu.js","statementMap":{"0":{"start":{"line":5,"column":2},"end":{"line":9,"column":4}},"1":{"start":{"line":14,"column":2},"end":{"line":17,"column":4}},"2":{"start":{"line":22,"column":2},"end":{"line":25,"column":4}},"3":{"start":{"line":30,"column":2},"end":{"line":33,"column":4}},"4":{"start":{"line":38,"column":2},"end":{"line":42,"column":4}},"5":{"start":{"line":47,"column":2},"end":{"line":51,"column":4}},"6":{"start":{"line":56,"column":2},"end":{"line":59,"column":4}}},"fnMap":{"0":{"name":"listMenu","decl":{"start":{"line":4,"column":16},"end":{"line":4,"column":24}},"loc":{"start":{"line":4,"column":32},"end":{"line":10,"column":1}},"line":4},"1":{"name":"getMenu","decl":{"start":{"line":13,"column":16},"end":{"line":13,"column":23}},"loc":{"start":{"line":13,"column":32},"end":{"line":18,"column":1}},"line":13},"2":{"name":"treeselect","decl":{"start":{"line":21,"column":16},"end":{"line":21,"column":26}},"loc":{"start":{"line":21,"column":29},"end":{"line":26,"column":1}},"line":21},"3":{"name":"roleMenuTreeselect","decl":{"start":{"line":29,"column":16},"end":{"line":29,"column":34}},"loc":{"start":{"line":29,"column":43},"end":{"line":34,"column":1}},"line":29},"4":{"name":"addMenu","decl":{"start":{"line":37,"column":16},"end":{"line":37,"column":23}},"loc":{"start":{"line":37,"column":30},"end":{"line":43,"column":1}},"line":37},"5":{"name":"updateMenu","decl":{"start":{"line":46,"column":16},"end":{"line":46,"column":26}},"loc":{"start":{"line":46,"column":33},"end":{"line":52,"column":1}},"line":46},"6":{"name":"delMenu","decl":{"start":{"line":55,"column":16},"end":{"line":55,"column":23}},"loc":{"start":{"line":55,"column":32},"end":{"line":60,"column":1}},"line":55}},"branchMap":{},"s":{"0":0,"1":0,"2":0,"3":0,"4":0,"5":0,"6":0},"f":{"0":0,"1":0,"2":0,"3":0,"4":0,"5":0,"6":0},"b":{}}
,"E:\\RuoYi-Vue-master\\ruoyi-ui\\src\\api\\system\\notice.js": {"path":"E:\\RuoYi-Vue-master\\ruoyi-ui\\src\\api\\system\\notice.js","statementMap":{"0":{"start":{"line":5,"column":2},"end":{"line":9,"column":4}},"1":{"start":{"line":14,"column":2},"end":{"line":17,"column":4}},"2":{"start":{"line":22,"column":2},"end":{"line":26,"column":4}},"3":{"start":{"line":31,"column":2},"end":{"line":35,"column":4}},"4":{"start":{"line":40,"column":2},"end":{"line":43,"column":4}}},"fnMap":{"0":{"name":"listNotice","decl":{"start":{"line":4,"column":16},"end":{"line":4,"column":26}},"loc":{"start":{"line":4,"column":34},"end":{"line":10,"column":1}},"line":4},"1":{"name":"getNotice","decl":{"start":{"line":13,"column":16},"end":{"line":13,"column":25}},"loc":{"start":{"line":13,"column":36},"end":{"line":18,"column":1}},"line":13},"2":{"name":"addNotice","decl":{"start":{"line":21,"column":16},"end":{"line":21,"column":25}},"loc":{"start":{"line":21,"column":32},"end":{"line":27,"column":1}},"line":21},"3":{"name":"updateNotice","decl":{"start":{"line":30,"column":16},"end":{"line":30,"column":28}},"loc":{"start":{"line":30,"column":35},"end":{"line":36,"column":1}},"line":30},"4":{"name":"delNotice","decl":{"start":{"line":39,"column":16},"end":{"line":39,"column":25}},"loc":{"start":{"line":39,"column":36},"end":{"line":44,"column":1}},"line":39}},"branchMap":{},"s":{"0":0,"1":0,"2":0,"3":0,"4":0},"f":{"0":0,"1":0,"2":0,"3":0,"4":0},"b":{}}
,"E:\\RuoYi-Vue-master\\ruoyi-ui\\src\\api\\system\\post.js": {"path":"E:\\RuoYi-Vue-master\\ruoyi-ui\\src\\api\\system\\post.js","statementMap":{"0":{"start":{"line":5,"column":2},"end":{"line":9,"column":4}},"1":{"start":{"line":14,"column":2},"end":{"line":17,"column":4}},"2":{"start":{"line":22,"column":2},"end":{"line":26,"column":4}},"3":{"start":{"line":31,"column":2},"end":{"line":35,"column":4}},"4":{"start":{"line":40,"column":2},"end":{"line":43,"column":4}}},"fnMap":{"0":{"name":"listPost","decl":{"start":{"line":4,"column":16},"end":{"line":4,"column":24}},"loc":{"start":{"line":4,"column":32},"end":{"line":10,"column":1}},"line":4},"1":{"name":"getPost","decl":{"start":{"line":13,"column":16},"end":{"line":13,"column":23}},"loc":{"start":{"line":13,"column":32},"end":{"line":18,"column":1}},"line":13},"2":{"name":"addPost","decl":{"start":{"line":21,"column":16},"end":{"line":21,"column":23}},"loc":{"start":{"line":21,"column":30},"end":{"line":27,"column":1}},"line":21},"3":{"name":"updatePost","decl":{"start":{"line":30,"column":16},"end":{"line":30,"column":26}},"loc":{"start":{"line":30,"column":33},"end":{"line":36,"column":1}},"line":30},"4":{"name":"delPost","decl":{"start":{"line":39,"column":16},"end":{"line":39,"column":23}},"loc":{"start":{"line":39,"column":32},"end":{"line":44,"column":1}},"line":39}},"branchMap":{},"s":{"0":0,"1":0,"2":0,"3":0,"4":0},"f":{"0":0,"1":0,"2":0,"3":0,"4":0},"b":{}}
,"E:\\RuoYi-Vue-master\\ruoyi-ui\\src\\api\\system\\role.js": {"path":"E:\\RuoYi-Vue-master\\ruoyi-ui\\src\\api\\system\\role.js","statementMap":{"0":{"start":{"line":5,"column":2},"end":{"line":9,"column":4}},"1":{"start":{"line":14,"column":2},"end":{"line":17,"column":4}},"2":{"start":{"line":22,"column":2},"end":{"line":26,"column":4}},"3":{"start":{"line":31,"column":2},"end":{"line":35,"column":4}},"4":{"start":{"line":40,"column":2},"end":{"line":44,"column":4}},"5":{"start":{"line":49,"column":15},"end":{"line":52,"column":3}},"6":{"start":{"line":53,"column":2},"end":{"line":57,"column":4}},"7":{"start":{"line":62,"column":2},"end":{"line":65,"column":4}},"8":{"start":{"line":70,"column":2},"end":{"line":74,"column":4}},"9":{"start":{"line":79,"column":2},"end":{"line":83,"column":4}},"10":{"start":{"line":88,"column":2},"end":{"line":92,"column":4}},"11":{"start":{"line":97,"column":2},"end":{"line":101,"column":4}},"12":{"start":{"line":106,"column":2},"end":{"line":110,"column":4}},"13":{"start":{"line":115,"column":2},"end":{"line":118,"column":4}}},"fnMap":{"0":{"name":"listRole","decl":{"start":{"line":4,"column":16},"end":{"line":4,"column":24}},"loc":{"start":{"line":4,"column":32},"end":{"line":10,"column":1}},"line":4},"1":{"name":"getRole","decl":{"start":{"line":13,"column":16},"end":{"line":13,"column":23}},"loc":{"start":{"line":13,"column":32},"end":{"line":18,"column":1}},"line":13},"2":{"name":"addRole","decl":{"start":{"line":21,"column":16},"end":{"line":21,"column":23}},"loc":{"start":{"line":21,"column":30},"end":{"line":27,"column":1}},"line":21},"3":{"name":"updateRole","decl":{"start":{"line":30,"column":16},"end":{"line":30,"column":26}},"loc":{"start":{"line":30,"column":33},"end":{"line":36,"column":1}},"line":30},"4":{"name":"dataScope","decl":{"start":{"line":39,"column":16},"end":{"line":39,"column":25}},"loc":{"start":{"line":39,"column":32},"end":{"line":45,"column":1}},"line":39},"5":{"name":"changeRoleStatus","decl":{"start":{"line":48,"column":16},"end":{"line":48,"column":32}},"loc":{"start":{"line":48,"column":49},"end":{"line":58,"column":1}},"line":48},"6":{"name":"delRole","decl":{"start":{"line":61,"column":16},"end":{"line":61,"column":23}},"loc":{"start":{"line":61,"column":32},"end":{"line":66,"column":1}},"line":61},"7":{"name":"allocatedUserList","decl":{"start":{"line":69,"column":16},"end":{"line":69,"column":33}},"loc":{"start":{"line":69,"column":41},"end":{"line":75,"column":1}},"line":69},"8":{"name":"unallocatedUserList","decl":{"start":{"line":78,"column":16},"end":{"line":78,"column":35}},"loc":{"start":{"line":78,"column":43},"end":{"line":84,"column":1}},"line":78},"9":{"name":"authUserCancel","decl":{"start":{"line":87,"column":16},"end":{"line":87,"column":30}},"loc":{"start":{"line":87,"column":37},"end":{"line":93,"column":1}},"line":87},"10":{"name":"authUserCancelAll","decl":{"start":{"line":96,"column":16},"end":{"line":96,"column":33}},"loc":{"start":{"line":96,"column":40},"end":{"line":102,"column":1}},"line":96},"11":{"name":"authUserSelectAll","decl":{"start":{"line":105,"column":16},"end":{"line":105,"column":33}},"loc":{"start":{"line":105,"column":40},"end":{"line":111,"column":1}},"line":105},"12":{"name":"deptTreeSelect","decl":{"start":{"line":114,"column":16},"end":{"line":114,"column":30}},"loc":{"start":{"line":114,"column":39},"end":{"line":119,"column":1}},"line":114}},"branchMap":{},"s":{"0":0,"1":0,"2":0,"3":0,"4":0,"5":0,"6":0,"7":0,"8":0,"9":0,"10":0,"11":0,"12":0,"13":0},"f":{"0":0,"1":0,"2":0,"3":0,"4":0,"5":0,"6":0,"7":0,"8":0,"9":0,"10":0,"11":0,"12":0},"b":{}}
,"E:\\RuoYi-Vue-master\\ruoyi-ui\\src\\api\\system\\user.js": {"path":"E:\\RuoYi-Vue-master\\ruoyi-ui\\src\\api\\system\\user.js","statementMap":{"0":{"start":{"line":6,"column":2},"end":{"line":10,"column":4}},"1":{"start":{"line":15,"column":2},"end":{"line":18,"column":4}},"2":{"start":{"line":23,"column":2},"end":{"line":27,"column":4}},"3":{"start":{"line":32,"column":2},"end":{"line":36,"column":4}},"4":{"start":{"line":41,"column":2},"end":{"line":44,"column":4}},"5":{"start":{"line":49,"column":15},"end":{"line":52,"column":3}},"6":{"start":{"line":53,"column":2},"end":{"line":57,"column":4}},"7":{"start":{"line":62,"column":15},"end":{"line":65,"column":3}},"8":{"start":{"line":66,"column":2},"end":{"line":70,"column":4}},"9":{"start":{"line":75,"column":2},"end":{"line":78,"column":4}},"10":{"start":{"line":83,"column":2},"end":{"line":87,"column":4}},"11":{"start":{"line":92,"column":15},"end":{"line":95,"column":3}},"12":{"start":{"line":96,"column":2},"end":{"line":100,"column":4}},"13":{"start":{"line":105,"column":2},"end":{"line":110,"column":4}},"14":{"start":{"line":115,"column":2},"end":{"line":118,"column":4}},"15":{"start":{"line":123,"column":2},"end":{"line":127,"column":4}},"16":{"start":{"line":132,"column":2},"end":{"line":135,"column":4}}},"fnMap":{"0":{"name":"listUser","decl":{"start":{"line":5,"column":16},"end":{"line":5,"column":24}},"loc":{"start":{"line":5,"column":32},"end":{"line":11,"column":1}},"line":5},"1":{"name":"getUser","decl":{"start":{"line":14,"column":16},"end":{"line":14,"column":23}},"loc":{"start":{"line":14,"column":32},"end":{"line":19,"column":1}},"line":14},"2":{"name":"addUser","decl":{"start":{"line":22,"column":16},"end":{"line":22,"column":23}},"loc":{"start":{"line":22,"column":30},"end":{"line":28,"column":1}},"line":22},"3":{"name":"updateUser","decl":{"start":{"line":31,"column":16},"end":{"line":31,"column":26}},"loc":{"start":{"line":31,"column":33},"end":{"line":37,"column":1}},"line":31},"4":{"name":"delUser","decl":{"start":{"line":40,"column":16},"end":{"line":40,"column":23}},"loc":{"start":{"line":40,"column":32},"end":{"line":45,"column":1}},"line":40},"5":{"name":"resetUserPwd","decl":{"start":{"line":48,"column":16},"end":{"line":48,"column":28}},"loc":{"start":{"line":48,"column":47},"end":{"line":58,"column":1}},"line":48},"6":{"name":"changeUserStatus","decl":{"start":{"line":61,"column":16},"end":{"line":61,"column":32}},"loc":{"start":{"line":61,"column":49},"end":{"line":71,"column":1}},"line":61},"7":{"name":"getUserProfile","decl":{"start":{"line":74,"column":16},"end":{"line":74,"column":30}},"loc":{"start":{"line":74,"column":33},"end":{"line":79,"column":1}},"line":74},"8":{"name":"updateUserProfile","decl":{"start":{"line":82,"column":16},"end":{"line":82,"column":33}},"loc":{"start":{"line":82,"column":40},"end":{"line":88,"column":1}},"line":82},"9":{"name":"updateUserPwd","decl":{"start":{"line":91,"column":16},"end":{"line":91,"column":29}},"loc":{"start":{"line":91,"column":56},"end":{"line":101,"column":1}},"line":91},"10":{"name":"uploadAvatar","decl":{"start":{"line":104,"column":16},"end":{"line":104,"column":28}},"loc":{"start":{"line":104,"column":35},"end":{"line":111,"column":1}},"line":104},"11":{"name":"getAuthRole","decl":{"start":{"line":114,"column":16},"end":{"line":114,"column":27}},"loc":{"start":{"line":114,"column":36},"end":{"line":119,"column":1}},"line":114},"12":{"name":"updateAuthRole","decl":{"start":{"line":122,"column":16},"end":{"line":122,"column":30}},"loc":{"start":{"line":122,"column":37},"end":{"line":128,"column":1}},"line":122},"13":{"name":"deptTreeSelect","decl":{"start":{"line":131,"column":16},"end":{"line":131,"column":30}},"loc":{"start":{"line":131,"column":33},"end":{"line":136,"column":1}},"line":131}},"branchMap":{},"s":{"0":0,"1":0,"2":0,"3":0,"4":0,"5":0,"6":0,"7":0,"8":0,"9":0,"10":0,"11":0,"12":0,"13":0,"14":0,"15":0,"16":0},"f":{"0":0,"1":0,"2":0,"3":0,"4":0,"5":0,"6":0,"7":0,"8":0,"9":0,"10":0,"11":0,"12":0,"13":0},"b":{}}
,"E:\\RuoYi-Vue-master\\ruoyi-ui\\src\\api\\system\\dict\\data.js": {"path":"E:\\RuoYi-Vue-master\\ruoyi-ui\\src\\api\\system\\dict\\data.js","statementMap":{"0":{"start":{"line":5,"column":2},"end":{"line":9,"column":4}},"1":{"start":{"line":14,"column":2},"end":{"line":17,"column":4}},"2":{"start":{"line":22,"column":2},"end":{"line":25,"column":4}},"3":{"start":{"line":30,"column":2},"end":{"line":34,"column":4}},"4":{"start":{"line":39,"column":2},"end":{"line":43,"column":4}},"5":{"start":{"line":48,"column":2},"end":{"line":51,"column":4}}},"fnMap":{"0":{"name":"listData","decl":{"start":{"line":4,"column":16},"end":{"line":4,"column":24}},"loc":{"start":{"line":4,"column":32},"end":{"line":10,"column":1}},"line":4},"1":{"name":"getData","decl":{"start":{"line":13,"column":16},"end":{"line":13,"column":23}},"loc":{"start":{"line":13,"column":34},"end":{"line":18,"column":1}},"line":13},"2":{"name":"getDicts","decl":{"start":{"line":21,"column":16},"end":{"line":21,"column":24}},"loc":{"start":{"line":21,"column":35},"end":{"line":26,"column":1}},"line":21},"3":{"name":"addData","decl":{"start":{"line":29,"column":16},"end":{"line":29,"column":23}},"loc":{"start":{"line":29,"column":30},"end":{"line":35,"column":1}},"line":29},"4":{"name":"updateData","decl":{"start":{"line":38,"column":16},"end":{"line":38,"column":26}},"loc":{"start":{"line":38,"column":33},"end":{"line":44,"column":1}},"line":38},"5":{"name":"delData","decl":{"start":{"line":47,"column":16},"end":{"line":47,"column":23}},"loc":{"start":{"line":47,"column":34},"end":{"line":52,"column":1}},"line":47}},"branchMap":{},"s":{"0":0,"1":0,"2":0,"3":0,"4":0,"5":0},"f":{"0":0,"1":0,"2":0,"3":0,"4":0,"5":0},"b":{}}
,"E:\\RuoYi-Vue-master\\ruoyi-ui\\src\\api\\system\\dict\\type.js": {"path":"E:\\RuoYi-Vue-master\\ruoyi-ui\\src\\api\\system\\dict\\type.js","statementMap":{"0":{"start":{"line":5,"column":2},"end":{"line":9,"column":4}},"1":{"start":{"line":14,"column":2},"end":{"line":17,"column":4}},"2":{"start":{"line":22,"column":2},"end":{"line":26,"column":4}},"3":{"start":{"line":31,"column":2},"end":{"line":35,"column":4}},"4":{"start":{"line":40,"column":2},"end":{"line":43,"column":4}},"5":{"start":{"line":48,"column":2},"end":{"line":51,"column":4}},"6":{"start":{"line":56,"column":2},"end":{"line":59,"column":4}}},"fnMap":{"0":{"name":"listType","decl":{"start":{"line":4,"column":16},"end":{"line":4,"column":24}},"loc":{"start":{"line":4,"column":32},"end":{"line":10,"column":1}},"line":4},"1":{"name":"getType","decl":{"start":{"line":13,"column":16},"end":{"line":13,"column":23}},"loc":{"start":{"line":13,"column":32},"end":{"line":18,"column":1}},"line":13},"2":{"name":"addType","decl":{"start":{"line":21,"column":16},"end":{"line":21,"column":23}},"loc":{"start":{"line":21,"column":30},"end":{"line":27,"column":1}},"line":21},"3":{"name":"updateType","decl":{"start":{"line":30,"column":16},"end":{"line":30,"column":26}},"loc":{"start":{"line":30,"column":33},"end":{"line":36,"column":1}},"line":30},"4":{"name":"delType","decl":{"start":{"line":39,"column":16},"end":{"line":39,"column":23}},"loc":{"start":{"line":39,"column":32},"end":{"line":44,"column":1}},"line":39},"5":{"name":"refreshCache","decl":{"start":{"line":47,"column":16},"end":{"line":47,"column":28}},"loc":{"start":{"line":47,"column":31},"end":{"line":52,"column":1}},"line":47},"6":{"name":"optionselect","decl":{"start":{"line":55,"column":16},"end":{"line":55,"column":28}},"loc":{"start":{"line":55,"column":31},"end":{"line":60,"column":1}},"line":55}},"branchMap":{},"s":{"0":0,"1":0,"2":0,"3":0,"4":0,"5":0,"6":0},"f":{"0":0,"1":0,"2":0,"3":0,"4":0,"5":0,"6":0},"b":{}}
,"E:\\RuoYi-Vue-master\\ruoyi-ui\\src\\api\\tool\\gen.js": {"path":"E:\\RuoYi-Vue-master\\ruoyi-ui\\src\\api\\tool\\gen.js","statementMap":{"0":{"start":{"line":5,"column":2},"end":{"line":9,"column":4}},"1":{"start":{"line":13,"column":2},"end":{"line":17,"column":4}},"2":{"start":{"line":22,"column":2},"end":{"line":25,"column":4}},"3":{"start":{"line":30,"column":2},"end":{"line":34,"column":4}},"4":{"start":{"line":39,"column":2},"end":{"line":43,"column":4}},"5":{"start":{"line":48,"column":2},"end":{"line":52,"column":4}},"6":{"start":{"line":57,"column":2},"end":{"line":60,"column":4}},"7":{"start":{"line":65,"column":2},"end":{"line":68,"column":4}},"8":{"start":{"line":73,"column":2},"end":{"line":76,"column":4}},"9":{"start":{"line":81,"column":2},"end":{"line":84,"column":4}}},"fnMap":{"0":{"name":"listTable","decl":{"start":{"line":4,"column":16},"end":{"line":4,"column":25}},"loc":{"start":{"line":4,"column":33},"end":{"line":10,"column":1}},"line":4},"1":{"name":"listDbTable","decl":{"start":{"line":12,"column":16},"end":{"line":12,"column":27}},"loc":{"start":{"line":12,"column":35},"end":{"line":18,"column":1}},"line":12},"2":{"name":"getGenTable","decl":{"start":{"line":21,"column":16},"end":{"line":21,"column":27}},"loc":{"start":{"line":21,"column":37},"end":{"line":26,"column":1}},"line":21},"3":{"name":"updateGenTable","decl":{"start":{"line":29,"column":16},"end":{"line":29,"column":30}},"loc":{"start":{"line":29,"column":37},"end":{"line":35,"column":1}},"line":29},"4":{"name":"importTable","decl":{"start":{"line":38,"column":16},"end":{"line":38,"column":27}},"loc":{"start":{"line":38,"column":34},"end":{"line":44,"column":1}},"line":38},"5":{"name":"createTable","decl":{"start":{"line":47,"column":16},"end":{"line":47,"column":27}},"loc":{"start":{"line":47,"column":34},"end":{"line":53,"column":1}},"line":47},"6":{"name":"previewTable","decl":{"start":{"line":56,"column":16},"end":{"line":56,"column":28}},"loc":{"start":{"line":56,"column":38},"end":{"line":61,"column":1}},"line":56},"7":{"name":"delTable","decl":{"start":{"line":64,"column":16},"end":{"line":64,"column":24}},"loc":{"start":{"line":64,"column":34},"end":{"line":69,"column":1}},"line":64},"8":{"name":"genCode","decl":{"start":{"line":72,"column":16},"end":{"line":72,"column":23}},"loc":{"start":{"line":72,"column":35},"end":{"line":77,"column":1}},"line":72},"9":{"name":"synchDb","decl":{"start":{"line":80,"column":16},"end":{"line":80,"column":23}},"loc":{"start":{"line":80,"column":35},"end":{"line":85,"column":1}},"line":80}},"branchMap":{},"s":{"0":0,"1":0,"2":0,"3":0,"4":0,"5":0,"6":0,"7":0,"8":0,"9":0},"f":{"0":0,"1":0,"2":0,"3":0,"4":0,"5":0,"6":0,"7":0,"8":0,"9":0},"b":{}}
,"E:\\RuoYi-Vue-master\\ruoyi-ui\\src\\assets\\icons\\index.js": {"path":"E:\\RuoYi-Vue-master\\ruoyi-ui\\src\\assets\\icons\\index.js","statementMap":{"0":{"start":{"line":5,"column":0},"end":{"line":5,"column":34}},"1":{"start":{"line":7,"column":12},"end":{"line":7,"column":53}},"2":{"start":{"line":8,"column":19},"end":{"line":8,"column":78}},"3":{"start":{"line":8,"column":37},"end":{"line":8,"column":78}},"4":{"start":{"line":9,"column":0},"end":{"line":9,"column":15}}},"fnMap":{"0":{"name":"(anonymous_0)","decl":{"start":{"line":8,"column":19},"end":{"line":8,"column":20}},"loc":{"start":{"line":8,"column":37},"end":{"line":8,"column":78}},"line":8}},"branchMap":{},"s":{"0":0,"1":0,"2":0,"3":0,"4":0},"f":{"0":0},"b":{}}
,"E:\\RuoYi-Vue-master\\ruoyi-ui\\src\\components\\DictData\\index.js": {"path":"E:\\RuoYi-Vue-master\\ruoyi-ui\\src\\components\\DictData\\index.js","statementMap":{"0":{"start":{"line":7,"column":2},"end":{"line":9,"column":3}},"1":{"start":{"line":8,"column":4},"end":{"line":8,"column":15}},"2":{"start":{"line":10,"column":2},"end":{"line":18,"column":3}},"3":{"start":{"line":11,"column":4},"end":{"line":15,"column":5}},"4":{"start":{"line":11,"column":17},"end":{"line":11,"column":18}},"5":{"start":{"line":12,"column":6},"end":{"line":14,"column":7}},"6":{"start":{"line":13,"column":8},"end":{"line":13,"column":28}},"7":{"start":{"line":17,"column":4},"end":{"line":17,"column":15}},"8":{"start":{"line":22,"column":2},"end":{"line":44,"column":4}},"9":{"start":{"line":28,"column":28},"end":{"line":28,"column":78}},"10":{"start":{"line":29,"column":10},"end":{"line":40,"column":11}},"11":{"start":{"line":30,"column":12},"end":{"line":30,"column":65}},"12":{"start":{"line":30,"column":44},"end":{"line":30,"column":62}},"13":{"start":{"line":32,"column":12},"end":{"line":39,"column":14}},"14":{"start":{"line":33,"column":14},"end":{"line":38,"column":16}},"15":{"start":{"line":34,"column":16},"end":{"line":34,"column":87}},"16":{"start":{"line":35,"column":16},"end":{"line":35,"column":33}},"17":{"start":{"line":37,"column":16},"end":{"line":37,"column":29}}},"fnMap":{"0":{"name":"searchDictByKey","decl":{"start":{"line":6,"column":9},"end":{"line":6,"column":24}},"loc":{"start":{"line":6,"column":36},"end":{"line":19,"column":1}},"line":6},"1":{"name":"install","decl":{"start":{"line":21,"column":9},"end":{"line":21,"column":16}},"loc":{"start":{"line":21,"column":19},"end":{"line":45,"column":1}},"line":21},"2":{"name":"(anonymous_2)","decl":{"start":{"line":27,"column":8},"end":{"line":27,"column":9}},"loc":{"start":{"line":27,"column":26},"end":{"line":41,"column":9}},"line":27},"3":{"name":"(anonymous_3)","decl":{"start":{"line":30,"column":31},"end":{"line":30,"column":32}},"loc":{"start":{"line":30,"column":42},"end":{"line":30,"column":64}},"line":30},"4":{"name":"(anonymous_4)","decl":{"start":{"line":32,"column":31},"end":{"line":32,"column":32}},"loc":{"start":{"line":32,"column":52},"end":{"line":39,"column":13}},"line":32},"5":{"name":"(anonymous_5)","decl":{"start":{"line":33,"column":43},"end":{"line":33,"column":44}},"loc":{"start":{"line":33,"column":50},"end":{"line":36,"column":15}},"line":33},"6":{"name":"(anonymous_6)","decl":{"start":{"line":36,"column":23},"end":{"line":36,"column":24}},"loc":{"start":{"line":36,"column":32},"end":{"line":38,"column":15}},"line":36}},"branchMap":{"0":{"loc":{"start":{"line":7,"column":2},"end":{"line":9,"column":3}},"type":"if","locations":[{"start":{"line":7,"column":2},"end":{"line":9,"column":3}},{"start":{},"end":{}}],"line":7},"1":{"loc":{"start":{"line":7,"column":6},"end":{"line":7,"column":30}},"type":"binary-expr","locations":[{"start":{"line":7,"column":6},"end":{"line":7,"column":17}},{"start":{"line":7,"column":21},"end":{"line":7,"column":30}}],"line":7},"2":{"loc":{"start":{"line":12,"column":6},"end":{"line":14,"column":7}},"type":"if","locations":[{"start":{"line":12,"column":6},"end":{"line":14,"column":7}},{"start":{},"end":{}}],"line":12},"3":{"loc":{"start":{"line":29,"column":10},"end":{"line":40,"column":11}},"type":"if","locations":[{"start":{"line":29,"column":10},"end":{"line":40,"column":11}},{"start":{"line":31,"column":17},"end":{"line":40,"column":11}}],"line":29}},"s":{"0":0,"1":0,"2":0,"3":0,"4":0,"5":0,"6":0,"7":0,"8":0,"9":0,"10":0,"11":0,"12":0,"13":0,"14":0,"15":0,"16":0,"17":0},"f":{"0":0,"1":0,"2":0,"3":0,"4":0,"5":0,"6":0},"b":{"0":[0,0],"1":[0,0],"2":[0,0],"3":[0,0]}}
,"E:\\RuoYi-Vue-master\\ruoyi-ui\\src\\components\\IconSelect\\requireIcons.js": {"path":"E:\\RuoYi-Vue-master\\ruoyi-ui\\src\\components\\IconSelect\\requireIcons.js","statementMap":{"0":{"start":{"line":2,"column":12},"end":{"line":2,"column":70}},"1":{"start":{"line":3,"column":19},"end":{"line":3,"column":58}},"2":{"start":{"line":3,"column":37},"end":{"line":3,"column":58}},"3":{"start":{"line":5,"column":11},"end":{"line":5,"column":26}},"4":{"start":{"line":7,"column":14},"end":{"line":9,"column":2}},"5":{"start":{"line":8,"column":2},"end":{"line":8,"column":23}}},"fnMap":{"0":{"name":"(anonymous_0)","decl":{"start":{"line":3,"column":19},"end":{"line":3,"column":20}},"loc":{"start":{"line":3,"column":37},"end":{"line":3,"column":58}},"line":3},"1":{"name":"(anonymous_1)","decl":{"start":{"line":7,"column":34},"end":{"line":7,"column":35}},"loc":{"start":{"line":7,"column":39},"end":{"line":9,"column":1}},"line":7}},"branchMap":{},"s":{"0":0,"1":0,"2":0,"3":0,"4":0,"5":0},"f":{"0":0,"1":0},"b":{}}
,"E:\\RuoYi-Vue-master\\ruoyi-ui\\src\\directive\\index.js": {"path":"E:\\RuoYi-Vue-master\\ruoyi-ui\\src\\directive\\index.js","statementMap":{"0":{"start":{"line":8,"column":16},"end":{"line":15,"column":1}},"1":{"start":{"line":9,"column":2},"end":{"line":9,"column":35}},"2":{"start":{"line":10,"column":2},"end":{"line":10,"column":37}},"3":{"start":{"line":11,"column":2},"end":{"line":11,"column":39}},"4":{"start":{"line":12,"column":2},"end":{"line":12,"column":41}},"5":{"start":{"line":13,"column":2},"end":{"line":13,"column":51}},"6":{"start":{"line":14,"column":2},"end":{"line":14,"column":53}},"7":{"start":{"line":17,"column":0},"end":{"line":21,"column":1}},"8":{"start":{"line":18,"column":2},"end":{"line":18,"column":29}},"9":{"start":{"line":19,"column":2},"end":{"line":19,"column":31}},"10":{"start":{"line":20,"column":2},"end":{"line":20,"column":18}}},"fnMap":{"0":{"name":"(anonymous_0)","decl":{"start":{"line":8,"column":16},"end":{"line":8,"column":17}},"loc":{"start":{"line":8,"column":30},"end":{"line":15,"column":1}},"line":8}},"branchMap":{"0":{"loc":{"start":{"line":17,"column":0},"end":{"line":21,"column":1}},"type":"if","locations":[{"start":{"line":17,"column":0},"end":{"line":21,"column":1}},{"start":{},"end":{}}],"line":17}},"s":{"0":0,"1":0,"2":0,"3":0,"4":0,"5":0,"6":0,"7":0,"8":0,"9":0,"10":0},"f":{"0":0},"b":{"0":[0,0]}}
,"E:\\RuoYi-Vue-master\\ruoyi-ui\\src\\directive\\dialog\\drag.js": {"path":"E:\\RuoYi-Vue-master\\ruoyi-ui\\src\\directive\\dialog\\drag.js","statementMap":{"0":{"start":{"line":8,"column":18},"end":{"line":8,"column":31}},"1":{"start":{"line":9,"column":4},"end":{"line":9,"column":30}},"2":{"start":{"line":9,"column":24},"end":{"line":9,"column":30}},"3":{"start":{"line":11,"column":27},"end":{"line":11,"column":65}},"4":{"start":{"line":12,"column":20},"end":{"line":12,"column":50}},"5":{"start":{"line":13,"column":4},"end":{"line":13,"column":40}},"6":{"start":{"line":15,"column":16},"end":{"line":15,"column":78}},"7":{"start":{"line":16,"column":4},"end":{"line":16,"column":39}},"8":{"start":{"line":17,"column":4},"end":{"line":17,"column":31}},"9":{"start":{"line":18,"column":16},"end":{"line":18,"column":35}},"10":{"start":{"line":19,"column":4},"end":{"line":23,"column":5}},"11":{"start":{"line":20,"column":6},"end":{"line":20,"column":76}},"12":{"start":{"line":22,"column":6},"end":{"line":22,"column":40}},"13":{"start":{"line":24,"column":4},"end":{"line":24,"column":71}},"14":{"start":{"line":26,"column":4},"end":{"line":62,"column":5}},"15":{"start":{"line":28,"column":19},"end":{"line":28,"column":56}},"16":{"start":{"line":29,"column":19},"end":{"line":29,"column":55}},"17":{"start":{"line":35,"column":6},"end":{"line":41,"column":7}},"18":{"start":{"line":36,"column":8},"end":{"line":36,"column":80}},"19":{"start":{"line":37,"column":8},"end":{"line":37,"column":80}},"20":{"start":{"line":39,"column":8},"end":{"line":39,"column":44}},"21":{"start":{"line":40,"column":8},"end":{"line":40,"column":43}},"22":{"start":{"line":44,"column":6},"end":{"line":56,"column":7}},"23":{"start":{"line":46,"column":18},"end":{"line":46,"column":34}},"24":{"start":{"line":47,"column":18},"end":{"line":47,"column":34}},"25":{"start":{"line":49,"column":23},"end":{"line":49,"column":31}},"26":{"start":{"line":50,"column":23},"end":{"line":50,"column":31}},"27":{"start":{"line":53,"column":8},"end":{"line":53,"column":44}},"28":{"start":{"line":54,"column":8},"end":{"line":54,"column":43}},"29":{"start":{"line":58,"column":6},"end":{"line":61,"column":7}},"30":{"start":{"line":59,"column":8},"end":{"line":59,"column":35}},"31":{"start":{"line":60,"column":8},"end":{"line":60,"column":33}}},"fnMap":{"0":{"name":"(anonymous_0)","decl":{"start":{"line":7,"column":2},"end":{"line":7,"column":3}},"loc":{"start":{"line":7,"column":37},"end":{"line":63,"column":3}},"line":7},"1":{"name":"(anonymous_1)","decl":{"start":{"line":26,"column":33},"end":{"line":26,"column":34}},"loc":{"start":{"line":26,"column":40},"end":{"line":62,"column":5}},"line":26},"2":{"name":"(anonymous_2)","decl":{"start":{"line":44,"column":29},"end":{"line":44,"column":30}},"loc":{"start":{"line":44,"column":42},"end":{"line":56,"column":7}},"line":44},"3":{"name":"(anonymous_3)","decl":{"start":{"line":58,"column":27},"end":{"line":58,"column":28}},"loc":{"start":{"line":58,"column":40},"end":{"line":61,"column":7}},"line":58}},"branchMap":{"0":{"loc":{"start":{"line":9,"column":4},"end":{"line":9,"column":30}},"type":"if","locations":[{"start":{"line":9,"column":4},"end":{"line":9,"column":30}},{"start":{},"end":{}}],"line":9},"1":{"loc":{"start":{"line":15,"column":16},"end":{"line":15,"column":78}},"type":"binary-expr","locations":[{"start":{"line":15,"column":16},"end":{"line":15,"column":36}},{"start":{"line":15,"column":40},"end":{"line":15,"column":78}}],"line":15},"2":{"loc":{"start":{"line":19,"column":4},"end":{"line":23,"column":5}},"type":"if","locations":[{"start":{"line":19,"column":4},"end":{"line":23,"column":5}},{"start":{"line":21,"column":11},"end":{"line":23,"column":5}}],"line":19},"3":{"loc":{"start":{"line":35,"column":6},"end":{"line":41,"column":7}},"type":"if","locations":[{"start":{"line":35,"column":6},"end":{"line":41,"column":7}},{"start":{"line":38,"column":13},"end":{"line":41,"column":7}}],"line":35}},"s":{"0":0,"1":0,"2":0,"3":0,"4":0,"5":0,"6":0,"7":0,"8":0,"9":0,"10":0,"11":0,"12":0,"13":0,"14":0,"15":0,"16":0,"17":0,"18":0,"19":0,"20":0,"21":0,"22":0,"23":0,"24":0,"25":0,"26":0,"27":0,"28":0,"29":0,"30":0,"31":0},"f":{"0":0,"1":0,"2":0,"3":0},"b":{"0":[0,0],"1":[0,0],"2":[0,0],"3":[0,0]}}
,"E:\\RuoYi-Vue-master\\ruoyi-ui\\src\\directive\\dialog\\dragHeight.js": {"path":"E:\\RuoYi-Vue-master\\ruoyi-ui\\src\\directive\\dialog\\dragHeight.js","statementMap":{"0":{"start":{"line":8,"column":20},"end":{"line":8,"column":50}},"1":{"start":{"line":9,"column":19},"end":{"line":9,"column":48}},"2":{"start":{"line":10,"column":4},"end":{"line":10,"column":155}},"3":{"start":{"line":11,"column":4},"end":{"line":31,"column":15}},"4":{"start":{"line":14,"column":21},"end":{"line":14,"column":46}},"5":{"start":{"line":15,"column":21},"end":{"line":15,"column":45}},"6":{"start":{"line":17,"column":25},"end":{"line":17,"column":44}},"7":{"start":{"line":18,"column":26},"end":{"line":18,"column":46}},"8":{"start":{"line":19,"column":8},"end":{"line":26,"column":9}},"9":{"start":{"line":20,"column":10},"end":{"line":20,"column":28}},"10":{"start":{"line":22,"column":21},"end":{"line":22,"column":37}},"11":{"start":{"line":23,"column":21},"end":{"line":23,"column":37}},"12":{"start":{"line":24,"column":10},"end":{"line":24,"column":52}},"13":{"start":{"line":25,"column":10},"end":{"line":25,"column":54}},"14":{"start":{"line":27,"column":8},"end":{"line":30,"column":9}},"15":{"start":{"line":28,"column":10},"end":{"line":28,"column":37}},"16":{"start":{"line":29,"column":10},"end":{"line":29,"column":35}},"17":{"start":{"line":32,"column":4},"end":{"line":32,"column":31}}},"fnMap":{"0":{"name":"(anonymous_0)","decl":{"start":{"line":7,"column":2},"end":{"line":7,"column":3}},"loc":{"start":{"line":7,"column":11},"end":{"line":33,"column":3}},"line":7},"1":{"name":"(anonymous_1)","decl":{"start":{"line":12,"column":6},"end":{"line":12,"column":7}},"loc":{"start":{"line":12,"column":18},"end":{"line":31,"column":7}},"line":12},"2":{"name":"(anonymous_2)","decl":{"start":{"line":19,"column":31},"end":{"line":19,"column":32}},"loc":{"start":{"line":19,"column":43},"end":{"line":26,"column":9}},"line":19},"3":{"name":"(anonymous_3)","decl":{"start":{"line":27,"column":29},"end":{"line":27,"column":30}},"loc":{"start":{"line":27,"column":41},"end":{"line":30,"column":9}},"line":27}},"branchMap":{},"s":{"0":0,"1":0,"2":0,"3":0,"4":0,"5":0,"6":0,"7":0,"8":0,"9":0,"10":0,"11":0,"12":0,"13":0,"14":0,"15":0,"16":0,"17":0},"f":{"0":0,"1":0,"2":0,"3":0},"b":{}}
,"E:\\RuoYi-Vue-master\\ruoyi-ui\\src\\directive\\dialog\\dragWidth.js": {"path":"E:\\RuoYi-Vue-master\\ruoyi-ui\\src\\directive\\dialog\\dragWidth.js","statementMap":{"0":{"start":{"line":8,"column":20},"end":{"line":8,"column":50}},"1":{"start":{"line":9,"column":19},"end":{"line":9,"column":48}},"2":{"start":{"line":10,"column":4},"end":{"line":10,"column":159}},"3":{"start":{"line":11,"column":4},"end":{"line":27,"column":15}},"4":{"start":{"line":14,"column":21},"end":{"line":14,"column":46}},"5":{"start":{"line":16,"column":25},"end":{"line":16,"column":44}},"6":{"start":{"line":17,"column":8},"end":{"line":22,"column":9}},"7":{"start":{"line":18,"column":10},"end":{"line":18,"column":28}},"8":{"start":{"line":20,"column":20},"end":{"line":20,"column":36}},"9":{"start":{"line":21,"column":10},"end":{"line":21,"column":51}},"10":{"start":{"line":23,"column":8},"end":{"line":26,"column":9}},"11":{"start":{"line":24,"column":10},"end":{"line":24,"column":37}},"12":{"start":{"line":25,"column":10},"end":{"line":25,"column":35}},"13":{"start":{"line":28,"column":4},"end":{"line":28,"column":31}}},"fnMap":{"0":{"name":"(anonymous_0)","decl":{"start":{"line":7,"column":2},"end":{"line":7,"column":3}},"loc":{"start":{"line":7,"column":11},"end":{"line":29,"column":3}},"line":7},"1":{"name":"(anonymous_1)","decl":{"start":{"line":12,"column":6},"end":{"line":12,"column":7}},"loc":{"start":{"line":12,"column":19},"end":{"line":27,"column":7}},"line":12},"2":{"name":"(anonymous_2)","decl":{"start":{"line":17,"column":31},"end":{"line":17,"column":32}},"loc":{"start":{"line":17,"column":44},"end":{"line":22,"column":9}},"line":17},"3":{"name":"(anonymous_3)","decl":{"start":{"line":23,"column":29},"end":{"line":23,"column":30}},"loc":{"start":{"line":23,"column":42},"end":{"line":26,"column":9}},"line":23}},"branchMap":{},"s":{"0":0,"1":0,"2":0,"3":0,"4":0,"5":0,"6":0,"7":0,"8":0,"9":0,"10":0,"11":0,"12":0,"13":0},"f":{"0":0,"1":0,"2":0,"3":0},"b":{}}
,"E:\\RuoYi-Vue-master\\ruoyi-ui\\src\\directive\\module\\clipboard.js": {"path":"E:\\RuoYi-Vue-master\\ruoyi-ui\\src\\directive\\module\\clipboard.js","statementMap":{"0":{"start":{"line":9,"column":4},"end":{"line":31,"column":5}},"1":{"start":{"line":11,"column":8},"end":{"line":11,"column":46}},"2":{"start":{"line":12,"column":8},"end":{"line":12,"column":13}},"3":{"start":{"line":14,"column":8},"end":{"line":14,"column":44}},"4":{"start":{"line":15,"column":8},"end":{"line":15,"column":13}},"5":{"start":{"line":17,"column":26},"end":{"line":20,"column":10}},"6":{"start":{"line":18,"column":22},"end":{"line":18,"column":35}},"7":{"start":{"line":19,"column":24},"end":{"line":19,"column":62}},"8":{"start":{"line":21,"column":8},"end":{"line":24,"column":10}},"9":{"start":{"line":22,"column":27},"end":{"line":22,"column":49}},"10":{"start":{"line":23,"column":10},"end":{"line":23,"column":33}},"11":{"start":{"line":25,"column":8},"end":{"line":28,"column":10}},"12":{"start":{"line":26,"column":27},"end":{"line":26,"column":47}},"13":{"start":{"line":27,"column":10},"end":{"line":27,"column":33}},"14":{"start":{"line":29,"column":8},"end":{"line":29,"column":34}},"15":{"start":{"line":34,"column":4},"end":{"line":41,"column":5}},"16":{"start":{"line":35,"column":6},"end":{"line":35,"column":44}},"17":{"start":{"line":36,"column":11},"end":{"line":41,"column":5}},"18":{"start":{"line":37,"column":6},"end":{"line":37,"column":42}},"19":{"start":{"line":39,"column":6},"end":{"line":39,"column":64}},"20":{"start":{"line":39,"column":42},"end":{"line":39,"column":62}},"21":{"start":{"line":40,"column":6},"end":{"line":40,"column":74}},"22":{"start":{"line":40,"column":36},"end":{"line":40,"column":74}},"23":{"start":{"line":44,"column":4},"end":{"line":44,"column":31}},"24":{"start":{"line":44,"column":25},"end":{"line":44,"column":31}},"25":{"start":{"line":45,"column":4},"end":{"line":52,"column":5}},"26":{"start":{"line":46,"column":6},"end":{"line":46,"column":35}},"27":{"start":{"line":47,"column":11},"end":{"line":52,"column":5}},"28":{"start":{"line":48,"column":6},"end":{"line":48,"column":33}},"29":{"start":{"line":50,"column":6},"end":{"line":50,"column":30}},"30":{"start":{"line":51,"column":6},"end":{"line":51,"column":27}}},"fnMap":{"0":{"name":"(anonymous_0)","decl":{"start":{"line":8,"column":2},"end":{"line":8,"column":3}},"loc":{"start":{"line":8,"column":27},"end":{"line":32,"column":3}},"line":8},"1":{"name":"(anonymous_1)","decl":{"start":{"line":18,"column":16},"end":{"line":18,"column":17}},"loc":{"start":{"line":18,"column":22},"end":{"line":18,"column":35}},"line":18},"2":{"name":"(anonymous_2)","decl":{"start":{"line":19,"column":18},"end":{"line":19,"column":19}},"loc":{"start":{"line":19,"column":24},"end":{"line":19,"column":62}},"line":19},"3":{"name":"(anonymous_3)","decl":{"start":{"line":21,"column":32},"end":{"line":21,"column":33}},"loc":{"start":{"line":21,"column":37},"end":{"line":24,"column":9}},"line":21},"4":{"name":"(anonymous_4)","decl":{"start":{"line":25,"column":30},"end":{"line":25,"column":31}},"loc":{"start":{"line":25,"column":35},"end":{"line":28,"column":9}},"line":25},"5":{"name":"(anonymous_5)","decl":{"start":{"line":33,"column":2},"end":{"line":33,"column":3}},"loc":{"start":{"line":33,"column":22},"end":{"line":42,"column":3}},"line":33},"6":{"name":"(anonymous_6)","decl":{"start":{"line":39,"column":28},"end":{"line":39,"column":29}},"loc":{"start":{"line":39,"column":40},"end":{"line":39,"column":64}},"line":39},"7":{"name":"(anonymous_7)","decl":{"start":{"line":40,"column":30},"end":{"line":40,"column":31}},"loc":{"start":{"line":40,"column":36},"end":{"line":40,"column":74}},"line":40},"8":{"name":"(anonymous_8)","decl":{"start":{"line":43,"column":2},"end":{"line":43,"column":3}},"loc":{"start":{"line":43,"column":22},"end":{"line":53,"column":3}},"line":43}},"branchMap":{"0":{"loc":{"start":{"line":9,"column":4},"end":{"line":31,"column":5}},"type":"switch","locations":[{"start":{"line":10,"column":6},"end":{"line":12,"column":13}},{"start":{"line":13,"column":6},"end":{"line":15,"column":13}},{"start":{"line":16,"column":6},"end":{"line":30,"column":7}}],"line":9},"1":{"loc":{"start":{"line":19,"column":24},"end":{"line":19,"column":62}},"type":"cond-expr","locations":[{"start":{"line":19,"column":48},"end":{"line":19,"column":53}},{"start":{"line":19,"column":56},"end":{"line":19,"column":62}}],"line":19},"2":{"loc":{"start":{"line":23,"column":10},"end":{"line":23,"column":33}},"type":"binary-expr","locations":[{"start":{"line":23,"column":10},"end":{"line":23,"column":18}},{"start":{"line":23,"column":22},"end":{"line":23,"column":33}}],"line":23},"3":{"loc":{"start":{"line":27,"column":10},"end":{"line":27,"column":33}},"type":"binary-expr","locations":[{"start":{"line":27,"column":10},"end":{"line":27,"column":18}},{"start":{"line":27,"column":22},"end":{"line":27,"column":33}}],"line":27},"4":{"loc":{"start":{"line":34,"column":4},"end":{"line":41,"column":5}},"type":"if","locations":[{"start":{"line":34,"column":4},"end":{"line":41,"column":5}},{"start":{"line":36,"column":11},"end":{"line":41,"column":5}}],"line":34},"5":{"loc":{"start":{"line":36,"column":11},"end":{"line":41,"column":5}},"type":"if","locations":[{"start":{"line":36,"column":11},"end":{"line":41,"column":5}},{"start":{"line":38,"column":11},"end":{"line":41,"column":5}}],"line":36},"6":{"loc":{"start":{"line":40,"column":36},"end":{"line":40,"column":74}},"type":"cond-expr","locations":[{"start":{"line":40,"column":60},"end":{"line":40,"column":65}},{"start":{"line":40,"column":68},"end":{"line":40,"column":74}}],"line":40},"7":{"loc":{"start":{"line":44,"column":4},"end":{"line":44,"column":31}},"type":"if","locations":[{"start":{"line":44,"column":4},"end":{"line":44,"column":31}},{"start":{},"end":{}}],"line":44},"8":{"loc":{"start":{"line":45,"column":4},"end":{"line":52,"column":5}},"type":"if","locations":[{"start":{"line":45,"column":4},"end":{"line":52,"column":5}},{"start":{"line":47,"column":11},"end":{"line":52,"column":5}}],"line":45},"9":{"loc":{"start":{"line":47,"column":11},"end":{"line":52,"column":5}},"type":"if","locations":[{"start":{"line":47,"column":11},"end":{"line":52,"column":5}},{"start":{"line":49,"column":11},"end":{"line":52,"column":5}}],"line":47}},"s":{"0":0,"1":0,"2":0,"3":0,"4":0,"5":0,"6":0,"7":0,"8":0,"9":0,"10":0,"11":0,"12":0,"13":0,"14":0,"15":0,"16":0,"17":0,"18":0,"19":0,"20":0,"21":0,"22":0,"23":0,"24":0,"25":0,"26":0,"27":0,"28":0,"29":0,"30":0},"f":{"0":0,"1":0,"2":0,"3":0,"4":0,"5":0,"6":0,"7":0,"8":0},"b":{"0":[0,0,0],"1":[0,0],"2":[0,0],"3":[0,0],"4":[0,0],"5":[0,0],"6":[0,0],"7":[0,0],"8":[0,0],"9":[0,0]}}
,"E:\\RuoYi-Vue-master\\ruoyi-ui\\src\\directive\\permission\\hasPermi.js": {"path":"E:\\RuoYi-Vue-master\\ruoyi-ui\\src\\directive\\permission\\hasPermi.js","statementMap":{"0":{"start":{"line":10,"column":22},"end":{"line":10,"column":29}},"1":{"start":{"line":11,"column":27},"end":{"line":11,"column":34}},"2":{"start":{"line":12,"column":24},"end":{"line":12,"column":66}},"3":{"start":{"line":14,"column":4},"end":{"line":26,"column":5}},"4":{"start":{"line":15,"column":29},"end":{"line":15,"column":34}},"5":{"start":{"line":17,"column":29},"end":{"line":19,"column":8}},"6":{"start":{"line":18,"column":8},"end":{"line":18,"column":83}},"7":{"start":{"line":21,"column":6},"end":{"line":23,"column":7}},"8":{"start":{"line":22,"column":8},"end":{"line":22,"column":54}},"9":{"start":{"line":25,"column":6},"end":{"line":25,"column":35}}},"fnMap":{"0":{"name":"(anonymous_0)","decl":{"start":{"line":9,"column":2},"end":{"line":9,"column":3}},"loc":{"start":{"line":9,"column":31},"end":{"line":27,"column":3}},"line":9},"1":{"name":"(anonymous_1)","decl":{"start":{"line":17,"column":46},"end":{"line":17,"column":47}},"loc":{"start":{"line":17,"column":60},"end":{"line":19,"column":7}},"line":17}},"branchMap":{"0":{"loc":{"start":{"line":12,"column":24},"end":{"line":12,"column":66}},"type":"binary-expr","locations":[{"start":{"line":12,"column":24},"end":{"line":12,"column":37}},{"start":{"line":12,"column":41},"end":{"line":12,"column":66}}],"line":12},"1":{"loc":{"start":{"line":14,"column":4},"end":{"line":26,"column":5}},"type":"if","locations":[{"start":{"line":14,"column":4},"end":{"line":26,"column":5}},{"start":{"line":24,"column":11},"end":{"line":26,"column":5}}],"line":14},"2":{"loc":{"start":{"line":14,"column":8},"end":{"line":14,"column":59}},"type":"binary-expr","locations":[{"start":{"line":14,"column":8},"end":{"line":14,"column":13}},{"start":{"line":14,"column":17},"end":{"line":14,"column":39}},{"start":{"line":14,"column":43},"end":{"line":14,"column":59}}],"line":14},"3":{"loc":{"start":{"line":18,"column":15},"end":{"line":18,"column":83}},"type":"binary-expr","locations":[{"start":{"line":18,"column":15},"end":{"line":18,"column":44}},{"start":{"line":18,"column":48},"end":{"line":18,"column":83}}],"line":18},"4":{"loc":{"start":{"line":21,"column":6},"end":{"line":23,"column":7}},"type":"if","locations":[{"start":{"line":21,"column":6},"end":{"line":23,"column":7}},{"start":{},"end":{}}],"line":21},"5":{"loc":{"start":{"line":22,"column":8},"end":{"line":22,"column":54}},"type":"binary-expr","locations":[{"start":{"line":22,"column":8},"end":{"line":22,"column":21}},{"start":{"line":22,"column":25},"end":{"line":22,"column":54}}],"line":22}},"s":{"0":0,"1":0,"2":0,"3":0,"4":0,"5":0,"6":0,"7":0,"8":0,"9":0},"f":{"0":0,"1":0},"b":{"0":[0,0],"1":[0,0],"2":[0,0,0],"3":[0,0],"4":[0,0],"5":[0,0]}}
,"E:\\RuoYi-Vue-master\\ruoyi-ui\\src\\directive\\permission\\hasRole.js": {"path":"E:\\RuoYi-Vue-master\\ruoyi-ui\\src\\directive\\permission\\hasRole.js","statementMap":{"0":{"start":{"line":10,"column":22},"end":{"line":10,"column":29}},"1":{"start":{"line":11,"column":24},"end":{"line":11,"column":31}},"2":{"start":{"line":12,"column":18},"end":{"line":12,"column":54}},"3":{"start":{"line":14,"column":4},"end":{"line":26,"column":5}},"4":{"start":{"line":15,"column":23},"end":{"line":15,"column":28}},"5":{"start":{"line":17,"column":22},"end":{"line":19,"column":8}},"6":{"start":{"line":18,"column":8},"end":{"line":18,"column":62}},"7":{"start":{"line":21,"column":6},"end":{"line":23,"column":7}},"8":{"start":{"line":22,"column":8},"end":{"line":22,"column":54}},"9":{"start":{"line":25,"column":6},"end":{"line":25,"column":36}}},"fnMap":{"0":{"name":"(anonymous_0)","decl":{"start":{"line":9,"column":2},"end":{"line":9,"column":3}},"loc":{"start":{"line":9,"column":31},"end":{"line":27,"column":3}},"line":9},"1":{"name":"(anonymous_1)","decl":{"start":{"line":17,"column":33},"end":{"line":17,"column":34}},"loc":{"start":{"line":17,"column":41},"end":{"line":19,"column":7}},"line":17}},"branchMap":{"0":{"loc":{"start":{"line":12,"column":18},"end":{"line":12,"column":54}},"type":"binary-expr","locations":[{"start":{"line":12,"column":18},"end":{"line":12,"column":31}},{"start":{"line":12,"column":35},"end":{"line":12,"column":54}}],"line":12},"1":{"loc":{"start":{"line":14,"column":4},"end":{"line":26,"column":5}},"type":"if","locations":[{"start":{"line":14,"column":4},"end":{"line":26,"column":5}},{"start":{"line":24,"column":11},"end":{"line":26,"column":5}}],"line":14},"2":{"loc":{"start":{"line":14,"column":8},"end":{"line":14,"column":59}},"type":"binary-expr","locations":[{"start":{"line":14,"column":8},"end":{"line":14,"column":13}},{"start":{"line":14,"column":17},"end":{"line":14,"column":39}},{"start":{"line":14,"column":43},"end":{"line":14,"column":59}}],"line":14},"3":{"loc":{"start":{"line":18,"column":15},"end":{"line":18,"column":62}},"type":"binary-expr","locations":[{"start":{"line":18,"column":15},"end":{"line":18,"column":35}},{"start":{"line":18,"column":39},"end":{"line":18,"column":62}}],"line":18},"4":{"loc":{"start":{"line":21,"column":6},"end":{"line":23,"column":7}},"type":"if","locations":[{"start":{"line":21,"column":6},"end":{"line":23,"column":7}},{"start":{},"end":{}}],"line":21},"5":{"loc":{"start":{"line":22,"column":8},"end":{"line":22,"column":54}},"type":"binary-expr","locations":[{"start":{"line":22,"column":8},"end":{"line":22,"column":21}},{"start":{"line":22,"column":25},"end":{"line":22,"column":54}}],"line":22}},"s":{"0":0,"1":0,"2":0,"3":0,"4":0,"5":0,"6":0,"7":0,"8":0,"9":0},"f":{"0":0,"1":0},"b":{"0":[0,0],"1":[0,0],"2":[0,0,0],"3":[0,0],"4":[0,0],"5":[0,0]}}
,"E:\\RuoYi-Vue-master\\ruoyi-ui\\src\\layout\\components\\index.js": {"path":"E:\\RuoYi-Vue-master\\ruoyi-ui\\src\\layout\\components\\index.js","statementMap":{},"fnMap":{},"branchMap":{},"s":{},"f":{},"b":{}}
,"E:\\RuoYi-Vue-master\\ruoyi-ui\\src\\layout\\components\\Sidebar\\FixiOSBug.js": {"path":"E:\\RuoYi-Vue-master\\ruoyi-ui\\src\\layout\\components\\Sidebar\\FixiOSBug.js","statementMap":{"0":{"start":{"line":4,"column":6},"end":{"line":4,"column":41}},"1":{"start":{"line":9,"column":4},"end":{"line":9,"column":22}},"2":{"start":{"line":13,"column":23},"end":{"line":13,"column":41}},"3":{"start":{"line":14,"column":6},"end":{"line":22,"column":7}},"4":{"start":{"line":15,"column":33},"end":{"line":15,"column":58}},"5":{"start":{"line":16,"column":8},"end":{"line":21,"column":9}},"6":{"start":{"line":17,"column":10},"end":{"line":19,"column":11}},"7":{"start":{"line":18,"column":12},"end":{"line":18,"column":18}},"8":{"start":{"line":20,"column":10},"end":{"line":20,"column":29}}},"fnMap":{"0":{"name":"(anonymous_0)","decl":{"start":{"line":3,"column":4},"end":{"line":3,"column":5}},"loc":{"start":{"line":3,"column":13},"end":{"line":5,"column":5}},"line":3},"1":{"name":"(anonymous_1)","decl":{"start":{"line":7,"column":2},"end":{"line":7,"column":3}},"loc":{"start":{"line":7,"column":12},"end":{"line":10,"column":3}},"line":7},"2":{"name":"(anonymous_2)","decl":{"start":{"line":12,"column":4},"end":{"line":12,"column":5}},"loc":{"start":{"line":12,"column":18},"end":{"line":23,"column":5}},"line":12},"3":{"name":"(anonymous_3)","decl":{"start":{"line":16,"column":36},"end":{"line":16,"column":37}},"loc":{"start":{"line":16,"column":43},"end":{"line":21,"column":9}},"line":16}},"branchMap":{"0":{"loc":{"start":{"line":14,"column":6},"end":{"line":22,"column":7}},"type":"if","locations":[{"start":{"line":14,"column":6},"end":{"line":22,"column":7}},{"start":{},"end":{}}],"line":14},"1":{"loc":{"start":{"line":17,"column":10},"end":{"line":19,"column":11}},"type":"if","locations":[{"start":{"line":17,"column":10},"end":{"line":19,"column":11}},{"start":{},"end":{}}],"line":17}},"s":{"0":0,"1":0,"2":0,"3":0,"4":0,"5":0,"6":0,"7":0,"8":0},"f":{"0":0,"1":0,"2":0,"3":0},"b":{"0":[0,0],"1":[0,0]}}
,"E:\\RuoYi-Vue-master\\ruoyi-ui\\src\\layout\\mixin\\ResizeHandler.js": {"path":"E:\\RuoYi-Vue-master\\ruoyi-ui\\src\\layout\\mixin\\ResizeHandler.js","statementMap":{"0":{"start":{"line":3,"column":17},"end":{"line":3,"column":25}},"1":{"start":{"line":4,"column":14},"end":{"line":4,"column":17}},"2":{"start":{"line":9,"column":6},"end":{"line":11,"column":7}},"3":{"start":{"line":10,"column":8},"end":{"line":10,"column":71}},"4":{"start":{"line":15,"column":4},"end":{"line":15,"column":59}},"5":{"start":{"line":18,"column":4},"end":{"line":18,"column":62}},"6":{"start":{"line":21,"column":21},"end":{"line":21,"column":38}},"7":{"start":{"line":22,"column":4},"end":{"line":25,"column":5}},"8":{"start":{"line":23,"column":6},"end":{"line":23,"column":50}},"9":{"start":{"line":24,"column":6},"end":{"line":24,"column":68}},"10":{"start":{"line":31,"column":19},"end":{"line":31,"column":47}},"11":{"start":{"line":32,"column":6},"end":{"line":32,"column":35}},"12":{"start":{"line":35,"column":6},"end":{"line":42,"column":7}},"13":{"start":{"line":36,"column":25},"end":{"line":36,"column":42}},"14":{"start":{"line":37,"column":8},"end":{"line":37,"column":75}},"15":{"start":{"line":39,"column":8},"end":{"line":41,"column":9}},"16":{"start":{"line":40,"column":10},"end":{"line":40,"column":72}}},"fnMap":{"0":{"name":"(anonymous_0)","decl":{"start":{"line":8,"column":4},"end":{"line":8,"column":5}},"loc":{"start":{"line":8,"column":18},"end":{"line":12,"column":5}},"line":8},"1":{"name":"(anonymous_1)","decl":{"start":{"line":14,"column":2},"end":{"line":14,"column":3}},"loc":{"start":{"line":14,"column":16},"end":{"line":16,"column":3}},"line":14},"2":{"name":"(anonymous_2)","decl":{"start":{"line":17,"column":2},"end":{"line":17,"column":3}},"loc":{"start":{"line":17,"column":18},"end":{"line":19,"column":3}},"line":17},"3":{"name":"(anonymous_3)","decl":{"start":{"line":20,"column":2},"end":{"line":20,"column":3}},"loc":{"start":{"line":20,"column":12},"end":{"line":26,"column":3}},"line":20},"4":{"name":"(anonymous_4)","decl":{"start":{"line":30,"column":4},"end":{"line":30,"column":5}},"loc":{"start":{"line":30,"column":17},"end":{"line":33,"column":5}},"line":30},"5":{"name":"(anonymous_5)","decl":{"start":{"line":34,"column":4},"end":{"line":34,"column":5}},"loc":{"start":{"line":34,"column":22},"end":{"line":43,"column":5}},"line":34}},"branchMap":{"0":{"loc":{"start":{"line":9,"column":6},"end":{"line":11,"column":7}},"type":"if","locations":[{"start":{"line":9,"column":6},"end":{"line":11,"column":7}},{"start":{},"end":{}}],"line":9},"1":{"loc":{"start":{"line":9,"column":10},"end":{"line":9,"column":57}},"type":"binary-expr","locations":[{"start":{"line":9,"column":10},"end":{"line":9,"column":34}},{"start":{"line":9,"column":38},"end":{"line":9,"column":57}}],"line":9},"2":{"loc":{"start":{"line":22,"column":4},"end":{"line":25,"column":5}},"type":"if","locations":[{"start":{"line":22,"column":4},"end":{"line":25,"column":5}},{"start":{},"end":{}}],"line":22},"3":{"loc":{"start":{"line":35,"column":6},"end":{"line":42,"column":7}},"type":"if","locations":[{"start":{"line":35,"column":6},"end":{"line":42,"column":7}},{"start":{},"end":{}}],"line":35},"4":{"loc":{"start":{"line":37,"column":43},"end":{"line":37,"column":74}},"type":"cond-expr","locations":[{"start":{"line":37,"column":54},"end":{"line":37,"column":62}},{"start":{"line":37,"column":65},"end":{"line":37,"column":74}}],"line":37},"5":{"loc":{"start":{"line":39,"column":8},"end":{"line":41,"column":9}},"type":"if","locations":[{"start":{"line":39,"column":8},"end":{"line":41,"column":9}},{"start":{},"end":{}}],"line":39}},"s":{"0":0,"1":0,"2":0,"3":0,"4":0,"5":0,"6":0,"7":0,"8":0,"9":0,"10":0,"11":0,"12":0,"13":0,"14":0,"15":0,"16":0},"f":{"0":0,"1":0,"2":0,"3":0,"4":0,"5":0},"b":{"0":[0,0],"1":[0,0],"2":[0,0],"3":[0,0],"4":[0,0],"5":[0,0]}}
,"E:\\RuoYi-Vue-master\\ruoyi-ui\\src\\plugins\\auth.js": {"path":"E:\\RuoYi-Vue-master\\ruoyi-ui\\src\\plugins\\auth.js","statementMap":{"0":{"start":{"line":4,"column":25},"end":{"line":4,"column":32}},"1":{"start":{"line":5,"column":22},"end":{"line":5,"column":64}},"2":{"start":{"line":6,"column":2},"end":{"line":12,"column":3}},"3":{"start":{"line":7,"column":4},"end":{"line":9,"column":6}},"4":{"start":{"line":8,"column":6},"end":{"line":8,"column":53}},"5":{"start":{"line":11,"column":4},"end":{"line":11,"column":16}},"6":{"start":{"line":16,"column":22},"end":{"line":16,"column":29}},"7":{"start":{"line":17,"column":16},"end":{"line":17,"column":52}},"8":{"start":{"line":18,"column":2},"end":{"line":24,"column":3}},"9":{"start":{"line":19,"column":4},"end":{"line":21,"column":6}},"10":{"start":{"line":20,"column":6},"end":{"line":20,"column":44}},"11":{"start":{"line":23,"column":4},"end":{"line":23,"column":16}},"12":{"start":{"line":30,"column":4},"end":{"line":30,"column":37}},"13":{"start":{"line":34,"column":4},"end":{"line":36,"column":6}},"14":{"start":{"line":35,"column":6},"end":{"line":35,"column":33}},"15":{"start":{"line":40,"column":4},"end":{"line":42,"column":6}},"16":{"start":{"line":41,"column":6},"end":{"line":41,"column":33}},"17":{"start":{"line":46,"column":4},"end":{"line":46,"column":25}},"18":{"start":{"line":50,"column":4},"end":{"line":52,"column":6}},"19":{"start":{"line":51,"column":6},"end":{"line":51,"column":27}},"20":{"start":{"line":56,"column":4},"end":{"line":58,"column":6}},"21":{"start":{"line":57,"column":6},"end":{"line":57,"column":27}}},"fnMap":{"0":{"name":"authPermission","decl":{"start":{"line":3,"column":9},"end":{"line":3,"column":23}},"loc":{"start":{"line":3,"column":36},"end":{"line":13,"column":1}},"line":3},"1":{"name":"(anonymous_1)","decl":{"start":{"line":7,"column":28},"end":{"line":7,"column":29}},"loc":{"start":{"line":7,"column":33},"end":{"line":9,"column":5}},"line":7},"2":{"name":"authRole","decl":{"start":{"line":15,"column":9},"end":{"line":15,"column":17}},"loc":{"start":{"line":15,"column":24},"end":{"line":25,"column":1}},"line":15},"3":{"name":"(anonymous_3)","decl":{"start":{"line":19,"column":22},"end":{"line":19,"column":23}},"loc":{"start":{"line":19,"column":27},"end":{"line":21,"column":5}},"line":19},"4":{"name":"(anonymous_4)","decl":{"start":{"line":29,"column":2},"end":{"line":29,"column":3}},"loc":{"start":{"line":29,"column":23},"end":{"line":31,"column":3}},"line":29},"5":{"name":"(anonymous_5)","decl":{"start":{"line":33,"column":2},"end":{"line":33,"column":3}},"loc":{"start":{"line":33,"column":26},"end":{"line":37,"column":3}},"line":33},"6":{"name":"(anonymous_6)","decl":{"start":{"line":34,"column":28},"end":{"line":34,"column":29}},"loc":{"start":{"line":34,"column":36},"end":{"line":36,"column":5}},"line":34},"7":{"name":"(anonymous_7)","decl":{"start":{"line":39,"column":2},"end":{"line":39,"column":3}},"loc":{"start":{"line":39,"column":27},"end":{"line":43,"column":3}},"line":39},"8":{"name":"(anonymous_8)","decl":{"start":{"line":40,"column":29},"end":{"line":40,"column":30}},"loc":{"start":{"line":40,"column":37},"end":{"line":42,"column":5}},"line":40},"9":{"name":"(anonymous_9)","decl":{"start":{"line":45,"column":2},"end":{"line":45,"column":3}},"loc":{"start":{"line":45,"column":16},"end":{"line":47,"column":3}},"line":45},"10":{"name":"(anonymous_10)","decl":{"start":{"line":49,"column":2},"end":{"line":49,"column":3}},"loc":{"start":{"line":49,"column":19},"end":{"line":53,"column":3}},"line":49},"11":{"name":"(anonymous_11)","decl":{"start":{"line":50,"column":22},"end":{"line":50,"column":23}},"loc":{"start":{"line":50,"column":30},"end":{"line":52,"column":5}},"line":50},"12":{"name":"(anonymous_12)","decl":{"start":{"line":55,"column":2},"end":{"line":55,"column":3}},"loc":{"start":{"line":55,"column":20},"end":{"line":59,"column":3}},"line":55},"13":{"name":"(anonymous_13)","decl":{"start":{"line":56,"column":23},"end":{"line":56,"column":24}},"loc":{"start":{"line":56,"column":31},"end":{"line":58,"column":5}},"line":56}},"branchMap":{"0":{"loc":{"start":{"line":5,"column":22},"end":{"line":5,"column":64}},"type":"binary-expr","locations":[{"start":{"line":5,"column":22},"end":{"line":5,"column":35}},{"start":{"line":5,"column":39},"end":{"line":5,"column":64}}],"line":5},"1":{"loc":{"start":{"line":6,"column":2},"end":{"line":12,"column":3}},"type":"if","locations":[{"start":{"line":6,"column":2},"end":{"line":12,"column":3}},{"start":{"line":10,"column":9},"end":{"line":12,"column":3}}],"line":6},"2":{"loc":{"start":{"line":6,"column":6},"end":{"line":6,"column":41}},"type":"binary-expr","locations":[{"start":{"line":6,"column":6},"end":{"line":6,"column":16}},{"start":{"line":6,"column":20},"end":{"line":6,"column":41}}],"line":6},"3":{"loc":{"start":{"line":8,"column":13},"end":{"line":8,"column":53}},"type":"binary-expr","locations":[{"start":{"line":8,"column":13},"end":{"line":8,"column":33}},{"start":{"line":8,"column":37},"end":{"line":8,"column":53}}],"line":8},"4":{"loc":{"start":{"line":17,"column":16},"end":{"line":17,"column":52}},"type":"binary-expr","locations":[{"start":{"line":17,"column":16},"end":{"line":17,"column":29}},{"start":{"line":17,"column":33},"end":{"line":17,"column":52}}],"line":17},"5":{"loc":{"start":{"line":18,"column":2},"end":{"line":24,"column":3}},"type":"if","locations":[{"start":{"line":18,"column":2},"end":{"line":24,"column":3}},{"start":{"line":22,"column":9},"end":{"line":24,"column":3}}],"line":18},"6":{"loc":{"start":{"line":18,"column":6},"end":{"line":18,"column":29}},"type":"binary-expr","locations":[{"start":{"line":18,"column":6},"end":{"line":18,"column":10}},{"start":{"line":18,"column":14},"end":{"line":18,"column":29}}],"line":18},"7":{"loc":{"start":{"line":20,"column":13},"end":{"line":20,"column":44}},"type":"binary-expr","locations":[{"start":{"line":20,"column":13},"end":{"line":20,"column":30}},{"start":{"line":20,"column":34},"end":{"line":20,"column":44}}],"line":20}},"s":{"0":0,"1":0,"2":0,"3":0,"4":0,"5":0,"6":0,"7":0,"8":0,"9":0,"10":0,"11":0,"12":0,"13":0,"14":0,"15":0,"16":0,"17":0,"18":0,"19":0,"20":0,"21":0},"f":{"0":0,"1":0,"2":0,"3":0,"4":0,"5":0,"6":0,"7":0,"8":0,"9":0,"10":0,"11":0,"12":0,"13":0},"b":{"0":[0,0],"1":[0,0],"2":[0,0],"3":[0,0],"4":[0,0],"5":[0,0],"6":[0,0],"7":[0,0]}}
[...]
{"line":66,"column":4},"end":{"line":68,"column":5}},{"start":{},"end":{}}],"line":66},"8":{"loc":{"start":{"line":71,"column":2},"end":{"line":75,"column":3}},"type":"if","locations":[{"start":{"line":71,"column":2},"end":{"line":75,"column":3}},{"start":{},"end":{}}],"line":71},"9":{"loc":{"start":{"line":81,"column":12},"end":{"line":91,"column":14}},"type":"cond-expr","locations":[{"start":{"line":81,"column":34},"end":{"line":91,"column":7}},{"start":{"line":91,"column":10},"end":{"line":91,"column":14}}],"line":81},"10":{"loc":{"start":{"line":110,"column":2},"end":{"line":114,"column":3}},"type":"if","locations":[{"start":{"line":110,"column":2},"end":{"line":114,"column":3}},{"start":{},"end":{}}],"line":110},"11":{"loc":{"start":{"line":120,"column":2},"end":{"line":120,"column":39}},"type":"if","locations":[{"start":{"line":120,"column":2},"end":{"line":120,"column":39}},{"start":{},"end":{}}],"line":120},"12":{"loc":{"start":{"line":122,"column":2},"end":{"line":126,"column":3}},"type":"if","locations":[{"start":{"line":122,"column":2},"end":{"line":126,"column":3}},{"start":{"line":124,"column":9},"end":{"line":126,"column":3}}],"line":122},"13":{"loc":{"start":{"line":122,"column":6},"end":{"line":122,"column":63}},"type":"binary-expr","locations":[{"start":{"line":122,"column":6},"end":{"line":122,"column":45}},{"start":{"line":122,"column":49},"end":{"line":122,"column":63}}],"line":122},"14":{"loc":{"start":{"line":131,"column":2},"end":{"line":131,"column":39}},"type":"if","locations":[{"start":{"line":131,"column":2},"end":{"line":131,"column":39}},{"start":{},"end":{}}],"line":131},"15":{"loc":{"start":{"line":133,"column":2},"end":{"line":148,"column":3}},"type":"if","locations":[{"start":{"line":133,"column":2},"end":{"line":148,"column":3}},{"start":{},"end":{}}],"line":133},"16":{"loc":{"start":{"line":134,"column":4},"end":{"line":139,"column":5}},"type":"if","locations":[{"start":{"line":134,"column":4},"end":{"line":139,"column":5}},{"start":{},"end":{}}],"line":134},"17":{"loc":{"start":{"line":135,"column":19},"end":{"line":135,"column":77}},"type":"cond-expr","locations":[{"start":{"line":135,"column":54},"end":{"line":135,"column":72}},{"start":{"line":135,"column":75},"end":{"line":135,"column":77}}],"line":135},"18":{"loc":{"start":{"line":136,"column":20},"end":{"line":136,"column":97}},"type":"cond-expr","locations":[{"start":{"line":136,"column":55},"end":{"line":136,"column":78}},{"start":{"line":136,"column":81},"end":{"line":136,"column":97}}],"line":136},"19":{"loc":{"start":{"line":137,"column":6},"end":{"line":137,"column":62}},"type":"if","locations":[{"start":{"line":137,"column":6},"end":{"line":137,"column":62}},{"start":{},"end":{}}],"line":137},"20":{"loc":{"start":{"line":140,"column":4},"end":{"line":146,"column":5}},"type":"if","locations":[{"start":{"line":140,"column":4},"end":{"line":146,"column":5}},{"start":{},"end":{}}],"line":140},"21":{"loc":{"start":{"line":140,"column":8},"end":{"line":140,"column":51}},"type":"binary-expr","locations":[{"start":{"line":140,"column":8},"end":{"line":140,"column":20}},{"start":{"line":140,"column":24},"end":{"line":140,"column":51}}],"line":140},"22":{"loc":{"start":{"line":142,"column":8},"end":{"line":144,"column":9}},"type":"if","locations":[{"start":{"line":142,"column":8},"end":{"line":144,"column":9}},{"start":{},"end":{}}],"line":142},"23":{"loc":{"start":{"line":152,"column":2},"end":{"line":152,"column":39}},"type":"if","locations":[{"start":{"line":152,"column":2},"end":{"line":152,"column":39}},{"start":{},"end":{}}],"line":152},"24":{"loc":{"start":{"line":153,"column":2},"end":{"line":153,"column":56}},"type":"if","locations":[{"start":{"line":153,"column":2},"end":{"line":153,"column":56}},{"start":{},"end":{}}],"line":153},"25":{"loc":{"start":{"line":159,"column":2},"end":{"line":163,"column":3}},"type":"if","locations":[{"start":{"line":159,"column":2},"end":{"line":163,"column":3}},{"start":{},"end":{}}],"line":159},"26":{"loc":{"start":{"line":160,"column":4},"end":{"line":160,"column":73}},"type":"binary-expr","locations":[{"start":{"line":160,"column":4},"end":{"line":160,"column":29}},{"start":{"line":160,"column":34},"end":{"line":160,"column":72}}],"line":160},"27":{"loc":{"start":{"line":161,"column":4},"end":{"line":161,"column":73}},"type":"binary-expr","locations":[{"start":{"line":161,"column":4},"end":{"line":161,"column":29}},{"start":{"line":161,"column":34},"end":{"line":161,"column":72}}],"line":161},"28":{"loc":{"start":{"line":162,"column":4},"end":{"line":162,"column":85}},"type":"binary-expr","locations":[{"start":{"line":162,"column":4},"end":{"line":162,"column":35}},{"start":{"line":162,"column":40},"end":{"line":162,"column":84}}],"line":162},"29":{"loc":{"start":{"line":171,"column":2},"end":{"line":177,"column":3}},"type":"if","locations":[{"start":{"line":171,"column":2},"end":{"line":177,"column":3}},{"start":{},"end":{}}],"line":171},"30":{"loc":{"start":{"line":178,"column":2},"end":{"line":184,"column":3}},"type":"if","locations":[{"start":{"line":178,"column":2},"end":{"line":184,"column":3}},{"start":{},"end":{}}],"line":178},"31":{"loc":{"start":{"line":190,"column":9},"end":{"line":190,"column":37}},"type":"cond-expr","locations":[{"start":{"line":190,"column":29},"end":{"line":190,"column":32}},{"start":{"line":190,"column":35},"end":{"line":190,"column":37}}],"line":190}},"s":{"0":0,"1":0,"2":0,"3":0,"4":0,"5":0,"6":0,"7":0,"8":0,"9":0,"10":0,"11":0,"12":0,"13":0,"14":0,"15":0,"16":0,"17":0,"18":0,"19":0,"20":0,"21":0,"22":0,"23":0,"24":0,"25":0,"26":0,"27":0,"28":0,"29":0,"30":0,"31":0,"32":0,"33":0,"34":0,"35":0,"36":0,"37":0,"38":0,"39":0,"40":0,"41":0,"42":0,"43":0,"44":0,"45":0,"46":0,"47":0,"48":0,"49":0,"50":0,"51":0,"52":0,"53":0,"54":0,"55":0,"56":0,"57":0,"58":0,"59":0,"60":0,"61":0,"62":0,"63":0,"64":0,"65":0,"66":0,"67":0,"68":0,"69":0,"70":0,"71":0,"72":0,"73":0,"74":0,"75":0,"76":0,"77":0,"78":0,"79":0,"80":0,"81":0,"82":0,"83":0,"84":0,"85":0,"86":0,"87":0,"88":0,"89":0},"f":{"0":0,"1":0,"2":0,"3":0,"4":0,"5":0,"6":0,"7":0,"8":0,"9":0,"10":0,"11":0,"12":0,"13":0,"14":0},"b":{"0":[0,0],"1":[0,0],"2":[0,0],"3":[0,0],"4":[0,0],"5":[0,0],"6":[0,0],"7":[0,0],"8":[0,0],"9":[0,0],"10":[0,0],"11":[0,0],"12":[0,0],"13":[0,0],"14":[0,0],"15":[0,0],"16":[0,0],"17":[0,0],"18":[0,0],"19":[0,0],"20":[0,0],"21":[0,0],"22":[0,0],"23":[0,0],"24":[0,0],"25":[0,0],"26":[0,0],"27":[0,0],"28":[0,0],"29":[0,0],"30":[0,0],"31":[0,0]}}
,"E:\\RuoYi-Vue-master\\ruoyi-ui\\src\\utils\\generator\\render.js": {"path":"E:\\RuoYi-Vue-master\\ruoyi-ui\\src\\utils\\generator\\render.js","statementMap":{"0":{"start":{"line":4,"column":15},"end":{"line":18,"column":1}},"1":{"start":{"line":21,"column":2},"end":{"line":21,"column":39}},"2":{"start":{"line":23,"column":2},"end":{"line":25,"column":3}},"3":{"start":{"line":24,"column":4},"end":{"line":24,"column":28}},"4":{"start":{"line":28,"column":23},"end":{"line":88,"column":1}},"5":{"start":{"line":31,"column":6},"end":{"line":31,"column":22}},"6":{"start":{"line":36,"column":6},"end":{"line":36,"column":60}},"7":{"start":{"line":39,"column":6},"end":{"line":39,"column":59}},"8":{"start":{"line":44,"column":19},"end":{"line":44,"column":21}},"9":{"start":{"line":45,"column":6},"end":{"line":47,"column":8}},"10":{"start":{"line":46,"column":8},"end":{"line":46,"column":105}},"11":{"start":{"line":48,"column":6},"end":{"line":48,"column":17}},"12":{"start":{"line":53,"column":19},"end":{"line":53,"column":21}},"13":{"start":{"line":54,"column":6},"end":{"line":57,"column":8}},"14":{"start":{"line":55,"column":8},"end":{"line":56,"column":97}},"15":{"start":{"line":55,"column":42},"end":{"line":55,"column":119}},"16":{"start":{"line":56,"column":13},"end":{"line":56,"column":97}},"17":{"start":{"line":58,"column":6},"end":{"line":58,"column":17}},"18":{"start":{"line":63,"column":19},"end":{"line":63,"column":21}},"19":{"start":{"line":64,"column":6},"end":{"line":70,"column":8}},"20":{"start":{"line":65,"column":8},"end":{"line":69,"column":9}},"21":{"start":{"line":66,"column":10},"end":{"line":66,"column":93}},"22":{"start":{"line":68,"column":10},"end":{"line":68,"column":100}},"23":{"start":{"line":71,"column":6},"end":{"line":71,"column":17}},"24":{"start":{"line":76,"column":19},"end":{"line":76,"column":21}},"25":{"start":{"line":77,"column":6},"end":{"line":81,"column":7}},"26":{"start":{"line":78,"column":8},"end":{"line":78,"column":47}},"27":{"start":{"line":80,"column":8},"end":{"line":80,"column":109}},"28":{"start":{"line":82,"column":6},"end":{"line":84,"column":7}},"29":{"start":{"line":83,"column":8},"end":{"line":83,"column":119}},"30":{"start":{"line":85,"column":6},"end":{"line":85,"column":17}},"31":{"start":{"line":92,"column":23},"end":{"line":97,"column":5}},"32":{"start":{"line":98,"column":22},"end":{"line":98,"column":59}},"33":{"start":{"line":99,"column":21},"end":{"line":99,"column":23}},"34":{"start":{"line":101,"column":22},"end":{"line":101,"column":51}},"35":{"start":{"line":102,"column":4},"end":{"line":109,"column":5}},"36":{"start":{"line":103,"column":6},"end":{"line":108,"column":8}},"37":{"start":{"line":104,"column":26},"end":{"line":104,"column":40}},"38":{"start":{"line":105,"column":8},"end":{"line":107,"column":9}},"39":{"start":{"line":106,"column":10},"end":{"line":106,"column":53}},"40":{"start":{"line":111,"column":4},"end":{"line":122,"column":6}},"41":{"start":{"line":112,"column":18},"end":{"line":112,"column":32}},"42":{"start":{"line":113,"column":6},"end":{"line":121,"column":7}},"43":{"start":{"line":114,"column":8},"end":{"line":114,"column":56}},"44":{"start":{"line":115,"column":13},"end":{"line":121,"column":7}},"45":{"start":{"line":116,"column":8},"end":{"line":116,"column":29}},"46":{"start":{"line":117,"column":13},"end":{"line":121,"column":7}},"47":{"start":{"line":118,"column":8},"end":{"line":118,"column":35}},"48":{"start":{"line":120,"column":8},"end":{"line":120,"column":35}},"49":{"start":{"line":123,"column":4},"end":{"line":123,"column":49}}},"fnMap":{"0":{"name":"vModel","decl":{"start":{"line":20,"column":9},"end":{"line":20,"column":15}},"loc":{"start":{"line":20,"column":48},"end":{"line":26,"column":1}},"line":20},"1":{"name":"(anonymous_1)","decl":{"start":{"line":23,"column":24},"end":{"line":23,"column":25}},"loc":{"start":{"line":23,"column":31},"end":{"line":25,"column":3}},"line":23},"2":{"name":"(anonymous_2)","decl":{"start":{"line":30,"column":4},"end":{"line":30,"column":5}},"loc":{"start":{"line":30,"column":26},"end":{"line":32,"column":5}},"line":30},"3":{"name":"(anonymous_3)","decl":{"start":{"line":35,"column":4},"end":{"line":35,"column":5}},"loc":{"start":{"line":35,"column":26},"end":{"line":37,"column":5}},"line":35},"4":{"name":"(anonymous_4)","decl":{"start":{"line":38,"column":4},"end":{"line":38,"column":5}},"loc":{"start":{"line":38,"column":25},"end":{"line":40,"column":5}},"line":38},"5":{"name":"(anonymous_5)","decl":{"start":{"line":43,"column":4},"end":{"line":43,"column":5}},"loc":{"start":{"line":43,"column":26},"end":{"line":49,"column":5}},"line":43},"6":{"name":"(anonymous_6)","decl":{"start":{"line":45,"column":27},"end":{"line":45,"column":28}},"loc":{"start":{"line":45,"column":35},"end":{"line":47,"column":7}},"line":45},"7":{"name":"(anonymous_7)","decl":{"start":{"line":52,"column":4},"end":{"line":52,"column":5}},"loc":{"start":{"line":52,"column":26},"end":{"line":59,"column":5}},"line":52},"8":{"name":"(anonymous_8)","decl":{"start":{"line":54,"column":27},"end":{"line":54,"column":28}},"loc":{"start":{"line":54,"column":35},"end":{"line":57,"column":7}},"line":54},"9":{"name":"(anonymous_9)","decl":{"start":{"line":62,"column":4},"end":{"line":62,"column":5}},"loc":{"start":{"line":62,"column":26},"end":{"line":72,"column":5}},"line":62},"10":{"name":"(anonymous_10)","decl":{"start":{"line":64,"column":27},"end":{"line":64,"column":28}},"loc":{"start":{"line":64,"column":35},"end":{"line":70,"column":7}},"line":64},"11":{"name":"(anonymous_11)","decl":{"start":{"line":75,"column":17},"end":{"line":75,"column":18}},"loc":{"start":{"line":75,"column":35},"end":{"line":86,"column":5}},"line":75},"12":{"name":"(anonymous_12)","decl":{"start":{"line":91,"column":2},"end":{"line":91,"column":3}},"loc":{"start":{"line":91,"column":12},"end":{"line":124,"column":3}},"line":91},"13":{"name":"(anonymous_13)","decl":{"start":{"line":103,"column":37},"end":{"line":103,"column":38}},"loc":{"start":{"line":103,"column":44},"end":{"line":108,"column":7}},"line":103},"14":{"name":"(anonymous_14)","decl":{"start":{"line":111,"column":35},"end":{"line":111,"column":36}},"loc":{"start":{"line":111,"column":42},"end":{"line":122,"column":5}},"line":111}},"branchMap":{"0":{"loc":{"start":{"line":55,"column":8},"end":{"line":56,"column":97}},"type":"if","locations":[{"start":{"line":55,"column":8},"end":{"line":56,"column":97}},{"start":{"line":56,"column":13},"end":{"line":56,"column":97}}],"line":55},"1":{"loc":{"start":{"line":65,"column":8},"end":{"line":69,"column":9}},"type":"if","locations":[{"start":{"line":65,"column":8},"end":{"line":69,"column":9}},{"start":{"line":67,"column":15},"end":{"line":69,"column":9}}],"line":65},"2":{"loc":{"start":{"line":77,"column":6},"end":{"line":81,"column":7}},"type":"if","locations":[{"start":{"line":77,"column":6},"end":{"line":81,"column":7}},{"start":{"line":79,"column":13},"end":{"line":81,"column":7}}],"line":77},"3":{"loc":{"start":{"line":82,"column":6},"end":{"line":84,"column":7}},"type":"if","locations":[{"start":{"line":82,"column":6},"end":{"line":84,"column":7}},{"start":{},"end":{}}],"line":82},"4":{"loc":{"start":{"line":102,"column":4},"end":{"line":109,"column":5}},"type":"if","locations":[{"start":{"line":102,"column":4},"end":{"line":109,"column":5}},{"start":{},"end":{}}],"line":102},"5":{"loc":{"start":{"line":105,"column":8},"end":{"line":107,"column":9}},"type":"if","locations":[{"start":{"line":105,"column":8},"end":{"line":107,"column":9}},{"start":{},"end":{}}],"line":105},"6":{"loc":{"start":{"line":113,"column":6},"end":{"line":121,"column":7}},"type":"if","locations":[{"start":{"line":113,"column":6},"end":{"line":121,"column":7}},{"start":{"line":115,"column":13},"end":{"line":121,"column":7}}],"line":113},"7":{"loc":{"start":{"line":115,"column":13},"end":{"line":121,"column":7}},"type":"if","locations":[{"start":{"line":115,"column":13},"end":{"line":121,"column":7}},{"start":{"line":117,"column":13},"end":{"line":121,"column":7}}],"line":115},"8":{"loc":{"start":{"line":117,"column":13},"end":{"line":121,"column":7}},"type":"if","locations":[{"start":{"line":117,"column":13},"end":{"line":121,"column":7}},{"start":{"line":119,"column":13},"end":{"line":121,"column":7}}],"line":117}},"s":{"0":0,"1":0,"2":0,"3":0,"4":0,"5":0,"6":0,"7":0,"8":0,"9":0,"10":0,"11":0,"12":0,"13":0,"14":0,"15":0,"16":0,"17":0,"18":0,"19":0,"20":0,"21":0,"22":0,"23":0,"24":0,"25":0,"26":0,"27":0,"28":0,"29":0,"30":0,"31":0,"32":0,"33":0,"34":0,"35":0,"36":0,"37":0,"38":0,"39":0,"40":0,"41":0,"42":0,"43":0,"44":0,"45":0,"46":0,"47":0,"48":0,"49":0},"f":{"0":0,"1":0,"2":0,"3":0,"4":0,"5":0,"6":0,"7":0,"8":0,"9":0,"10":0,"11":0,"12":0,"13":0,"14":0},"b":{"0":[0,0],"1":[0,0],"2":[0,0],"3":[0,0],"4":[0,0],"5":[0,0],"6":[0,0],"7":[0,0],"8":[0,0]}}
,"E:\\RuoYi-Vue-master\\ruoyi-ui\\src\\views\\dashboard\\mixins\\resize.js": {"path":"E:\\RuoYi-Vue-master\\ruoyi-ui\\src\\views\\dashboard\\mixins\\resize.js","statementMap":{"0":{"start":{"line":5,"column":4},"end":{"line":8,"column":5}},"1":{"start":{"line":11,"column":4},"end":{"line":11,"column":23}},"2":{"start":{"line":14,"column":4},"end":{"line":17,"column":5}},"3":{"start":{"line":16,"column":6},"end":{"line":16,"column":25}},"4":{"start":{"line":20,"column":4},"end":{"line":20,"column":17}},"5":{"start":{"line":23,"column":4},"end":{"line":23,"column":26}},"6":{"start":{"line":26,"column":4},"end":{"line":26,"column":26}},"7":{"start":{"line":32,"column":6},"end":{"line":34,"column":7}},"8":{"start":{"line":33,"column":8},"end":{"line":33,"column":30}},"9":{"start":{"line":37,"column":6},"end":{"line":39,"column":13}},"10":{"start":{"line":38,"column":8},"end":{"line":38,"column":21}},"11":{"start":{"line":40,"column":6},"end":{"line":40,"column":61}},"12":{"start":{"line":42,"column":6},"end":{"line":42,"column":81}},"13":{"start":{"line":43,"column":6},"end":{"line":43,"column":107}},"14":{"start":{"line":46,"column":6},"end":{"line":46,"column":64}},"15":{"start":{"line":47,"column":6},"end":{"line":47,"column":33}},"16":{"start":{"line":49,"column":6},"end":{"line":49,"column":110}},"17":{"start":{"line":52,"column":24},"end":{"line":52,"column":28}},"18":{"start":{"line":53,"column":6},"end":{"line":53,"column":29}}},"fnMap":{"0":{"name":"(anonymous_0)","decl":{"start":{"line":4,"column":2},"end":{"line":4,"column":3}},"loc":{"start":{"line":4,"column":9},"end":{"line":9,"column":3}},"line":4},"1":{"name":"(anonymous_1)","decl":{"start":{"line":10,"column":2},"end":{"line":10,"column":3}},"loc":{"start":{"line":10,"column":12},"end":{"line":12,"column":3}},"line":10},"2":{"name":"(anonymous_2)","decl":{"start":{"line":13,"column":2},"end":{"line":13,"column":3}},"loc":{"start":{"line":13,"column":14},"end":{"line":21,"column":3}},"line":13},"3":{"name":"(anonymous_3)","decl":{"start":{"line":22,"column":2},"end":{"line":22,"column":3}},"loc":{"start":{"line":22,"column":18},"end":{"line":24,"column":3}},"line":22},"4":{"name":"(anonymous_4)","decl":{"start":{"line":25,"column":2},"end":{"line":25,"column":3}},"loc":{"start":{"line":25,"column":16},"end":{"line":27,"column":3}},"line":25},"5":{"name":"(anonymous_5)","decl":{"start":{"line":31,"column":4},"end":{"line":31,"column":5}},"loc":{"start":{"line":31,"column":30},"end":{"line":35,"column":5}},"line":31},"6":{"name":"(anonymous_6)","decl":{"start":{"line":36,"column":4},"end":{"line":36,"column":5}},"loc":{"start":{"line":36,"column":19},"end":{"line":44,"column":5}},"line":36},"7":{"name":"(anonymous_7)","decl":{"start":{"line":37,"column":38},"end":{"line":37,"column":39}},"loc":{"start":{"line":37,"column":44},"end":{"line":39,"column":7}},"line":37},"8":{"name":"(anonymous_8)","decl":{"start":{"line":45,"column":4},"end":{"line":45,"column":5}},"loc":{"start":{"line":45,"column":22},"end":{"line":50,"column":5}},"line":45},"9":{"name":"(anonymous_9)","decl":{"start":{"line":51,"column":4},"end":{"line":51,"column":5}},"loc":{"start":{"line":51,"column":13},"end":{"line":54,"column":5}},"line":51}},"branchMap":{"0":{"loc":{"start":{"line":14,"column":4},"end":{"line":17,"column":5}},"type":"if","locations":[{"start":{"line":14,"column":4},"end":{"line":17,"column":5}},{"start":{},"end":{}}],"line":14},"1":{"loc":{"start":{"line":32,"column":6},"end":{"line":34,"column":7}},"type":"if","locations":[{"start":{"line":32,"column":6},"end":{"line":34,"column":7}},{"start":{},"end":{}}],"line":32},"2":{"loc":{"start":{"line":43,"column":6},"end":{"line":43,"column":107}},"type":"binary-expr","locations":[{"start":{"line":43,"column":6},"end":{"line":43,"column":23}},{"start":{"line":43,"column":27},"end":{"line":43,"column":107}}],"line":43},"3":{"loc":{"start":{"line":49,"column":6},"end":{"line":49,"column":110}},"type":"binary-expr","locations":[{"start":{"line":49,"column":6},"end":{"line":49,"column":23}},{"start":{"line":49,"column":27},"end":{"line":49,"column":110}}],"line":49},"4":{"loc":{"start":{"line":53,"column":6},"end":{"line":53,"column":29}},"type":"binary-expr","locations":[{"start":{"line":53,"column":6},"end":{"line":53,"column":11}},{"start":{"line":53,"column":15},"end":{"line":53,"column":29}}],"line":53}},"s":{"0":0,"1":0,"2":0,"3":0,"4":0,"5":0,"6":0,"7":0,"8":0,"9":0,"10":0,"11":0,"12":0,"13":0,"14":0,"15":0,"16":0,"17":0,"18":0},"f":{"0":0,"1":0,"2":0,"3":0,"4":0,"5":0,"6":0,"7":0,"8":0,"9":0},"b":{"0":[0,0],"1":[0,0],"2":[0,0],"3":[0,0],"4":[0,0]}}
}
