TN:
SF:src\permission.js
FN:14,(anonymous_0)
FN:15,(anonymous_1)
FN:18,(anonymous_2)
FN:32,(anonymous_3)
FN:34,(anonymous_4)
FN:39,(anonymous_5)
FN:40,(anonymous_6)
FN:61,(anonymous_7)
FNF:8
FNH:0
FNDA:0,(anonymous_0)
FNDA:0,(anonymous_1)
FNDA:0,(anonymous_2)
FNDA:0,(anonymous_3)
FNDA:0,(anonymous_4)
FNDA:0,(anonymous_5)
FNDA:0,(anonymous_6)
FNDA:0,(anonymous_7)
DA:10,0
DA:12,0
DA:14,0
DA:15,0
DA:18,0
DA:19,0
DA:20,0
DA:21,0
DA:23,0
DA:24,0
DA:25,0
DA:26,0
DA:27,0
DA:29,0
DA:30,0
DA:32,0
DA:33,0
DA:34,0
DA:36,0
DA:37,0
DA:40,0
DA:41,0
DA:42,0
DA:46,0
DA:51,0
DA:53,0
DA:55,0
DA:56,0
DA:61,0
DA:62,0
LF:30
LH:0
BRDA:20,0,0,0
BRDA:20,0,1,0
BRDA:21,1,0,0
BRDA:21,1,1,0
BRDA:23,2,0,0
BRDA:23,2,1,0
BRDA:26,3,0,0
BRDA:26,3,1,0
BRDA:29,4,0,0
BRDA:29,4,1,0
BRDA:51,5,0,0
BRDA:51,5,1,0
BRF:12
BRH:0
end_of_record
TN:
SF:src\settings.js
FNF:0
FNH:0
DA:1,0
LF:1
LH:0
BRF:0
BRH:0
end_of_record
TN:
SF:src\api\login.js
FN:4,login
FN:23,register
FN:35,getInfo
FN:43,logout
FN:51,getCodeImg
FNF:5
FNH:0
FNDA:0,login
FNDA:0,register
FNDA:0,getInfo
FNDA:0,logout
FNDA:0,getCodeImg
DA:5,0
DA:11,0
DA:24,0
DA:36,0
DA:44,0
DA:52,0
LF:6
LH:0
BRF:0
BRH:0
end_of_record
TN:
SF:src\api\menu.js
FN:4,(anonymous_0)
FNF:1
FNH:0
FNDA:0,(anonymous_0)
DA:4,0
DA:5,0
LF:2
LH:0
BRF:0
BRH:0
end_of_record
TN:
SF:src\api\monitor\cache.js
FN:4,getCache
FN:12,listCacheName
FN:20,listCacheKey
FN:28,getCacheValue
FN:36,clearCacheName
FN:44,clearCacheKey
FN:52,clearCacheAll
FNF:7
FNH:0
FNDA:0,getCache
FNDA:0,listCacheName
FNDA:0,listCacheKey
FNDA:0,getCacheValue
FNDA:0,clearCacheName
FNDA:0,clearCacheKey
FNDA:0,clearCacheAll
DA:5,0
DA:13,0
DA:21,0
DA:29,0
DA:37,0
DA:45,0
DA:53,0
LF:7
LH:0
BRF:0
BRH:0
end_of_record
TN:
SF:src\api\monitor\job.js
FN:4,listJob
FN:13,getJob
FN:21,addJob
FN:30,updateJob
FN:39,delJob
FN:47,changeJobStatus
FN:61,runJob
FNF:7
FNH:0
FNDA:0,listJob
FNDA:0,getJob
FNDA:0,addJob
FNDA:0,updateJob
FNDA:0,delJob
FNDA:0,changeJobStatus
FNDA:0,runJob
DA:5,0
DA:14,0
DA:22,0
DA:31,0
DA:40,0
DA:48,0
DA:52,0
DA:62,0
DA:66,0
LF:9
LH:0
BRF:0
BRH:0
end_of_record
TN:
SF:src\api\monitor\jobLog.js
FN:4,listJobLog
FN:13,delJobLog
FN:21,cleanJobLog
FNF:3
FNH:0
FNDA:0,listJobLog
FNDA:0,delJobLog
FNDA:0,cleanJobLog
DA:5,0
DA:14,0
DA:22,0
LF:3
LH:0
BRF:0
BRH:0
end_of_record
TN:
SF:src\api\monitor\logininfor.js
FN:4,list
FN:13,delLogininfor
FN:21,unlockLogininfor
FN:29,cleanLogininfor
FNF:4
FNH:0
FNDA:0,list
FNDA:0,delLogininfor
FNDA:0,unlockLogininfor
FNDA:0,cleanLogininfor
DA:5,0
DA:14,0
DA:22,0
DA:30,0
LF:4
LH:0
BRF:0
BRH:0
end_of_record
TN:
SF:src\api\monitor\online.js
FN:4,list
FN:13,forceLogout
FNF:2
FNH:0
FNDA:0,list
FNDA:0,forceLogout
DA:5,0
DA:14,0
LF:2
LH:0
BRF:0
BRH:0
end_of_record
TN:
SF:src\api\monitor\operlog.js
FN:4,list
FN:13,delOperlog
FN:21,cleanOperlog
FNF:3
FNH:0
FNDA:0,list
FNDA:0,delOperlog
FNDA:0,cleanOperlog
DA:5,0
DA:14,0
DA:22,0
LF:3
LH:0
BRF:0
BRH:0
end_of_record
TN:
SF:src\api\monitor\server.js
FN:4,getServer
FNF:1
FNH:0
FNDA:0,getServer
DA:5,0
LF:1
LH:0
BRF:0
BRH:0
end_of_record
TN:
SF:src\api\system\config.js
FN:4,listConfig
FN:13,getConfig
FN:21,getConfigKey
FN:29,addConfig
FN:38,updateConfig
FN:47,delConfig
FN:55,refreshCache
FNF:7
FNH:0
FNDA:0,listConfig
FNDA:0,getConfig
FNDA:0,getConfigKey
FNDA:0,addConfig
FNDA:0,updateConfig
FNDA:0,delConfig
FNDA:0,refreshCache
DA:5,0
DA:14,0
DA:22,0
DA:30,0
DA:39,0
DA:48,0
DA:56,0
LF:7
LH:0
BRF:0
BRH:0
end_of_record
TN:
SF:src\api\system\dept.js
FN:4,listDept
FN:13,listDeptExcludeChild
FN:21,getDept
FN:29,addDept
FN:38,updateDept
FN:47,delDept
FNF:6
FNH:0
FNDA:0,listDept
FNDA:0,listDeptExcludeChild
FNDA:0,getDept
FNDA:0,addDept
FNDA:0,updateDept
FNDA:0,delDept
DA:5,0
DA:14,0
DA:22,0
DA:30,0
DA:39,0
DA:48,0
LF:6
LH:0
BRF:0
BRH:0
end_of_record
TN:
SF:src\api\system\menu.js
FN:4,listMenu
FN:13,getMenu
FN:21,treeselect
FN:29,roleMenuTreeselect
FN:37,addMenu
FN:46,updateMenu
FN:55,delMenu
FNF:7
FNH:0
FNDA:0,listMenu
FNDA:0,getMenu
FNDA:0,treeselect
FNDA:0,roleMenuTreeselect
FNDA:0,addMenu
FNDA:0,updateMenu
FNDA:0,delMenu
DA:5,0
DA:14,0
DA:22,0
DA:30,0
DA:38,0
DA:47,0
DA:56,0
LF:7
LH:0
BRF:0
BRH:0
end_of_record
TN:
SF:src\api\system\notice.js
FN:4,listNotice
FN:13,getNotice
FN:21,addNotice
FN:30,updateNotice
FN:39,delNotice
FNF:5
FNH:0
FNDA:0,listNotice
FNDA:0,getNotice
FNDA:0,addNotice
FNDA:0,updateNotice
FNDA:0,delNotice
DA:5,0
DA:14,0
DA:22,0
DA:31,0
DA:40,0
LF:5
LH:0
BRF:0
BRH:0
end_of_record
TN:
SF:src\api\system\post.js
FN:4,listPost
FN:13,getPost
FN:21,addPost
FN:30,updatePost
FN:39,delPost
FNF:5
FNH:0
FNDA:0,listPost
FNDA:0,getPost
FNDA:0,addPost
FNDA:0,updatePost
FNDA:0,delPost
DA:5,0
DA:14,0
DA:22,0
DA:31,0
DA:40,0
LF:5
LH:0
BRF:0
BRH:0
end_of_record
TN:
SF:src\api\system\role.js
FN:4,listRole
FN:13,getRole
FN:21,addRole
FN:30,updateRole
FN:39,dataScope
FN:48,changeRoleStatus
FN:61,delRole
FN:69,allocatedUserList
FN:78,unallocatedUserList
FN:87,authUserCancel
FN:96,authUserCancelAll
FN:105,authUserSelectAll
FN:114,deptTreeSelect
FNF:13
FNH:0
FNDA:0,listRole
FNDA:0,getRole
FNDA:0,addRole
FNDA:0,updateRole
FNDA:0,dataScope
FNDA:0,changeRoleStatus
FNDA:0,delRole
FNDA:0,allocatedUserList
FNDA:0,unallocatedUserList
FNDA:0,authUserCancel
FNDA:0,authUserCancelAll
FNDA:0,authUserSelectAll
FNDA:0,deptTreeSelect
DA:5,0
DA:14,0
DA:22,0
DA:31,0
DA:40,0
DA:49,0
DA:53,0
DA:62,0
DA:70,0
DA:79,0
DA:88,0
DA:97,0
DA:106,0
DA:115,0
LF:14
LH:0
BRF:0
BRH:0
end_of_record
TN:
SF:src\api\system\user.js
FN:5,listUser
FN:14,getUser
FN:22,addUser
FN:31,updateUser
FN:40,delUser
FN:48,resetUserPwd
FN:61,changeUserStatus
FN:74,getUserProfile
FN:82,updateUserProfile
FN:91,updateUserPwd
FN:104,uploadAvatar
FN:114,getAuthRole
FN:122,updateAuthRole
FN:131,deptTreeSelect
FNF:14
FNH:0
FNDA:0,listUser
FNDA:0,getUser
FNDA:0,addUser
FNDA:0,updateUser
FNDA:0,delUser
FNDA:0,resetUserPwd
FNDA:0,changeUserStatus
FNDA:0,getUserProfile
FNDA:0,updateUserProfile
FNDA:0,updateUserPwd
FNDA:0,uploadAvatar
FNDA:0,getAuthRole
FNDA:0,updateAuthRole
FNDA:0,deptTreeSelect
DA:6,0
DA:15,0
DA:23,0
DA:32,0
DA:41,0
DA:49,0
DA:53,0
DA:62,0
DA:66,0
DA:75,0
DA:83,0
DA:92,0
DA:96,0
DA:105,0
DA:115,0
DA:123,0
DA:132,0
LF:17
LH:0
BRF:0
BRH:0
end_of_record
TN:
SF:src\api\system\dict\data.js
FN:4,listData
FN:13,getData
FN:21,getDicts
FN:29,addData
FN:38,updateData
FN:47,delData
FNF:6
FNH:0
FNDA:0,listData
FNDA:0,getData
FNDA:0,getDicts
FNDA:0,addData
FNDA:0,updateData
FNDA:0,delData
DA:5,0
DA:14,0
DA:22,0
DA:30,0
DA:39,0
DA:48,0
LF:6
LH:0
BRF:0
BRH:0
end_of_record
TN:
SF:src\api\system\dict\type.js
FN:4,listType
FN:13,getType
FN:21,addType
FN:30,updateType
FN:39,delType
FN:47,refreshCache
FN:55,optionselect
FNF:7
FNH:0
FNDA:0,listType
FNDA:0,getType
FNDA:0,addType
FNDA:0,updateType
FNDA:0,delType
FNDA:0,refreshCache
FNDA:0,optionselect
DA:5,0
DA:14,0
DA:22,0
DA:31,0
DA:40,0
DA:48,0
DA:56,0
LF:7
LH:0
BRF:0
BRH:0
end_of_record
TN:
SF:src\api\tool\gen.js
FN:4,listTable
FN:12,listDbTable
FN:21,getGenTable
FN:29,updateGenTable
FN:38,importTable
FN:47,createTable
FN:56,previewTable
FN:64,delTable
FN:72,genCode
FN:80,synchDb
FNF:10
FNH:0
FNDA:0,listTable
FNDA:0,listDbTable
FNDA:0,getGenTable
FNDA:0,updateGenTable
FNDA:0,importTable
FNDA:0,createTable
FNDA:0,previewTable
FNDA:0,delTable
FNDA:0,genCode
FNDA:0,synchDb
DA:5,0
DA:13,0
DA:22,0
DA:30,0
DA:39,0
DA:48,0
DA:57,0
DA:65,0
DA:73,0
DA:81,0
LF:10
LH:0
BRF:0
BRH:0
end_of_record
TN:
SF:src\assets\icons\index.js
FN:8,(anonymous_0)
FNF:1
FNH:0
FNDA:0,(anonymous_0)
DA:5,0
DA:7,0
DA:8,0
DA:9,0
LF:4
LH:0
BRF:0
BRH:0
end_of_record
TN:
SF:src\components\DictData\index.js
FN:6,searchDictByKey
FN:21,install
FN:27,(anonymous_2)
FN:30,(anonymous_3)
FN:32,(anonymous_4)
FN:33,(anonymous_5)
FN:36,(anonymous_6)
FNF:7
FNH:0
FNDA:0,searchDictByKey
FNDA:0,install
FNDA:0,(anonymous_2)
FNDA:0,(anonymous_3)
FNDA:0,(anonymous_4)
FNDA:0,(anonymous_5)
FNDA:0,(anonymous_6)
DA:7,0
DA:8,0
DA:10,0
DA:11,0
DA:12,0
DA:13,0
DA:17,0
DA:22,0
DA:28,0
DA:29,0
DA:30,0
DA:32,0
DA:33,0
DA:34,0
DA:35,0
DA:37,0
LF:16
LH:0
BRDA:7,0,0,0
BRDA:7,0,1,0
BRDA:7,1,0,0
BRDA:7,1,1,0
BRDA:12,2,0,0
BRDA:12,2,1,0
BRDA:29,3,0,0
BRDA:29,3,1,0
BRF:8
BRH:0
end_of_record
TN:
SF:src\components\IconSelect\requireIcons.js
FN:3,(anonymous_0)
FN:7,(anonymous_1)
FNF:2
FNH:0
FNDA:0,(anonymous_0)
FNDA:0,(anonymous_1)
DA:2,0
DA:3,0
DA:5,0
DA:7,0
DA:8,0
LF:5
LH:0
BRF:0
BRH:0
end_of_record
TN:
SF:src\directive\index.js
FN:8,(anonymous_0)
FNF:1
FNH:0
FNDA:0,(anonymous_0)
DA:8,0
DA:9,0
DA:10,0
DA:11,0
DA:12,0
DA:13,0
DA:14,0
DA:17,0
DA:18,0
DA:19,0
DA:20,0
LF:11
LH:0
BRDA:17,0,0,0
BRDA:17,0,1,0
BRF:2
BRH:0
end_of_record
TN:
SF:src\directive\dialog\drag.js
FN:7,(anonymous_0)
FN:26,(anonymous_1)
FN:44,(anonymous_2)
FN:58,(anonymous_3)
FNF:4
FNH:0
FNDA:0,(anonymous_0)
FNDA:0,(anonymous_1)
FNDA:0,(anonymous_2)
FNDA:0,(anonymous_3)
DA:8,0
DA:9,0
DA:11,0
DA:12,0
DA:13,0
DA:15,0
DA:16,0
DA:17,0
DA:18,0
DA:19,0
DA:20,0
DA:22,0
DA:24,0
DA:26,0
DA:28,0
DA:29,0
DA:35,0
DA:36,0
DA:37,0
DA:39,0
DA:40,0
DA:44,0
DA:46,0
DA:47,0
DA:49,0
DA:50,0
DA:53,0
DA:54,0
DA:58,0
DA:59,0
DA:60,0
LF:31
LH:0
BRDA:9,0,0,0
BRDA:9,0,1,0
BRDA:15,1,0,0
BRDA:15,1,1,0
BRDA:19,2,0,0
BRDA:19,2,1,0
BRDA:35,3,0,0
BRDA:35,3,1,0
BRF:8
BRH:0
end_of_record
TN:
SF:src\directive\dialog\dragHeight.js
FN:7,(anonymous_0)
FN:12,(anonymous_1)
FN:19,(anonymous_2)
FN:27,(anonymous_3)
FNF:4
FNH:0
FNDA:0,(anonymous_0)
FNDA:0,(anonymous_1)
FNDA:0,(anonymous_2)
FNDA:0,(anonymous_3)
DA:8,0
DA:9,0
DA:10,0
DA:11,0
DA:14,0
DA:15,0
DA:17,0
DA:18,0
DA:19,0
DA:20,0
DA:22,0
DA:23,0
DA:24,0
DA:25,0
DA:27,0
DA:28,0
DA:29,0
DA:32,0
LF:18
LH:0
BRF:0
BRH:0
end_of_record
TN:
SF:src\directive\dialog\dragWidth.js
FN:7,(anonymous_0)
FN:12,(anonymous_1)
FN:17,(anonymous_2)
FN:23,(anonymous_3)
FNF:4
FNH:0
FNDA:0,(anonymous_0)
FNDA:0,(anonymous_1)
FNDA:0,(anonymous_2)
FNDA:0,(anonymous_3)
DA:8,0
DA:9,0
DA:10,0
DA:11,0
DA:14,0
DA:16,0
DA:17,0
DA:18,0
DA:20,0
DA:21,0
DA:23,0
DA:24,0
DA:25,0
DA:28,0
LF:14
LH:0
BRF:0
BRH:0
end_of_record
TN:
SF:src\directive\module\clipboard.js
FN:8,(anonymous_0)
FN:18,(anonymous_1)
FN:19,(anonymous_2)
FN:21,(anonymous_3)
FN:25,(anonymous_4)
FN:33,(anonymous_5)
FN:39,(anonymous_6)
FN:40,(anonymous_7)
FN:43,(anonymous_8)
FNF:9
FNH:0
FNDA:0,(anonymous_0)
FNDA:0,(anonymous_1)
FNDA:0,(anonymous_2)
FNDA:0,(anonymous_3)
FNDA:0,(anonymous_4)
FNDA:0,(anonymous_5)
FNDA:0,(anonymous_6)
FNDA:0,(anonymous_7)
FNDA:0,(anonymous_8)
DA:9,0
DA:11,0
DA:12,0
DA:14,0
DA:15,0
DA:17,0
DA:18,0
DA:19,0
DA:21,0
DA:22,0
DA:23,0
DA:25,0
DA:26,0
DA:27,0
DA:29,0
DA:34,0
DA:35,0
DA:36,0
DA:37,0
DA:39,0
DA:40,0
DA:44,0
DA:45,0
DA:46,0
DA:47,0
DA:48,0
DA:50,0
DA:51,0
LF:28
LH:0
BRDA:9,0,0,0
BRDA:9,0,1,0
BRDA:9,0,2,0
BRDA:19,1,0,0
BRDA:19,1,1,0
BRDA:23,2,0,0
BRDA:23,2,1,0
BRDA:27,3,0,0
BRDA:27,3,1,0
BRDA:34,4,0,0
BRDA:34,4,1,0
BRDA:36,5,0,0
BRDA:36,5,1,0
BRDA:40,6,0,0
BRDA:40,6,1,0
BRDA:44,7,0,0
BRDA:44,7,1,0
BRDA:45,8,0,0
BRDA:45,8,1,0
BRDA:47,9,0,0
BRDA:47,9,1,0
BRF:21
BRH:0
end_of_record
TN:
SF:src\directive\permission\hasPermi.js
FN:9,(anonymous_0)
FN:17,(anonymous_1)
FNF:2
FNH:0
FNDA:0,(anonymous_0)
FNDA:0,(anonymous_1)
DA:10,0
DA:11,0
DA:12,0
DA:14,0
DA:15,0
DA:17,0
DA:18,0
DA:21,0
DA:22,0
DA:25,0
LF:10
LH:0
BRDA:12,0,0,0
BRDA:12,0,1,0
BRDA:14,1,0,0
BRDA:14,1,1,0
BRDA:14,2,0,0
BRDA:14,2,1,0
BRDA:14,2,2,0
BRDA:18,3,0,0
BRDA:18,3,1,0
BRDA:21,4,0,0
BRDA:21,4,1,0
BRDA:22,5,0,0
BRDA:22,5,1,0
BRF:13
BRH:0
end_of_record
TN:
SF:src\directive\permission\hasRole.js
FN:9,(anonymous_0)
FN:17,(anonymous_1)
FNF:2
FNH:0
FNDA:0,(anonymous_0)
FNDA:0,(anonymous_1)
DA:10,0
DA:11,0
DA:12,0
DA:14,0
DA:15,0
DA:17,0
DA:18,0
DA:21,0
DA:22,0
DA:25,0
LF:10
LH:0
BRDA:12,0,0,0
BRDA:12,0,1,0
BRDA:14,1,0,0
BRDA:14,1,1,0
BRDA:14,2,0,0
BRDA:14,2,1,0
BRDA:14,2,2,0
BRDA:18,3,0,0
BRDA:18,3,1,0
BRDA:21,4,0,0
BRDA:21,4,1,0
BRDA:22,5,0,0
BRDA:22,5,1,0
BRF:13
BRH:0
end_of_record
TN:
SF:src\layout\components\index.js
FNF:0
FNH:0
LF:0
LH:0
BRF:0
BRH:0
end_of_record
TN:
SF:src\layout\components\Sidebar\FixiOSBug.js
FN:3,(anonymous_0)
FN:7,(anonymous_1)
FN:12,(anonymous_2)
FN:16,(anonymous_3)
FNF:4
FNH:0
FNDA:0,(anonymous_0)
FNDA:0,(anonymous_1)
FNDA:0,(anonymous_2)
FNDA:0,(anonymous_3)
DA:4,0
DA:9,0
DA:13,0
DA:14,0
DA:15,0
DA:16,0
DA:17,0
DA:18,0
DA:20,0
LF:9
LH:0
BRDA:14,0,0,0
BRDA:14,0,1,0
BRDA:17,1,0,0
BRDA:17,1,1,0
BRF:4
BRH:0
end_of_record
TN:
SF:src\layout\mixin\ResizeHandler.js
FN:8,(anonymous_0)
FN:14,(anonymous_1)
FN:17,(anonymous_2)
FN:20,(anonymous_3)
FN:30,(anonymous_4)
FN:34,(anonymous_5)
FNF:6
FNH:0
FNDA:0,(anonymous_0)
FNDA:0,(anonymous_1)
FNDA:0,(anonymous_2)
FNDA:0,(anonymous_3)
FNDA:0,(anonymous_4)
FNDA:0,(anonymous_5)
DA:3,0
DA:4,0
DA:9,0
DA:10,0
DA:15,0
DA:18,0
DA:21,0
DA:22,0
DA:23,0
DA:24,0
DA:31,0
DA:32,0
DA:35,0
DA:36,0
DA:37,0
DA:39,0
DA:40,0
LF:17
LH:0
BRDA:9,0,0,0
BRDA:9,0,1,0
BRDA:9,1,0,0
BRDA:9,1,1,0
BRDA:22,2,0,0
BRDA:22,2,1,0
BRDA:35,3,0,0
BRDA:35,3,1,0
BRDA:37,4,0,0
BRDA:37,4,1,0
BRDA:39,5,0,0
BRDA:39,5,1,0
BRF:12
BRH:0
end_of_record
TN:
SF:src\plugins\auth.js
FN:3,authPermission
FN:7,(anonymous_1)
FN:15,authRole
FN:19,(anonymous_3)
FN:29,(anonymous_4)
FN:33,(anonymous_5)
FN:34,(anonymous_6)
FN:39,(anonymous_7)
FN:40,(anonymous_8)
FN:45,(anonymous_9)
FN:49,(anonymous_10)
FN:50,(anonymous_11)
FN:55,(anonymous_12)
FN:56,(anonymous_13)
FNF:14
FNH:0
FNDA:0,authPermission
FNDA:0,(anonymous_1)
FNDA:0,authRole
FNDA:0,(anonymous_3)
FNDA:0,(anonymous_4)
FNDA:0,(anonymous_5)
FNDA:0,(anonymous_6)
FNDA:0,(anonymous_7)
FNDA:0,(anonymous_8)
FNDA:0,(anonymous_9)
FNDA:0,(anonymous_10)
FNDA:0,(anonymous_11)
FNDA:0,(anonymous_12)
FNDA:0,(anonymous_13)
DA:4,0
DA:5,0
DA:6,0
DA:7,0
DA:8,0
DA:11,0
DA:16,0
DA:17,0
DA:18,0
DA:19,0
DA:20,0
DA:23,0
DA:30,0
DA:34,0
DA:35,0
DA:40,0
DA:41,0
DA:46,0
DA:50,0
DA:51,0
DA:56,0
DA:57,0
LF:22
LH:0
BRDA:5,0,0,0
BRDA:5,0,1,0
BRDA:6,1,0,0
BRDA:6,1,1,0
BRDA:6,2,0,0
BRDA:6,2,1,0
BRDA:8,3,0,0
BRDA:8,3,1,0
BRDA:17,4,0,0
BRDA:17,4,1,0
BRDA:18,5,0,0
BRDA:18,5,1,0
BRDA:18,6,0,0
BRDA:18,6,1,0
BRDA:20,7,0,0
BRDA:20,7,1,0
BRF:16
BRH:0
end_of_record
TN:
SF:src\plugins\cache.js
FN:2,(anonymous_0)
FN:10,(anonymous_1)
FN:19,(anonymous_2)
FN:24,(anonymous_3)
FN:31,(anonymous_4)
FN:36,(anonymous_5)
FN:44,(anonymous_6)
FN:53,(anonymous_7)
FN:58,(anonymous_8)
FN:65,(anonymous_9)
FNF:10
FNH:0
FNDA:0,(anonymous_0)
FNDA:0,(anonymous_1)
FNDA:0,(anonymous_2)
FNDA:0,(anonymous_3)
FNDA:0,(anonymous_4)
FNDA:0,(anonymous_5)
FNDA:0,(anonymous_6)
FNDA:0,(anonymous_7)
FNDA:0,(anonymous_8)
FNDA:0,(anonymous_9)
DA:1,0
DA:3,0
DA:4,0
DA:6,0
DA:7,0
DA:11,0
DA:12,0
DA:14,0
DA:15,0
DA:17,0
DA:20,0
DA:21,0
DA:25,0
DA:26,0
DA:27,0
DA:29,0
DA:32,0
DA:35,0
DA:37,0
DA:38,0
DA:40,0
DA:41,0
DA:45,0
DA:46,0
DA:48,0
DA:49,0
DA:51,0
DA:54,0
DA:55,0
DA:59,0
DA:60,0
DA:61,0
DA:63,0
DA:66,0
LF:34
LH:0
BRDA:3,0,0,0
BRDA:3,0,1,0
BRDA:6,1,0,0
BRDA:6,1,1,0
BRDA:6,2,0,0
BRDA:6,2,1,0
BRDA:11,3,0,0
BRDA:11,3,1,0
BRDA:14,4,0,0
BRDA:14,4,1,0
BRDA:20,5,0,0
BRDA:20,5,1,0
BRDA:26,6,0,0
BRDA:26,6,1,0
BRDA:37,7,0,0
BRDA:37,7,1,0
BRDA:40,8,0,0
BRDA:40,8,1,0
BRDA:40,9,0,0
BRDA:40,9,1,0
BRDA:45,10,0,0
BRDA:45,10,1,0
BRDA:48,11,0,0
BRDA:48,11,1,0
BRDA:54,12,0,0
BRDA:54,12,1,0
BRDA:60,13,0,0
BRDA:60,13,1,0
BRF:28
BRH:0
end_of_record
TN:
SF:src\plugins\download.js
FN:12,(anonymous_0)
FN:19,(anonymous_1)
FN:29,(anonymous_2)
FN:36,(anonymous_3)
FN:46,(anonymous_4)
FN:54,(anonymous_5)
FN:63,(anonymous_6)
FN:69,(anonymous_7)
FN:72,(anonymous_8)
FNF:9
FNH:0
FNDA:0,(anonymous_0)
FNDA:0,(anonymous_1)
FNDA:0,(anonymous_2)
FNDA:0,(anonymous_3)
FNDA:0,(anonymous_4)
FNDA:0,(anonymous_5)
FNDA:0,(anonymous_6)
FNDA:0,(anonymous_7)
FNDA:0,(anonymous_8)
DA:8,0
DA:13,0
DA:14,0
DA:20,0
DA:21,0
DA:22,0
DA:23,0
DA:25,0
DA:30,0
DA:31,0
DA:37,0
DA:38,0
DA:39,0
DA:40,0
DA:42,0
DA:47,0
DA:48,0
DA:49,0
DA:55,0
DA:56,0
DA:57,0
DA:58,0
DA:60,0
DA:62,0
DA:64,0
DA:65,0
DA:66,0
DA:70,0
DA:73,0
DA:74,0
DA:75,0
DA:76,0
LF:32
LH:0
BRDA:12,0,0,0
BRDA:21,1,0,0
BRDA:21,1,1,0
BRDA:38,2,0,0
BRDA:38,2,1,0
BRDA:56,3,0,0
BRDA:56,3,1,0
BRDA:75,4,0,0
BRDA:75,4,1,0
BRDA:75,4,2,0
BRF:10
BRH:0
end_of_record
TN:
SF:src\plugins\index.js
FN:8,(anonymous_0)
FNF:1
FNH:0
FNDA:0,(anonymous_0)
DA:10,0
DA:12,0
DA:14,0
DA:16,0
DA:18,0
LF:5
LH:0
BRF:0
BRH:0
end_of_record
TN:
SF:src\plugins\modal.js
FN:7,(anonymous_0)
FN:11,(anonymous_1)
FN:15,(anonymous_2)
FN:19,(anonymous_3)
FN:23,(anonymous_4)
FN:27,(anonymous_5)
FN:31,(anonymous_6)
FN:35,(anonymous_7)
FN:39,(anonymous_8)
FN:43,(anonymous_9)
FN:47,(anonymous_10)
FN:51,(anonymous_11)
FN:55,(anonymous_12)
FN:63,(anonymous_13)
FN:71,(anonymous_14)
FN:80,(anonymous_15)
FNF:16
FNH:0
FNDA:0,(anonymous_0)
FNDA:0,(anonymous_1)
FNDA:0,(anonymous_2)
FNDA:0,(anonymous_3)
FNDA:0,(anonymous_4)
FNDA:0,(anonymous_5)
FNDA:0,(anonymous_6)
FNDA:0,(anonymous_7)
FNDA:0,(anonymous_8)
FNDA:0,(anonymous_9)
FNDA:0,(anonymous_10)
FNDA:0,(anonymous_11)
FNDA:0,(anonymous_12)
FNDA:0,(anonymous_13)
FNDA:0,(anonymous_14)
FNDA:0,(anonymous_15)
DA:8,0
DA:12,0
DA:16,0
DA:20,0
DA:24,0
DA:28,0
DA:32,0
DA:36,0
DA:40,0
DA:44,0
DA:48,0
DA:52,0
DA:56,0
DA:64,0
DA:72,0
DA:81,0
LF:16
LH:0
BRF:0
BRH:0
end_of_record
TN:
SF:src\plugins\tab.js
FN:6,(anonymous_0)
FN:9,(anonymous_1)
FN:17,(anonymous_2)
FN:26,(anonymous_3)
FN:33,(anonymous_4)
FN:35,(anonymous_5)
FN:46,(anonymous_6)
FN:50,(anonymous_7)
FN:54,(anonymous_8)
FN:58,(anonymous_9)
FN:62,(anonymous_10)
FN:68,(anonymous_11)
FNF:12
FNH:0
FNDA:0,(anonymous_0)
FNDA:0,(anonymous_1)
FNDA:0,(anonymous_2)
FNDA:0,(anonymous_3)
FNDA:0,(anonymous_4)
FNDA:0,(anonymous_5)
FNDA:0,(anonymous_6)
FNDA:0,(anonymous_7)
FNDA:0,(anonymous_8)
FNDA:0,(anonymous_9)
FNDA:0,(anonymous_10)
FNDA:0,(anonymous_11)
DA:7,0
DA:8,0
DA:9,0
DA:10,0
DA:11,0
DA:12,0
DA:17,0
DA:18,0
DA:19,0
DA:27,0
DA:28,0
DA:29,0
DA:34,0
DA:35,0
DA:36,0
DA:37,0
DA:38,0
DA:40,0
DA:43,0
DA:47,0
DA:51,0
DA:55,0
DA:59,0
DA:63,0
DA:64,0
DA:65,0
DA:69,0
LF:27
LH:0
BRDA:8,0,0,0
BRDA:8,0,1,0
BRDA:10,1,0,0
BRDA:10,1,1,0
BRDA:10,2,0,0
BRDA:10,2,1,0
BRDA:10,2,2,0
BRDA:11,3,0,0
BRDA:11,3,1,0
BRDA:28,4,0,0
BRDA:28,4,1,0
BRDA:34,5,0,0
BRDA:34,5,1,0
BRDA:37,6,0,0
BRDA:37,6,1,0
BRDA:51,7,0,0
BRDA:51,7,1,0
BRDA:55,8,0,0
BRDA:55,8,1,0
BRDA:59,9,0,0
BRDA:59,9,1,0
BRF:21
BRH:0
end_of_record
TN:
SF:src\store\getters.js
FN:2,(anonymous_0)
FN:3,(anonymous_1)
FN:4,(anonymous_2)
FN:5,(anonymous_3)
FN:6,(anonymous_4)
FN:7,(anonymous_5)
FN:8,(anonymous_6)
FN:9,(anonymous_7)
FN:10,(anonymous_8)
FN:11,(anonymous_9)
FN:12,(anonymous_10)
FN:13,(anonymous_11)
FN:14,(anonymous_12)
FN:15,(anonymous_13)
FN:16,(anonymous_14)
FN:17,(anonymous_15)
FN:18,(anonymous_16)
FN:19,(anonymous_17)
FNF:18
FNH:0
FNDA:0,(anonymous_0)
FNDA:0,(anonymous_1)
FNDA:0,(anonymous_2)
FNDA:0,(anonymous_3)
FNDA:0,(anonymous_4)
FNDA:0,(anonymous_5)
FNDA:0,(anonymous_6)
FNDA:0,(anonymous_7)
FNDA:0,(anonymous_8)
FNDA:0,(anonymous_9)
FNDA:0,(anonymous_10)
FNDA:0,(anonymous_11)
FNDA:0,(anonymous_12)
FNDA:0,(anonymous_13)
FNDA:0,(anonymous_14)
FNDA:0,(anonymous_15)
FNDA:0,(anonymous_16)
FNDA:0,(anonymous_17)
DA:1,0
DA:2,0
DA:3,0
DA:4,0
DA:5,0
DA:6,0
DA:7,0
DA:8,0
DA:9,0
DA:10,0
DA:11,0
DA:12,0
DA:13,0
DA:14,0
DA:15,0
DA:16,0
DA:17,0
DA:18,0
DA:19,0
LF:19
LH:0
BRF:0
BRH:0
end_of_record
TN:
SF:src\store\index.js
FNF:0
FNH:0
DA:11,0
DA:13,0
LF:2
LH:0
BRF:0
BRH:0
end_of_record
TN:
SF:src\store\modules\app.js
FN:14,(anonymous_0)
FN:26,(anonymous_1)
FN:31,(anonymous_2)
FN:34,(anonymous_3)
FN:38,(anonymous_4)
FN:44,(anonymous_5)
FN:47,(anonymous_6)
FN:50,(anonymous_7)
FN:53,(anonymous_8)
FN:56,(anonymous_9)
FNF:10
FNH:0
FNDA:0,(anonymous_0)
FNDA:0,(anonymous_1)
FNDA:0,(anonymous_2)
FNDA:0,(anonymous_3)
FNDA:0,(anonymous_4)
FNDA:0,(anonymous_5)
FNDA:0,(anonymous_6)
FNDA:0,(anonymous_7)
FNDA:0,(anonymous_8)
FNDA:0,(anonymous_9)
DA:3,0
DA:13,0
DA:15,0
DA:16,0
DA:18,0
DA:19,0
DA:20,0
DA:21,0
DA:23,0
DA:27,0
DA:28,0
DA:29,0
DA:32,0
DA:35,0
DA:36,0
DA:39,0
DA:43,0
DA:45,0
DA:48,0
DA:51,0
DA:54,0
DA:57,0
LF:22
LH:0
BRDA:5,0,0,0
BRDA:5,0,1,0
BRDA:10,1,0,0
BRDA:10,1,1,0
BRDA:15,2,0,0
BRDA:15,2,1,0
BRDA:20,3,0,0
BRDA:20,3,1,0
BRF:8
BRH:0
end_of_record
TN:
SF:src\store\modules\dict.js
FN:5,(anonymous_0)
FN:13,(anonymous_1)
FN:24,(anonymous_2)
FN:31,(anonymous_3)
FN:35,(anonymous_4)
FN:39,(anonymous_5)
FNF:6
FNH:0
FNDA:0,(anonymous_0)
FNDA:0,(anonymous_1)
FNDA:0,(anonymous_2)
FNDA:0,(anonymous_3)
FNDA:0,(anonymous_4)
FNDA:0,(anonymous_5)
DA:1,0
DA:4,0
DA:6,0
DA:7,0
DA:14,0
DA:15,0
DA:16,0
DA:17,0
DA:18,0
DA:25,0
DA:29,0
DA:32,0
DA:36,0
DA:40,0
LF:14
LH:0
BRDA:6,0,0,0
BRDA:6,0,1,0
BRDA:6,1,0,0
BRDA:6,1,1,0
BRDA:16,2,0,0
BRDA:16,2,1,0
BRF:6
BRH:0
end_of_record
TN:
SF:src\store\modules\permission.js
FN:17,(anonymous_0)
FN:21,(anonymous_1)
FN:24,(anonymous_2)
FN:27,(anonymous_3)
FN:33,(anonymous_4)
FN:34,(anonymous_5)
FN:36,(anonymous_6)
FN:56,filterAsyncRouter
FN:57,(anonymous_8)
FN:83,filterChildren
FN:85,(anonymous_10)
FN:97,filterDynamicRoutes
FN:99,(anonymous_12)
FN:113,(anonymous_13)
FN:115,(anonymous_14)
FN:118,(anonymous_15)
FNF:16
FNH:0
FNDA:0,(anonymous_0)
FNDA:0,(anonymous_1)
FNDA:0,(anonymous_2)
FNDA:0,(anonymous_3)
FNDA:0,(anonymous_4)
FNDA:0,(anonymous_5)
FNDA:0,(anonymous_6)
FNDA:0,filterAsyncRouter
FNDA:0,(anonymous_8)
FNDA:0,filterChildren
FNDA:0,(anonymous_10)
FNDA:0,filterDynamicRoutes
FNDA:0,(anonymous_12)
FNDA:0,(anonymous_13)
FNDA:0,(anonymous_14)
FNDA:0,(anonymous_15)
DA:8,0
DA:18,0
DA:19,0
DA:22,0
DA:25,0
DA:28,0
DA:34,0
DA:36,0
DA:37,0
DA:38,0
DA:39,0
DA:40,0
DA:41,0
DA:42,0
DA:43,0
DA:44,0
DA:45,0
DA:46,0
DA:47,0
DA:48,0
DA:57,0
DA:58,0
DA:59,0
DA:61,0
DA:63,0
DA:64,0
DA:65,0
DA:66,0
DA:67,0
DA:68,0
DA:70,0
DA:73,0
DA:74,0
DA:76,0
DA:77,0
DA:79,0
DA:84,0
DA:85,0
DA:86,0
DA:87,0
DA:88,0
DA:90,0
DA:93,0
DA:98,0
DA:99,0
DA:100,0
DA:101,0
DA:102,0
DA:104,0
DA:105,0
DA:106,0
DA:110,0
DA:113,0
DA:114,0
DA:115,0
DA:118,0
LF:56
LH:0
BRDA:56,0,0,0
BRDA:56,1,0,0
BRDA:58,2,0,0
BRDA:58,2,1,0
BRDA:58,3,0,0
BRDA:58,3,1,0
BRDA:61,4,0,0
BRDA:61,4,1,0
BRDA:63,5,0,0
BRDA:63,5,1,0
BRDA:65,6,0,0
BRDA:65,6,1,0
BRDA:67,7,0,0
BRDA:67,7,1,0
BRDA:73,8,0,0
BRDA:73,8,1,0
BRDA:73,9,0,0
BRDA:73,9,1,0
BRDA:73,9,2,0
BRDA:83,10,0,0
BRDA:86,11,0,0
BRDA:86,11,1,0
BRDA:87,12,0,0
BRDA:87,12,1,0
BRDA:87,13,0,0
BRDA:87,13,1,0
BRDA:87,13,2,0
BRDA:100,14,0,0
BRDA:100,14,1,0
BRDA:101,15,0,0
BRDA:101,15,1,0
BRDA:104,16,0,0
BRDA:104,16,1,0
BRDA:105,17,0,0
BRDA:105,17,1,0
BRDA:114,18,0,0
BRDA:114,18,1,0
BRF:37
BRH:0
end_of_record
TN:
SF:src\store\modules\settings.js
FN:22,(anonymous_0)
FN:31,(anonymous_1)
FN:35,(anonymous_2)
FNF:3
FNH:0
FNDA:0,(anonymous_0)
FNDA:0,(anonymous_1)
FNDA:0,(anonymous_2)
DA:4,0
DA:6,0
DA:7,0
DA:21,0
DA:23,0
DA:24,0
DA:29,0
DA:32,0
DA:36,0
DA:37,0
LF:10
LH:0
BRDA:6,0,0,0
BRDA:6,0,1,0
BRDA:9,1,0,0
BRDA:9,1,1,0
BRDA:10,2,0,0
BRDA:10,2,1,0
BRDA:12,3,0,0
BRDA:12,3,1,0
BRDA:13,4,0,0
BRDA:13,4,1,0
BRDA:14,5,0,0
BRDA:14,5,1,0
BRDA:15,6,0,0
BRDA:15,6,1,0
BRDA:16,7,0,0
BRDA:16,7,1,0
BRDA:17,8,0,0
BRDA:17,8,1,0
BRDA:18,9,0,0
BRDA:18,9,1,0
BRDA:23,10,0,0
BRDA:23,10,1,0
BRF:22
BRH:0
end_of_record
TN:
SF:src\store\modules\tagsView.js
FN:8,(anonymous_0)
FN:9,(anonymous_1)
FN:16,(anonymous_2)
FN:17,(anonymous_3)
FN:24,(anonymous_4)
FN:30,(anonymous_5)
FN:37,(anonymous_6)
FN:39,(anonymous_7)
FN:40,(anonymous_8)
FN:42,(anonymous_9)
FN:47,(anonymous_10)
FN:48,(anonymous_11)
FN:51,(anonymous_12)
FN:53,(anonymous_13)
FN:61,(anonymous_14)
FN:63,(anonymous_15)
FN:67,(anonymous_16)
FN:70,(anonymous_17)
FN:78,(anonymous_18)
FN:79,(anonymous_19)
FN:83,(anonymous_20)
FN:92,(anonymous_21)
FN:98,(anonymous_22)
FN:99,(anonymous_23)
FN:103,(anonymous_24)
FN:112,(anonymous_25)
FN:121,(anonymous_26)
FN:125,(anonymous_27)
FN:128,(anonymous_28)
FN:131,(anonymous_29)
FN:134,(anonymous_30)
FN:135,(anonymous_31)
FN:144,(anonymous_32)
FN:145,(anonymous_33)
FN:150,(anonymous_34)
FN:151,(anonymous_35)
FN:156,(anonymous_36)
FN:157,(anonymous_37)
FN:162,(anonymous_38)
FN:163,(anonymous_39)
FN:172,(anonymous_40)
FN:173,(anonymous_41)
FN:178,(anonymous_42)
FN:179,(anonymous_43)
FN:184,(anonymous_44)
FN:185,(anonymous_45)
FN:194,(anonymous_46)
FN:195,(anonymous_47)
FN:200,(anonymous_48)
FN:201,(anonymous_49)
FN:206,(anonymous_50)
FN:209,(anonymous_51)
FN:210,(anonymous_52)
FN:215,(anonymous_53)
FN:216,(anonymous_54)
FNF:55
FNH:0
FNDA:0,(anonymous_0)
FNDA:0,(anonymous_1)
FNDA:0,(anonymous_2)
FNDA:0,(anonymous_3)
FNDA:0,(anonymous_4)
FNDA:0,(anonymous_5)
FNDA:0,(anonymous_6)
FNDA:0,(anonymous_7)
FNDA:0,(anonymous_8)
FNDA:0,(anonymous_9)
FNDA:0,(anonymous_10)
FNDA:0,(anonymous_11)
FNDA:0,(anonymous_12)
FNDA:0,(anonymous_13)
FNDA:0,(anonymous_14)
FNDA:0,(anonymous_15)
FNDA:0,(anonymous_16)
FNDA:0,(anonymous_17)
FNDA:0,(anonymous_18)
FNDA:0,(anonymous_19)
FNDA:0,(anonymous_20)
FNDA:0,(anonymous_21)
FNDA:0,(anonymous_22)
FNDA:0,(anonymous_23)
FNDA:0,(anonymous_24)
FNDA:0,(anonymous_25)
FNDA:0,(anonymous_26)
FNDA:0,(anonymous_27)
FNDA:0,(anonymous_28)
FNDA:0,(anonymous_29)
FNDA:0,(anonymous_30)
FNDA:0,(anonymous_31)
FNDA:0,(anonymous_32)
FNDA:0,(anonymous_33)
FNDA:0,(anonymous_34)
FNDA:0,(anonymous_35)
FNDA:0,(anonymous_36)
FNDA:0,(anonymous_37)
FNDA:0,(anonymous_38)
FNDA:0,(anonymous_39)
FNDA:0,(anonymous_40)
FNDA:0,(anonymous_41)
FNDA:0,(anonymous_42)
FNDA:0,(anonymous_43)
FNDA:0,(anonymous_44)
FNDA:0,(anonymous_45)
FNDA:0,(anonymous_46)
FNDA:0,(anonymous_47)
FNDA:0,(anonymous_48)
FNDA:0,(anonymous_49)
FNDA:0,(anonymous_50)
FNDA:0,(anonymous_51)
FNDA:0,(anonymous_52)
FNDA:0,(anonymous_53)
FNDA:0,(anonymous_54)
DA:1,0
DA:7,0
DA:9,0
DA:10,0
DA:17,0
DA:18,0
DA:25,0
DA:26,0
DA:27,0
DA:31,0
DA:32,0
DA:33,0
DA:34,0
DA:37,0
DA:40,0
DA:43,0
DA:44,0
DA:48,0
DA:49,0
DA:51,0
DA:54,0
DA:55,0
DA:56,0
DA:58,0
DA:63,0
DA:64,0
DA:65,0
DA:68,0
DA:71,0
DA:72,0
DA:73,0
DA:74,0
DA:79,0
DA:80,0
DA:81,0
DA:83,0
DA:84,0
DA:85,0
DA:87,0
DA:88,0
DA:89,0
DA:91,0
DA:92,0
DA:93,0
DA:95,0
DA:99,0
DA:100,0
DA:101,0
DA:103,0
DA:104,0
DA:105,0
DA:107,0
DA:108,0
DA:109,0
DA:111,0
DA:112,0
DA:113,0
DA:115,0
DA:120,0
DA:122,0
DA:123,0
DA:126,0
DA:129,0
DA:132,0
DA:135,0
DA:136,0
DA:137,0
DA:138,0
DA:145,0
DA:146,0
DA:147,0
DA:151,0
DA:152,0
DA:153,0
DA:157,0
DA:158,0
DA:159,0
DA:163,0
DA:164,0
DA:165,0
DA:166,0
DA:173,0
DA:174,0
DA:175,0
DA:179,0
DA:180,0
DA:181,0
DA:185,0
DA:186,0
DA:187,0
DA:188,0
DA:195,0
DA:196,0
DA:197,0
DA:201,0
DA:202,0
DA:203,0
DA:207,0
DA:210,0
DA:211,0
DA:212,0
DA:216,0
DA:217,0
DA:218,0
LF:104
LH:0
BRDA:9,0,0,0
BRDA:9,0,1,0
BRDA:12,1,0,0
BRDA:12,1,1,0
BRDA:17,2,0,0
BRDA:17,2,1,0
BRDA:20,3,0,0
BRDA:20,3,1,0
BRDA:25,4,0,0
BRDA:25,4,1,0
BRDA:26,5,0,0
BRDA:26,5,1,0
BRDA:26,6,0,0
BRDA:26,6,1,0
BRDA:32,7,0,0
BRDA:32,7,1,0
BRDA:44,8,0,0
BRDA:44,8,1,0
BRDA:49,9,0,0
BRDA:49,9,1,0
BRDA:55,10,0,0
BRDA:55,10,1,0
BRDA:72,11,0,0
BRDA:72,11,1,0
BRDA:80,12,0,0
BRDA:80,12,1,0
BRDA:84,13,0,0
BRDA:84,13,1,0
BRDA:84,14,0,0
BRDA:84,14,1,0
BRDA:84,14,2,0
BRDA:88,15,0,0
BRDA:88,15,1,0
BRDA:91,16,0,0
BRDA:91,16,1,0
BRDA:100,17,0,0
BRDA:100,17,1,0
BRDA:104,18,0,0
BRDA:104,18,1,0
BRDA:104,19,0,0
BRDA:104,19,1,0
BRDA:104,19,2,0
BRDA:108,20,0,0
BRDA:108,20,1,0
BRDA:111,21,0,0
BRDA:111,21,1,0
BRF:46
BRH:0
end_of_record
TN:
SF:src\store\modules\user.js
FN:20,(anonymous_0)
FN:23,(anonymous_1)
FN:26,(anonymous_2)
FN:29,(anonymous_3)
FN:32,(anonymous_4)
FN:35,(anonymous_5)
FN:38,(anonymous_6)
FN:45,(anonymous_7)
FN:50,(anonymous_8)
FN:51,(anonymous_9)
FN:55,(anonymous_10)
FN:62,(anonymous_11)
FN:63,(anonymous_12)
FN:64,(anonymous_13)
FN:82,(anonymous_14)
FN:84,(anonymous_15)
FN:88,(anonymous_16)
FN:90,(anonymous_17)
FN:93,(anonymous_18)
FN:100,(anonymous_19)
FN:101,(anonymous_20)
FN:102,(anonymous_21)
FN:108,(anonymous_22)
FN:115,(anonymous_23)
FN:116,(anonymous_24)
FNF:25
FNH:0
FNDA:0,(anonymous_0)
FNDA:0,(anonymous_1)
FNDA:0,(anonymous_2)
FNDA:0,(anonymous_3)
FNDA:0,(anonymous_4)
FNDA:0,(anonymous_5)
FNDA:0,(anonymous_6)
FNDA:0,(anonymous_7)
FNDA:0,(anonymous_8)
FNDA:0,(anonymous_9)
FNDA:0,(anonymous_10)
FNDA:0,(anonymous_11)
FNDA:0,(anonymous_12)
FNDA:0,(anonymous_13)
FNDA:0,(anonymous_14)
FNDA:0,(anonymous_15)
FNDA:0,(anonymous_16)
FNDA:0,(anonymous_17)
FNDA:0,(anonymous_18)
FNDA:0,(anonymous_19)
FNDA:0,(anonymous_20)
FNDA:0,(anonymous_21)
FNDA:0,(anonymous_22)
FNDA:0,(anonymous_23)
FNDA:0,(anonymous_24)
DA:8,0
DA:21,0
DA:24,0
DA:27,0
DA:30,0
DA:33,0
DA:36,0
DA:39,0
DA:46,0
DA:47,0
DA:48,0
DA:49,0
DA:50,0
DA:51,0
DA:52,0
DA:53,0
DA:54,0
DA:56,0
DA:63,0
DA:64,0
DA:65,0
DA:66,0
DA:67,0
DA:68,0
DA:70,0
DA:71,0
DA:72,0
DA:74,0
DA:76,0
DA:77,0
DA:78,0
DA:79,0
DA:81,0
DA:82,0
DA:83,0
DA:87,0
DA:88,0
DA:89,0
DA:92,0
DA:94,0
DA:101,0
DA:102,0
DA:103,0
DA:104,0
DA:105,0
DA:106,0
DA:107,0
DA:109,0
DA:116,0
DA:117,0
DA:118,0
DA:119,0
LF:52
LH:0
BRDA:66,0,0,0
BRDA:66,0,1,0
BRDA:67,1,0,0
BRDA:67,1,1,0
BRDA:68,2,0,0
BRDA:68,2,1,0
BRDA:70,3,0,0
BRDA:70,3,1,0
BRDA:70,4,0,0
BRDA:70,4,1,0
BRDA:81,5,0,0
BRDA:81,5,1,0
BRDA:87,6,0,0
BRDA:87,6,1,0
BRDA:87,7,0,0
BRDA:87,7,1,0
BRF:16
BRH:0
end_of_record
TN:
SF:src\utils\auth.js
FN:5,getToken
FN:9,setToken
FN:13,removeToken
FNF:3
FNH:0
FNDA:0,getToken
FNDA:0,setToken
FNDA:0,removeToken
DA:3,0
DA:6,0
DA:10,0
DA:14,0
LF:4
LH:0
BRF:0
BRH:0
end_of_record
TN:
SF:src\utils\dynamicTitle.js
FN:7,useDynamicTitle
FNF:1
FNH:0
FNDA:0,useDynamicTitle
DA:8,0
DA:9,0
DA:11,0
LF:3
LH:0
BRDA:8,0,0,0
BRDA:8,0,1,0
BRF:2
BRH:0
end_of_record
TN:
SF:src\utils\errorCode.js
FNF:0
FNH:0
LF:0
LH:0
BRF:0
BRH:0
end_of_record
TN:
SF:src\utils\index.js
FN:6,formatDate
FN:23,formatTime
FN:65,getQueryObject
FN:70,(anonymous_3)
FN:84,byteLength
FN:100,cleanArray
FN:114,param
FN:117,(anonymous_7)
FN:128,param2Obj
FN:135,(anonymous_9)
FN:150,html2Text
FN:162,objectMerge
FN:169,(anonymous_12)
FN:184,toggleClass
FN:204,getTime
FN:218,debounce
FN:221,(anonymous_16)
FN:238,(anonymous_17)
FN:260,deepClone
FN:265,(anonymous_19)
FN:279,uniqueArr
FN:286,createUniqueString
FN:298,hasClass
FN:307,addClass
FN:316,removeClass
FN:323,makeMap
FN:330,(anonymous_26)
FN:331,(anonymous_27)
FN:378,titleCase
FN:379,(anonymous_29)
FN:383,camelCase
FN:384,(anonymous_31)
FN:387,isNumberStr
FNF:33
FNH:0
FNDA:0,formatDate
FNDA:0,formatTime
FNDA:0,getQueryObject
FNDA:0,(anonymous_3)
FNDA:0,byteLength
FNDA:0,cleanArray
FNDA:0,param
FNDA:0,(anonymous_7)
FNDA:0,param2Obj
FNDA:0,(anonymous_9)
FNDA:0,html2Text
FNDA:0,objectMerge
FNDA:0,(anonymous_12)
FNDA:0,toggleClass
FNDA:0,getTime
FNDA:0,debounce
FNDA:0,(anonymous_16)
FNDA:0,(anonymous_17)
FNDA:0,deepClone
FNDA:0,(anonymous_19)
FNDA:0,uniqueArr
FNDA:0,createUniqueString
FNDA:0,hasClass
FNDA:0,addClass
FNDA:0,removeClass
FNDA:0,makeMap
FNDA:0,(anonymous_26)
FNDA:0,(anonymous_27)
FNDA:0,titleCase
FNDA:0,(anonymous_29)
FNDA:0,camelCase
FNDA:0,(anonymous_31)
FNDA:0,isNumberStr
DA:7,0
DA:8,0
DA:9,0
DA:10,0
DA:11,0
DA:12,0
DA:13,0
DA:14,0
DA:15,0
DA:24,0
DA:25,0
DA:27,0
DA:29,0
DA:30,0
DA:32,0
DA:34,0
DA:35,0
DA:36,0
DA:38,0
DA:39,0
DA:40,0
DA:41,0
DA:42,0
DA:44,0
DA:45,0
DA:47,0
DA:66,0
DA:67,0
DA:68,0
DA:69,0
DA:70,0
DA:71,0
DA:72,0
DA:73,0
DA:74,0
DA:75,0
DA:77,0
DA:86,0
DA:87,0
DA:88,0
DA:89,0
DA:90,0
DA:91,0
DA:93,0
DA:101,0
DA:102,0
DA:103,0
DA:104,0
DA:107,0
DA:115,0
DA:116,0
DA:118,0
DA:119,0
DA:129,0
DA:130,0
DA:131,0
DA:133,0
DA:134,0
DA:135,0
DA:136,0
DA:137,0
DA:138,0
DA:139,0
DA:140,0
DA:143,0
DA:151,0
DA:152,0
DA:153,0
DA:163,0
DA:164,0
DA:166,0
DA:167,0
DA:169,0
DA:170,0
DA:171,0
DA:172,0
DA:174,0
DA:177,0
DA:185,0
DA:186,0
DA:188,0
DA:189,0
DA:190,0
DA:191,0
DA:193,0
DA:197,0
DA:205,0
DA:206,0
DA:208,0
DA:221,0
DA:223,0
DA:226,0
DA:227,0
DA:229,0
DA:231,0
DA:232,0
DA:233,0
DA:238,0
DA:239,0
DA:240,0
DA:241,0
DA:243,0
DA:244,0
DA:245,0
DA:246,0
DA:249,0
DA:261,0
DA:262,0
DA:264,0
DA:265,0
DA:266,0
DA:267,0
DA:269,0
DA:272,0
DA:280,0
DA:287,0
DA:288,0
DA:289,0
DA:299,0
DA:308,0
DA:317,0
DA:318,0
DA:319,0
DA:324,0
DA:325,0
DA:326,0
DA:327,0
DA:329,0
DA:330,0
DA:331,0
DA:334,0
DA:336,0
DA:379,0
DA:384,0
DA:388,0
LF:135
LH:0
BRDA:7,0,0,0
BRDA:7,0,1,0
BRDA:7,1,0,0
BRDA:7,1,1,0
BRDA:10,2,0,0
BRDA:10,2,1,0
BRDA:11,3,0,0
BRDA:11,3,1,0
BRDA:12,4,0,0
BRDA:12,4,1,0
BRDA:13,5,0,0
BRDA:13,5,1,0
BRDA:14,6,0,0
BRDA:14,6,1,0
BRDA:24,7,0,0
BRDA:24,7,1,0
BRDA:34,8,0,0
BRDA:34,8,1,0
BRDA:36,9,0,0
BRDA:36,9,1,0
BRDA:39,10,0,0
BRDA:39,10,1,0
BRDA:41,11,0,0
BRDA:41,11,1,0
BRDA:44,12,0,0
BRDA:44,12,1,0
BRDA:66,13,0,0
BRDA:66,13,1,0
BRDA:89,14,0,0
BRDA:89,14,1,0
BRDA:89,15,0,0
BRDA:89,15,1,0
BRDA:90,16,0,0
BRDA:90,16,1,0
BRDA:90,17,0,0
BRDA:90,17,1,0
BRDA:91,18,0,0
BRDA:91,18,1,0
BRDA:91,19,0,0
BRDA:91,19,1,0
BRDA:103,20,0,0
BRDA:103,20,1,0
BRDA:115,21,0,0
BRDA:115,21,1,0
BRDA:118,22,0,0
BRDA:118,22,1,0
BRDA:130,23,0,0
BRDA:130,23,1,0
BRDA:137,24,0,0
BRDA:137,24,1,0
BRDA:153,25,0,0
BRDA:153,25,1,0
BRDA:163,26,0,0
BRDA:163,26,1,0
BRDA:166,27,0,0
BRDA:166,27,1,0
BRDA:171,28,0,0
BRDA:171,28,1,0
BRDA:185,29,0,0
BRDA:185,29,1,0
BRDA:185,30,0,0
BRDA:185,30,1,0
BRDA:190,31,0,0
BRDA:190,31,1,0
BRDA:205,32,0,0
BRDA:205,32,1,0
BRDA:226,33,0,0
BRDA:226,33,1,0
BRDA:226,34,0,0
BRDA:226,34,1,0
BRDA:231,35,0,0
BRDA:231,35,1,0
BRDA:233,36,0,0
BRDA:233,36,1,0
BRDA:241,37,0,0
BRDA:241,37,1,0
BRDA:243,38,0,0
BRDA:243,38,1,0
BRDA:244,39,0,0
BRDA:244,39,1,0
BRDA:261,40,0,0
BRDA:261,40,1,0
BRDA:261,41,0,0
BRDA:261,41,1,0
BRDA:264,42,0,0
BRDA:264,42,1,0
BRDA:266,43,0,0
BRDA:266,43,1,0
BRDA:266,44,0,0
BRDA:266,44,1,0
BRDA:308,45,0,0
BRDA:308,45,1,0
BRDA:317,46,0,0
BRDA:317,46,1,0
BRDA:329,47,0,0
BRDA:329,47,1,0
BRF:96
BRH:0
end_of_record
TN:
SF:src\utils\jsencrypt.js
FN:18,encrypt
FN:25,decrypt
FNF:2
FNH:0
FNDA:0,encrypt
FNDA:0,decrypt
DA:5,0
DA:8,0
DA:19,0
DA:20,0
DA:21,0
DA:26,0
DA:27,0
DA:28,0
LF:8
LH:0
BRF:0
BRH:0
end_of_record
TN:
SF:src\utils\permission.js
FN:8,checkPermi
FN:14,(anonymous_1)
FN:31,checkRole
FN:37,(anonymous_3)
FNF:4
FNH:0
FNDA:0,checkPermi
FNDA:0,(anonymous_1)
FNDA:0,checkRole
FNDA:0,(anonymous_3)
DA:9,0
DA:10,0
DA:11,0
DA:12,0
DA:14,0
DA:15,0
DA:18,0
DA:21,0
DA:22,0
DA:32,0
DA:33,0
DA:34,0
DA:35,0
DA:37,0
DA:38,0
DA:41,0
DA:44,0
DA:45,0
LF:18
LH:0
BRDA:9,0,0,0
BRDA:9,0,1,0
BRDA:9,1,0,0
BRDA:9,1,1,0
BRDA:9,1,2,0
BRDA:10,2,0,0
BRDA:10,2,1,0
BRDA:15,3,0,0
BRDA:15,3,1,0
BRDA:32,4,0,0
BRDA:32,4,1,0
BRDA:32,5,0,0
BRDA:32,5,1,0
BRDA:32,5,2,0
BRDA:33,6,0,0
BRDA:33,6,1,0
BRDA:38,7,0,0
BRDA:38,7,1,0
BRF:18
BRH:0
end_of_record
TN:
SF:src\utils\request.js
FN:24,(anonymous_0)
FN:69,(anonymous_1)
FN:75,(anonymous_2)
FN:87,(anonymous_3)
FN:89,(anonymous_4)
FN:92,(anonymous_5)
FN:110,(anonymous_6)
FN:126,download
FN:129,(anonymous_8)
FN:133,(anonymous_9)
FN:145,(anonymous_10)
FNF:11
FNH:0
FNDA:0,(anonymous_0)
FNDA:0,(anonymous_1)
FNDA:0,(anonymous_2)
FNDA:0,(anonymous_3)
FNDA:0,(anonymous_4)
FNDA:0,(anonymous_5)
FNDA:0,(anonymous_6)
FNDA:0,download
FNDA:0,(anonymous_8)
FNDA:0,(anonymous_9)
FNDA:0,(anonymous_10)
DA:12,0
DA:14,0
DA:16,0
DA:24,0
DA:26,0
DA:28,0
DA:29,0
DA:30,0
DA:33,0
DA:34,0
DA:35,0
DA:36,0
DA:37,0
DA:39,0
DA:40,0
DA:45,0
DA:46,0
DA:47,0
DA:48,0
DA:49,0
DA:51,0
DA:52,0
DA:53,0
DA:55,0
DA:56,0
DA:57,0
DA:58,0
DA:59,0
DA:60,0
DA:61,0
DA:62,0
DA:64,0
DA:68,0
DA:70,0
DA:71,0
DA:75,0
DA:77,0
DA:79,0
DA:81,0
DA:82,0
DA:84,0
DA:85,0
DA:86,0
DA:87,0
DA:88,0
DA:89,0
DA:90,0
DA:93,0
DA:96,0
DA:97,0
DA:98,0
DA:99,0
DA:100,0
DA:101,0
DA:102,0
DA:103,0
DA:104,0
DA:105,0
DA:107,0
DA:111,0
DA:112,0
DA:113,0
DA:114,0
DA:115,0
DA:116,0
DA:117,0
DA:118,0
DA:120,0
DA:121,0
DA:127,0
DA:128,0
DA:129,0
DA:134,0
DA:135,0
DA:136,0
DA:137,0
DA:139,0
DA:140,0
DA:141,0
DA:142,0
DA:144,0
DA:146,0
DA:147,0
DA:148,0
LF:84
LH:0
BRDA:26,0,0,0
BRDA:26,0,1,0
BRDA:28,1,0,0
BRDA:28,1,1,0
BRDA:29,2,0,0
BRDA:29,2,1,0
BRDA:29,3,0,0
BRDA:29,3,1,0
BRDA:33,4,0,0
BRDA:33,4,1,0
BRDA:33,5,0,0
BRDA:33,5,1,0
BRDA:39,6,0,0
BRDA:39,6,1,0
BRDA:39,7,0,0
BRDA:39,7,1,0
BRDA:39,7,2,0
BRDA:42,8,0,0
BRDA:42,8,1,0
BRDA:47,9,0,0
BRDA:47,9,1,0
BRDA:52,10,0,0
BRDA:52,10,1,0
BRDA:52,11,0,0
BRDA:52,11,1,0
BRDA:52,11,2,0
BRDA:59,12,0,0
BRDA:59,12,1,0
BRDA:59,13,0,0
BRDA:59,13,1,0
BRDA:59,13,2,0
BRDA:77,14,0,0
BRDA:77,14,1,0
BRDA:79,15,0,0
BRDA:79,15,1,0
BRDA:79,15,2,0
BRDA:81,16,0,0
BRDA:81,16,1,0
BRDA:81,17,0,0
BRDA:81,17,1,0
BRDA:84,18,0,0
BRDA:84,18,1,0
BRDA:85,19,0,0
BRDA:85,19,1,0
BRDA:97,20,0,0
BRDA:97,20,1,0
BRDA:100,21,0,0
BRDA:100,21,1,0
BRDA:103,22,0,0
BRDA:103,22,1,0
BRDA:113,23,0,0
BRDA:113,23,1,0
BRDA:115,24,0,0
BRDA:115,24,1,0
BRDA:117,25,0,0
BRDA:117,25,1,0
BRDA:135,26,0,0
BRDA:135,26,1,0
BRDA:141,27,0,0
BRDA:141,27,1,0
BRDA:141,27,2,0
BRF:61
BRH:0
end_of_record
TN:
SF:src\utils\ruoyi.js
FN:7,parseTime
FN:35,(anonymous_1)
FN:48,resetForm
FN:55,addDateRange
FN:70,selectDictLabel
FN:75,(anonymous_5)
FN:88,selectDictLabels
FN:98,(anonymous_7)
FN:100,(anonymous_8)
FN:114,sprintf
FN:116,(anonymous_10)
FN:128,parseStrEmpty
FN:136,mergeRecursive
FN:158,handleTree
FN:191,tansParams
FN:214,getNormalPath
FN:226,blobValidate
FNF:17
FNH:0
FNDA:0,parseTime
FNDA:0,(anonymous_1)
FNDA:0,resetForm
FNDA:0,addDateRange
FNDA:0,selectDictLabel
FNDA:0,(anonymous_5)
FNDA:0,selectDictLabels
FNDA:0,(anonymous_7)
FNDA:0,(anonymous_8)
FNDA:0,sprintf
FNDA:0,(anonymous_10)
FNDA:0,parseStrEmpty
FNDA:0,mergeRecursive
FNDA:0,handleTree
FNDA:0,tansParams
FNDA:0,getNormalPath
FNDA:0,blobValidate
DA:8,0
DA:9,0
DA:11,0
DA:13,0
DA:14,0
DA:16,0
DA:17,0
DA:18,0
DA:19,0
DA:21,0
DA:22,0
DA:24,0
DA:26,0
DA:35,0
DA:36,0
DA:38,0
DA:39,0
DA:40,0
DA:42,0
DA:44,0
DA:49,0
DA:50,0
DA:56,0
DA:57,0
DA:58,0
DA:59,0
DA:60,0
DA:61,0
DA:63,0
DA:64,0
DA:66,0
DA:71,0
DA:72,0
DA:74,0
DA:75,0
DA:76,0
DA:77,0
DA:78,0
DA:81,0
DA:82,0
DA:84,0
DA:89,0
DA:90,0
DA:92,0
DA:93,0
DA:95,0
DA:96,0
DA:97,0
DA:98,0
DA:99,0
DA:100,0
DA:101,0
DA:102,0
DA:103,0
DA:106,0
DA:107,0
DA:110,0
DA:115,0
DA:116,0
DA:117,0
DA:118,0
DA:119,0
DA:120,0
DA:122,0
DA:124,0
DA:129,0
DA:130,0
DA:132,0
DA:137,0
DA:138,0
DA:139,0
DA:140,0
DA:142,0
DA:145,0
DA:148,0
DA:159,0
DA:165,0
DA:166,0
DA:167,0
DA:168,0
DA:169,0
DA:170,0
DA:171,0
DA:175,0
DA:176,0
DA:177,0
DA:178,0
DA:179,0
DA:181,0
DA:184,0
DA:192,0
DA:193,0
DA:194,0
DA:195,0
DA:196,0
DA:197,0
DA:198,0
DA:199,0
DA:200,0
DA:201,0
DA:202,0
DA:206,0
DA:210,0
DA:215,0
DA:216,0
DA:218,0
DA:219,0
DA:220,0
DA:222,0
DA:227,0
LF:110
LH:0
BRDA:8,0,0,0
BRDA:8,0,1,0
BRDA:8,1,0,0
BRDA:8,1,1,0
BRDA:11,2,0,0
BRDA:11,2,1,0
BRDA:13,3,0,0
BRDA:13,3,1,0
BRDA:16,4,0,0
BRDA:16,4,1,0
BRDA:16,5,0,0
BRDA:16,5,1,0
BRDA:18,6,0,0
BRDA:18,6,1,0
BRDA:21,7,0,0
BRDA:21,7,1,0
BRDA:21,8,0,0
BRDA:21,8,1,0
BRDA:38,9,0,0
BRDA:38,9,1,0
BRDA:39,10,0,0
BRDA:39,10,1,0
BRDA:39,11,0,0
BRDA:39,11,1,0
BRDA:42,12,0,0
BRDA:42,12,1,0
BRDA:49,13,0,0
BRDA:49,13,1,0
BRDA:57,14,0,0
BRDA:57,14,1,0
BRDA:57,15,0,0
BRDA:57,15,1,0
BRDA:57,15,2,0
BRDA:58,16,0,0
BRDA:58,16,1,0
BRDA:59,17,0,0
BRDA:59,17,1,0
BRDA:71,18,0,0
BRDA:71,18,1,0
BRDA:76,19,0,0
BRDA:76,19,1,0
BRDA:81,20,0,0
BRDA:81,20,1,0
BRDA:89,21,0,0
BRDA:89,21,1,0
BRDA:89,22,0,0
BRDA:89,22,1,0
BRDA:92,23,0,0
BRDA:92,23,1,0
BRDA:96,24,0,0
BRDA:96,24,1,0
BRDA:101,25,0,0
BRDA:101,25,1,0
BRDA:106,26,0,0
BRDA:106,26,1,0
BRDA:118,27,0,0
BRDA:118,27,1,0
BRDA:124,28,0,0
BRDA:124,28,1,0
BRDA:129,29,0,0
BRDA:129,29,1,0
BRDA:129,30,0,0
BRDA:129,30,1,0
BRDA:129,30,2,0
BRDA:139,31,0,0
BRDA:139,31,1,0
BRDA:160,32,0,0
BRDA:160,32,1,0
BRDA:161,33,0,0
BRDA:161,33,1,0
BRDA:162,34,0,0
BRDA:162,34,1,0
BRDA:170,35,0,0
BRDA:170,35,1,0
BRDA:178,36,0,0
BRDA:178,36,1,0
BRDA:196,37,0,0
BRDA:196,37,1,0
BRDA:196,38,0,0
BRDA:196,38,1,0
BRDA:196,38,2,0
BRDA:197,39,0,0
BRDA:197,39,1,0
BRDA:199,40,0,0
BRDA:199,40,1,0
BRDA:199,41,0,0
BRDA:199,41,1,0
BRDA:199,41,2,0
BRDA:215,42,0,0
BRDA:215,42,1,0
BRDA:215,43,0,0
BRDA:215,43,1,0
BRDA:215,43,2,0
BRDA:219,44,0,0
BRDA:219,44,1,0
BRF:95
BRH:0
end_of_record
TN:
SF:src\utils\scroll-to.js
FN:1,(anonymous_0)
FN:11,(anonymous_1)
FN:12,(anonymous_2)
FN:19,move
FN:25,position
FN:34,scrollTo
FN:40,(anonymous_6)
FNF:7
FNH:0
FNDA:0,(anonymous_0)
FNDA:0,(anonymous_1)
FNDA:0,(anonymous_2)
FNDA:0,move
FNDA:0,position
FNDA:0,scrollTo
FNDA:0,(anonymous_6)
DA:1,0
DA:2,0
DA:3,0
DA:4,0
DA:6,0
DA:7,0
DA:11,0
DA:12,0
DA:20,0
DA:21,0
DA:22,0
DA:26,0
DA:35,0
DA:36,0
DA:37,0
DA:38,0
DA:39,0
DA:40,0
DA:42,0
DA:44,0
DA:46,0
DA:48,0
DA:49,0
DA:51,0
DA:53,0
DA:57,0
LF:26
LH:0
BRDA:3,0,0,0
BRDA:3,0,1,0
BRDA:12,1,0,0
BRDA:12,1,1,0
BRDA:12,1,2,0
BRDA:12,1,3,0
BRDA:26,2,0,0
BRDA:26,2,1,0
BRDA:26,2,2,0
BRDA:39,3,0,0
BRDA:39,3,1,0
BRDA:48,4,0,0
BRDA:48,4,1,0
BRDA:51,5,0,0
BRDA:51,5,1,0
BRDA:51,6,0,0
BRDA:51,6,1,0
BRF:17
BRH:0
end_of_record
TN:
SF:src\utils\validate.js
FN:7,isPathMatch
FN:18,isEmpty
FN:30,isHttp
FN:39,isExternal
FN:47,validUsername
FN:56,validURL
FN:65,validLowerCase
FN:74,validUpperCase
FN:83,validAlphabets
FN:92,validEmail
FN:101,isString
FN:109,isArray
FNF:12
FNH:0
FNDA:0,isPathMatch
FNDA:0,isEmpty
FNDA:0,isHttp
FNDA:0,isExternal
FNDA:0,validUsername
FNDA:0,validURL
FNDA:0,validLowerCase
FNDA:0,validUpperCase
FNDA:0,validAlphabets
FNDA:0,validEmail
FNDA:0,isString
FNDA:0,isArray
DA:8,0
DA:9,0
DA:10,0
DA:19,0
DA:20,0
DA:22,0
DA:31,0
DA:40,0
DA:48,0
DA:49,0
DA:57,0
DA:58,0
DA:66,0
DA:67,0
DA:75,0
DA:76,0
DA:84,0
DA:85,0
DA:93,0
DA:94,0
DA:102,0
DA:110,0
DA:111,0
DA:113,0
LF:24
LH:0
BRDA:19,0,0,0
BRDA:19,0,1,0
BRDA:19,1,0,0
BRDA:19,1,1,0
BRDA:19,1,2,0
BRDA:19,1,3,0
BRDA:31,2,0,0
BRDA:31,2,1,0
BRDA:102,3,0,0
BRDA:102,3,1,0
BRDA:110,4,0,0
BRDA:110,4,1,0
BRF:12
BRH:0
end_of_record
TN:
SF:src\utils\dict\Dict.js
FN:17,(anonymous_0)
FN:23,(anonymous_1)
FN:32,(anonymous_2)
FN:33,(anonymous_3)
FN:49,(anonymous_4)
FN:50,(anonymous_5)
FN:64,loadDict
FN:66,(anonymous_7)
FN:72,(anonymous_8)
FN:77,(anonymous_9)
FNF:10
FNH:0
FNDA:0,(anonymous_0)
FNDA:0,(anonymous_1)
FNDA:0,(anonymous_2)
FNDA:0,(anonymous_3)
FNDA:0,(anonymous_4)
FNDA:0,(anonymous_5)
FNDA:0,loadDict
FNDA:0,(anonymous_7)
FNDA:0,(anonymous_8)
FNDA:0,(anonymous_9)
DA:6,0
DA:18,0
DA:19,0
DA:20,0
DA:24,0
DA:25,0
DA:27,0
DA:28,0
DA:29,0
DA:31,0
DA:32,0
DA:33,0
DA:34,0
DA:35,0
DA:36,0
DA:37,0
DA:38,0
DA:40,0
DA:42,0
DA:50,0
DA:51,0
DA:52,0
DA:54,0
DA:65,0
DA:67,0
DA:68,0
DA:69,0
DA:70,0
DA:71,0
DA:72,0
DA:73,0
DA:74,0
DA:76,0
DA:77,0
DA:78,0
DA:80,0
LF:36
LH:0
BRDA:24,0,0,0
BRDA:24,0,1,0
BRDA:28,1,0,0
BRDA:28,1,1,0
BRDA:37,2,0,0
BRDA:37,2,1,0
BRDA:51,3,0,0
BRDA:51,3,1,0
BRDA:69,4,0,0
BRDA:69,4,1,0
BRDA:72,5,0,0
BRDA:72,5,1,0
BRF:12
BRH:0
end_of_record
TN:
SF:src\utils\dict\DictConverter.js
FN:4,(anonymous_0)
FN:15,determineDictField
FN:16,(anonymous_2)
FNF:3
FNH:0
FNDA:0,(anonymous_0)
FNDA:0,determineDictField
FNDA:0,(anonymous_2)
DA:5,0
DA:6,0
DA:7,0
DA:16,0
LF:4
LH:0
BRF:0
BRH:0
end_of_record
TN:
SF:src\utils\dict\DictData.js
FN:8,(anonymous_0)
FNF:1
FNH:0
FNDA:0,(anonymous_0)
DA:9,0
DA:10,0
DA:11,0
LF:3
LH:0
BRF:0
BRH:0
end_of_record
TN:
SF:src\utils\dict\DictMeta.js
FN:12,(anonymous_0)
FN:28,(anonymous_1)
FNF:2
FNH:0
FNDA:0,(anonymous_0)
FNDA:0,(anonymous_1)
DA:13,0
DA:14,0
DA:15,0
DA:16,0
DA:17,0
DA:18,0
DA:28,0
DA:29,0
DA:30,0
DA:31,0
DA:32,0
DA:33,0
DA:34,0
DA:36,0
DA:37,0
LF:15
LH:0
BRDA:30,0,0,0
BRDA:30,0,1,0
BRDA:31,1,0,0
BRDA:31,1,1,0
BRDA:33,2,0,0
BRDA:33,2,1,0
BRF:6
BRH:0
end_of_record
TN:
SF:src\utils\dict\DictOptions.js
FN:10,(anonymous_0)
FN:38,responseConverter
FN:44,(anonymous_2)
FN:47,mergeOptions
FNF:4
FNH:0
FNDA:0,(anonymous_0)
FNDA:0,responseConverter
FNDA:0,(anonymous_2)
FNDA:0,mergeOptions
DA:4,0
DA:11,0
DA:12,0
DA:39,0
DA:40,0
DA:41,0
DA:42,0
DA:44,0
DA:48,0
LF:9
LH:0
BRDA:39,0,0,0
BRDA:39,0,1,0
BRDA:40,1,0,0
BRDA:40,1,1,0
BRF:4
BRH:0
end_of_record
TN:
SF:src\utils\dict\index.js
FN:4,(anonymous_0)
FN:7,(anonymous_1)
FN:17,(anonymous_2)
FN:22,(anonymous_3)
FN:24,(anonymous_4)
FNF:5
FNH:0
FNDA:0,(anonymous_0)
FNDA:0,(anonymous_1)
FNDA:0,(anonymous_2)
FNDA:0,(anonymous_3)
FNDA:0,(anonymous_4)
DA:5,0
DA:6,0
DA:8,0
DA:9,0
DA:11,0
DA:12,0
DA:13,0
DA:18,0
DA:19,0
DA:21,0
DA:22,0
DA:23,0
DA:24,0
DA:25,0
DA:26,0
DA:27,0
LF:16
LH:0
BRDA:8,0,0,0
BRDA:8,0,1,0
BRDA:8,1,0,0
BRDA:8,1,1,0
BRDA:8,1,2,0
BRDA:18,2,0,0
BRDA:18,2,1,0
BRDA:21,3,0,0
BRDA:21,3,1,0
BRDA:23,4,0,0
BRDA:23,4,1,0
BRDA:26,5,0,0
BRDA:26,5,1,0
BRDA:26,6,0,0
BRDA:26,6,1,0
BRF:15
BRH:0
end_of_record
TN:
SF:src\utils\generator\config.js
FNF:0
FNH:0
DA:1,0
DA:14,0
DA:107,0
DA:398,0
DA:428,0
LF:5
LH:0
BRF:0
BRH:0
end_of_record
TN:
SF:src\utils\generator\css.js
FN:6,addCss
FN:10,(anonymous_1)
FN:14,makeUpCss
FN:16,(anonymous_3)
FNF:4
FNH:0
FNDA:0,addCss
FNDA:0,(anonymous_1)
FNDA:0,makeUpCss
FNDA:0,(anonymous_3)
DA:1,0
DA:7,0
DA:8,0
DA:9,0
DA:10,0
DA:15,0
DA:16,0
DA:17,0
LF:8
LH:0
BRDA:8,0,0,0
BRDA:8,0,1,0
BRDA:8,0,2,0
BRDA:9,1,0,0
BRDA:9,1,1,0
BRF:5
BRH:0
end_of_record
TN:
SF:src\utils\generator\drawingDefault.js
FNF:0
FNH:0
LF:0
LH:0
BRF:0
BRH:0
end_of_record
TN:
SF:src\utils\generator\html.js
FN:6,dialogWrapper
FN:16,vueTemplate
FN:24,vueScript
FN:30,cssStyle
FN:36,buildFormTemplate
FN:54,buildFromBtns
FN:71,colWrapper
FN:81,(anonymous_7)
FN:94,(anonymous_8)
FN:99,(anonymous_9)
FN:109,(anonymous_10)
FN:121,(anonymous_11)
FN:140,(anonymous_12)
FN:151,(anonymous_13)
FN:162,(anonymous_14)
FN:170,(anonymous_15)
FN:180,(anonymous_16)
FN:191,(anonymous_17)
FN:203,(anonymous_18)
FN:213,(anonymous_19)
FN:227,(anonymous_20)
FN:241,(anonymous_21)
FN:250,(anonymous_22)
FN:258,(anonymous_23)
FN:276,attrBuilder
FN:287,buildElButtonChild
FN:296,buildElInputChild
FN:307,buildElSelectChild
FN:315,buildElRadioGroupChild
FN:325,buildElCheckboxGroupChild
FN:335,buildElUploadChild
FN:343,makeUpHtml
FN:346,(anonymous_32)
FN:347,(anonymous_33)
FNF:34
FNH:0
FNDA:0,dialogWrapper
FNDA:0,vueTemplate
FNDA:0,vueScript
FNDA:0,cssStyle
FNDA:0,buildFormTemplate
FNDA:0,buildFromBtns
FNDA:0,colWrapper
FNDA:0,(anonymous_7)
FNDA:0,(anonymous_8)
FNDA:0,(anonymous_9)
FNDA:0,(anonymous_10)
FNDA:0,(anonymous_11)
FNDA:0,(anonymous_12)
FNDA:0,(anonymous_13)
FNDA:0,(anonymous_14)
FNDA:0,(anonymous_15)
FNDA:0,(anonymous_16)
FNDA:0,(anonymous_17)
FNDA:0,(anonymous_18)
FNDA:0,(anonymous_19)
FNDA:0,(anonymous_20)
FNDA:0,(anonymous_21)
FNDA:0,(anonymous_22)
FNDA:0,(anonymous_23)
FNDA:0,attrBuilder
FNDA:0,buildElButtonChild
FNDA:0,buildElInputChild
FNDA:0,buildElSelectChild
FNDA:0,buildElRadioGroupChild
FNDA:0,buildElCheckboxGroupChild
FNDA:0,buildElUploadChild
FNDA:0,makeUpHtml
FNDA:0,(anonymous_32)
FNDA:0,(anonymous_33)
DA:7,0
DA:17,0
DA:25,0
DA:31,0
DA:37,0
DA:38,0
DA:39,0
DA:41,0
DA:42,0
DA:46,0
DA:47,0
DA:51,0
DA:55,0
DA:56,0
DA:57,0
DA:61,0
DA:62,0
DA:67,0
DA:72,0
DA:73,0
DA:77,0
DA:80,0
DA:82,0
DA:83,0
DA:84,0
DA:86,0
DA:87,0
DA:88,0
DA:91,0
DA:92,0
DA:95,0
DA:96,0
DA:97,0
DA:98,0
DA:99,0
DA:100,0
DA:103,0
DA:104,0
DA:108,0
DA:112,0
DA:113,0
DA:114,0
DA:115,0
DA:116,0
DA:118,0
DA:119,0
DA:124,0
DA:125,0
DA:126,0
DA:127,0
DA:128,0
DA:129,0
DA:130,0
DA:131,0
DA:132,0
DA:135,0
DA:137,0
DA:138,0
DA:141,0
DA:142,0
DA:143,0
DA:144,0
DA:145,0
DA:146,0
DA:147,0
DA:149,0
DA:154,0
DA:155,0
DA:156,0
DA:157,0
DA:159,0
DA:160,0
DA:163,0
DA:164,0
DA:165,0
DA:167,0
DA:168,0
DA:171,0
DA:172,0
DA:173,0
DA:174,0
DA:175,0
DA:177,0
DA:178,0
DA:181,0
DA:182,0
DA:183,0
DA:184,0
DA:185,0
DA:186,0
DA:187,0
DA:189,0
DA:194,0
DA:195,0
DA:196,0
DA:197,0
DA:198,0
DA:199,0
DA:201,0
DA:204,0
DA:205,0
DA:206,0
DA:207,0
DA:208,0
DA:209,0
DA:211,0
DA:216,0
DA:217,0
DA:218,0
DA:219,0
DA:220,0
DA:221,0
DA:222,0
DA:223,0
DA:225,0
DA:230,0
DA:231,0
DA:232,0
DA:233,0
DA:234,0
DA:235,0
DA:236,0
DA:237,0
DA:239,0
DA:242,0
DA:243,0
DA:244,0
DA:245,0
DA:246,0
DA:248,0
DA:251,0
DA:252,0
DA:253,0
DA:254,0
DA:256,0
DA:259,0
DA:260,0
DA:261,0
DA:262,0
DA:263,0
DA:264,0
DA:265,0
DA:266,0
DA:267,0
DA:268,0
DA:269,0
DA:271,0
DA:272,0
DA:277,0
DA:288,0
DA:289,0
DA:290,0
DA:292,0
DA:297,0
DA:298,0
DA:299,0
DA:301,0
DA:302,0
DA:304,0
DA:308,0
DA:309,0
DA:310,0
DA:312,0
DA:316,0
DA:317,0
DA:318,0
DA:319,0
DA:320,0
DA:322,0
DA:326,0
DA:327,0
DA:328,0
DA:329,0
DA:330,0
DA:332,0
DA:336,0
DA:337,0
DA:338,0
DA:339,0
DA:340,0
DA:344,0
DA:345,0
DA:346,0
DA:347,0
DA:348,0
DA:350,0
DA:352,0
DA:353,0
DA:354,0
DA:356,0
DA:357,0
LF:191
LH:0
BRDA:38,0,0,0
BRDA:38,0,1,0
BRDA:41,1,0,0
BRDA:41,1,1,0
BRDA:46,2,0,0
BRDA:46,2,1,0
BRDA:56,3,0,0
BRDA:56,3,1,0
BRDA:56,4,0,0
BRDA:56,4,1,0
BRDA:61,5,0,0
BRDA:61,5,1,0
BRDA:72,6,0,0
BRDA:72,6,1,0
BRDA:72,7,0,0
BRDA:72,7,1,0
BRDA:83,8,0,0
BRDA:83,8,1,0
BRDA:83,9,0,0
BRDA:83,9,1,0
BRDA:86,10,0,0
BRDA:86,10,1,0
BRDA:86,11,0,0
BRDA:86,11,1,0
BRDA:87,12,0,0
BRDA:87,12,1,0
BRDA:95,13,0,0
BRDA:95,13,1,0
BRDA:96,14,0,0
BRDA:96,14,1,0
BRDA:97,15,0,0
BRDA:97,15,1,0
BRDA:98,16,0,0
BRDA:98,16,1,0
BRDA:113,17,0,0
BRDA:113,17,1,0
BRDA:114,18,0,0
BRDA:114,18,1,0
BRDA:115,19,0,0
BRDA:115,19,1,0
BRDA:118,20,0,0
BRDA:118,20,1,0
BRDA:125,21,0,0
BRDA:125,21,1,0
BRDA:126,22,0,0
BRDA:126,22,1,0
BRDA:127,23,0,0
BRDA:127,23,1,0
BRDA:128,24,0,0
BRDA:128,24,1,0
BRDA:129,25,0,0
BRDA:129,25,1,0
BRDA:130,26,0,0
BRDA:130,26,1,0
BRDA:131,27,0,0
BRDA:131,27,1,0
BRDA:132,28,0,0
BRDA:132,28,1,0
BRDA:132,29,0,0
BRDA:132,29,1,0
BRDA:137,30,0,0
BRDA:137,30,1,0
BRDA:142,31,0,0
BRDA:142,31,1,0
BRDA:143,32,0,0
BRDA:143,32,1,0
BRDA:144,33,0,0
BRDA:144,33,1,0
BRDA:145,34,0,0
BRDA:145,34,1,0
BRDA:146,35,0,0
BRDA:146,35,1,0
BRDA:147,36,0,0
BRDA:147,36,1,0
BRDA:155,37,0,0
BRDA:155,37,1,0
BRDA:156,38,0,0
BRDA:156,38,1,0
BRDA:159,39,0,0
BRDA:159,39,1,0
BRDA:167,40,0,0
BRDA:167,40,1,0
BRDA:173,41,0,0
BRDA:173,41,1,0
BRDA:174,42,0,0
BRDA:174,42,1,0
BRDA:177,43,0,0
BRDA:177,43,1,0
BRDA:182,44,0,0
BRDA:182,44,1,0
BRDA:183,45,0,0
BRDA:183,45,1,0
BRDA:184,46,0,0
BRDA:184,46,1,0
BRDA:185,47,0,0
BRDA:185,47,1,0
BRDA:186,48,0,0
BRDA:186,48,1,0
BRDA:187,49,0,0
BRDA:187,49,1,0
BRDA:195,50,0,0
BRDA:195,50,1,0
BRDA:196,51,0,0
BRDA:196,51,1,0
BRDA:197,52,0,0
BRDA:197,52,1,0
BRDA:198,53,0,0
BRDA:198,53,1,0
BRDA:199,54,0,0
BRDA:199,54,1,0
BRDA:205,55,0,0
BRDA:205,55,1,0
BRDA:206,56,0,0
BRDA:206,56,1,0
BRDA:207,57,0,0
BRDA:207,57,1,0
BRDA:208,58,0,0
BRDA:208,58,1,0
BRDA:209,59,0,0
BRDA:209,59,1,0
BRDA:217,60,0,0
BRDA:217,60,1,0
BRDA:218,61,0,0
BRDA:218,61,1,0
BRDA:219,62,0,0
BRDA:219,62,1,0
BRDA:220,63,0,0
BRDA:220,63,1,0
BRDA:221,64,0,0
BRDA:221,64,1,0
BRDA:222,65,0,0
BRDA:222,65,1,0
BRDA:223,66,0,0
BRDA:223,66,1,0
BRDA:231,67,0,0
BRDA:231,67,1,0
BRDA:232,68,0,0
BRDA:232,68,1,0
BRDA:233,69,0,0
BRDA:233,69,1,0
BRDA:234,70,0,0
BRDA:234,70,1,0
BRDA:235,71,0,0
BRDA:235,71,1,0
BRDA:236,72,0,0
BRDA:236,72,1,0
BRDA:237,73,0,0
BRDA:237,73,1,0
BRDA:243,74,0,0
BRDA:243,74,1,0
BRDA:244,75,0,0
BRDA:244,75,1,0
BRDA:245,76,0,0
BRDA:245,76,1,0
BRDA:246,77,0,0
BRDA:246,77,1,0
BRDA:253,78,0,0
BRDA:253,78,1,0
BRDA:254,79,0,0
BRDA:254,79,1,0
BRDA:259,80,0,0
BRDA:259,80,1,0
BRDA:260,81,0,0
BRDA:260,81,1,0
BRDA:261,82,0,0
BRDA:261,82,1,0
BRDA:262,83,0,0
BRDA:262,83,1,0
BRDA:263,84,0,0
BRDA:263,84,1,0
BRDA:264,85,0,0
BRDA:264,85,1,0
BRDA:265,86,0,0
BRDA:265,86,1,0
BRDA:271,87,0,0
BRDA:271,87,1,0
BRDA:279,88,0,0
BRDA:279,88,1,0
BRDA:280,89,0,0
BRDA:280,89,1,0
BRDA:281,90,0,0
BRDA:281,90,1,0
BRDA:281,91,0,0
BRDA:281,91,1,0
BRDA:282,92,0,0
BRDA:282,92,1,0
BRDA:289,93,0,0
BRDA:289,93,1,0
BRDA:298,94,0,0
BRDA:298,94,1,0
BRDA:301,95,0,0
BRDA:301,95,1,0
BRDA:309,96,0,0
BRDA:309,96,1,0
BRDA:309,97,0,0
BRDA:309,97,1,0
BRDA:317,98,0,0
BRDA:317,98,1,0
BRDA:317,99,0,0
BRDA:317,99,1,0
BRDA:318,100,0,0
BRDA:318,100,1,0
BRDA:319,101,0,0
BRDA:319,101,1,0
BRDA:327,102,0,0
BRDA:327,102,1,0
BRDA:327,103,0,0
BRDA:327,103,1,0
BRDA:328,104,0,0
BRDA:328,104,1,0
BRDA:329,105,0,0
BRDA:329,105,1,0
BRDA:337,106,0,0
BRDA:337,106,1,0
BRDA:339,107,0,0
BRDA:339,107,1,0
BRDA:353,108,0,0
BRDA:353,108,1,0
BRF:218
BRH:0
end_of_record
TN:
SF:src\utils\generator\js.js
FN:16,makeUpJs
FN:25,(anonymous_1)
FN:43,buildAttributes
FN:72,(anonymous_3)
FN:78,mixinMethod
FN:111,(anonymous_5)
FN:119,buildData
FN:130,buildRules
FN:141,(anonymous_8)
FN:151,buildOptions
FN:158,buildProps
FN:168,buildBeforeUpload
FN:193,buildSubmitUpload
FN:200,buildOptionMethod
FN:208,buildexport
FNF:15
FNH:0
FNDA:0,makeUpJs
FNDA:0,(anonymous_1)
FNDA:0,buildAttributes
FNDA:0,(anonymous_3)
FNDA:0,mixinMethod
FNDA:0,(anonymous_5)
FNDA:0,buildData
FNDA:0,buildRules
FNDA:0,(anonymous_8)
FNDA:0,buildOptions
FNDA:0,buildProps
FNDA:0,buildBeforeUpload
FNDA:0,buildSubmitUpload
FNDA:0,buildOptionMethod
FNDA:0,buildexport
DA:4,0
DA:10,0
DA:17,0
DA:18,0
DA:19,0
DA:20,0
DA:21,0
DA:22,0
DA:23,0
DA:25,0
DA:26,0
DA:29,0
DA:39,0
DA:40,0
DA:44,0
DA:45,0
DA:47,0
DA:48,0
DA:49,0
DA:50,0
DA:51,0
DA:52,0
DA:56,0
DA:57,0
DA:60,0
DA:61,0
DA:65,0
DA:66,0
DA:67,0
DA:71,0
DA:72,0
DA:73,0
DA:79,0
DA:80,0
DA:109,0
DA:110,0
DA:111,0
DA:112,0
DA:116,0
DA:120,0
DA:122,0
DA:123,0
DA:125,0
DA:127,0
DA:131,0
DA:132,0
DA:133,0
DA:134,0
DA:135,0
DA:136,0
DA:137,0
DA:138,0
DA:140,0
DA:141,0
DA:142,0
DA:143,0
DA:147,0
DA:152,0
DA:153,0
DA:154,0
DA:155,0
DA:159,0
DA:160,0
DA:161,0
DA:162,0
DA:164,0
DA:165,0
DA:169,0
DA:170,0
DA:171,0
DA:172,0
DA:176,0
DA:178,0
DA:179,0
DA:183,0
DA:185,0
DA:190,0
DA:194,0
DA:197,0
DA:201,0
DA:205,0
DA:209,0
DA:234,0
LF:83
LH:0
BRDA:47,0,0,0
BRDA:47,0,1,0
BRDA:47,1,0,0
BRDA:47,1,1,0
BRDA:49,2,0,0
BRDA:49,2,1,0
BRDA:56,3,0,0
BRDA:56,3,1,0
BRDA:56,4,0,0
BRDA:56,4,1,0
BRDA:60,5,0,0
BRDA:60,5,1,0
BRDA:60,6,0,0
BRDA:60,6,1,0
BRDA:66,7,0,0
BRDA:66,7,1,0
BRDA:71,8,0,0
BRDA:71,8,1,0
BRDA:81,9,0,0
BRDA:81,9,1,0
BRDA:110,10,0,0
BRDA:110,10,1,0
BRDA:120,11,0,0
BRDA:120,11,1,0
BRDA:122,12,0,0
BRDA:122,12,1,0
BRDA:122,13,0,0
BRDA:122,13,1,0
BRDA:131,14,0,0
BRDA:131,14,1,0
BRDA:133,15,0,0
BRDA:133,15,1,0
BRDA:134,16,0,0
BRDA:134,16,1,0
BRDA:135,17,0,0
BRDA:135,17,1,0
BRDA:136,18,0,0
BRDA:136,18,1,0
BRDA:137,19,0,0
BRDA:137,19,1,0
BRDA:140,20,0,0
BRDA:140,20,1,0
BRDA:140,21,0,0
BRDA:140,21,1,0
BRDA:142,22,0,0
BRDA:142,22,1,0
BRDA:152,23,0,0
BRDA:152,23,1,0
BRDA:153,24,0,0
BRDA:153,24,1,0
BRDA:159,25,0,0
BRDA:159,25,1,0
BRDA:160,26,0,0
BRDA:160,26,1,0
BRDA:161,27,0,0
BRDA:161,27,1,0
BRDA:162,28,0,0
BRDA:162,28,1,0
BRDA:171,29,0,0
BRDA:171,29,1,0
BRDA:178,30,0,0
BRDA:178,30,1,0
BRDA:190,31,0,0
BRDA:190,31,1,0
BRF:64
BRH:0
end_of_record
TN:
SF:src\utils\generator\render.js
FN:20,vModel
FN:23,(anonymous_1)
FN:30,(anonymous_2)
FN:35,(anonymous_3)
FN:38,(anonymous_4)
FN:43,(anonymous_5)
FN:45,(anonymous_6)
FN:52,(anonymous_7)
FN:54,(anonymous_8)
FN:62,(anonymous_9)
FN:64,(anonymous_10)
FN:75,(anonymous_11)
FN:91,(anonymous_12)
FN:103,(anonymous_13)
FN:111,(anonymous_14)
FNF:15
FNH:0
FNDA:0,vModel
FNDA:0,(anonymous_1)
FNDA:0,(anonymous_2)
FNDA:0,(anonymous_3)
FNDA:0,(anonymous_4)
FNDA:0,(anonymous_5)
FNDA:0,(anonymous_6)
FNDA:0,(anonymous_7)
FNDA:0,(anonymous_8)
FNDA:0,(anonymous_9)
FNDA:0,(anonymous_10)
FNDA:0,(anonymous_11)
FNDA:0,(anonymous_12)
FNDA:0,(anonymous_13)
FNDA:0,(anonymous_14)
DA:4,0
DA:21,0
DA:23,0
DA:24,0
DA:28,0
DA:31,0
DA:36,0
DA:39,0
DA:44,0
DA:45,0
DA:46,0
DA:48,0
DA:53,0
DA:54,0
DA:55,0
DA:56,0
DA:58,0
DA:63,0
DA:64,0
DA:65,0
DA:66,0
DA:68,0
DA:71,0
DA:76,0
DA:77,0
DA:78,0
DA:80,0
DA:82,0
DA:83,0
DA:85,0
DA:92,0
DA:98,0
DA:99,0
DA:101,0
DA:102,0
DA:103,0
DA:104,0
DA:105,0
DA:106,0
DA:111,0
DA:112,0
DA:113,0
DA:114,0
DA:115,0
DA:116,0
DA:117,0
DA:118,0
DA:120,0
DA:123,0
LF:49
LH:0
BRDA:55,0,0,0
BRDA:55,0,1,0
BRDA:65,1,0,0
BRDA:65,1,1,0
BRDA:77,2,0,0
BRDA:77,2,1,0
BRDA:82,3,0,0
BRDA:82,3,1,0
BRDA:102,4,0,0
BRDA:102,4,1,0
BRDA:105,5,0,0
BRDA:105,5,1,0
BRDA:113,6,0,0
BRDA:113,6,1,0
BRDA:115,7,0,0
BRDA:115,7,1,0
BRDA:117,8,0,0
BRDA:117,8,1,0
BRF:18
BRH:0
end_of_record
TN:
SF:src\views\dashboard\mixins\resize.js
FN:4,(anonymous_0)
FN:10,(anonymous_1)
FN:13,(anonymous_2)
FN:22,(anonymous_3)
FN:25,(anonymous_4)
FN:31,(anonymous_5)
FN:36,(anonymous_6)
FN:37,(anonymous_7)
FN:45,(anonymous_8)
FN:51,(anonymous_9)
FNF:10
FNH:0
FNDA:0,(anonymous_0)
FNDA:0,(anonymous_1)
FNDA:0,(anonymous_2)
FNDA:0,(anonymous_3)
FNDA:0,(anonymous_4)
FNDA:0,(anonymous_5)
FNDA:0,(anonymous_6)
FNDA:0,(anonymous_7)
FNDA:0,(anonymous_8)
FNDA:0,(anonymous_9)
DA:5,0
DA:11,0
DA:14,0
DA:16,0
DA:20,0
DA:23,0
DA:26,0
DA:32,0
DA:33,0
DA:37,0
DA:38,0
DA:40,0
DA:42,0
DA:43,0
DA:46,0
DA:47,0
DA:49,0
DA:52,0
DA:53,0
LF:19
LH:0
BRDA:14,0,0,0
BRDA:14,0,1,0
BRDA:32,1,0,0
BRDA:32,1,1,0
BRDA:43,2,0,0
BRDA:43,2,1,0
BRDA:49,3,0,0
BRDA:49,3,1,0
BRDA:53,4,0,0
BRDA:53,4,1,0
BRF:10
BRH:0
end_of_record
